[2024-09-19 16:32:01,212] {taskinstance.py:1179} INFO - Dependencies all met for <TaskInstance: fetch_process_save_weather_data_with_github.convert_temperature manual__2024-09-19T16:31:17.623799+00:00 [queued]>
[2024-09-19 16:32:01,214] {taskinstance.py:1179} INFO - Dependencies all met for <TaskInstance: fetch_process_save_weather_data_with_github.convert_temperature manual__2024-09-19T16:31:17.623799+00:00 [queued]>
[2024-09-19 16:32:01,214] {taskinstance.py:1376} INFO - 
--------------------------------------------------------------------------------
[2024-09-19 16:32:01,214] {taskinstance.py:1377} INFO - Starting attempt 1 of 2
[2024-09-19 16:32:01,214] {taskinstance.py:1378} INFO - 
--------------------------------------------------------------------------------
[2024-09-19 16:32:01,218] {taskinstance.py:1397} INFO - Executing <Task(PythonOperator): convert_temperature> on 2024-09-19 16:31:17.623799+00:00
[2024-09-19 16:32:01,220] {standard_task_runner.py:52} INFO - Started process 57878 to run task
[2024-09-19 16:32:01,223] {standard_task_runner.py:79} INFO - Running: ['airflow', 'tasks', 'run', 'fetch_process_save_weather_data_with_github', 'convert_temperature', 'manual__2024-09-19T16:31:17.623799+00:00', '--job-id', '6', '--raw', '--subdir', 'DAGS_FOLDER/part3.py', '--cfg-path', '/var/folders/ks/w6y0t6b552bdg88w8kq5g_xc0000gn/T/tmpe07k8cny', '--error-file', '/var/folders/ks/w6y0t6b552bdg88w8kq5g_xc0000gn/T/tmp5twrkziw']
[2024-09-19 16:32:01,223] {standard_task_runner.py:80} INFO - Job 6: Subtask convert_temperature
[2024-09-19 16:32:06,238] {task_command.py:371} INFO - Running <TaskInstance: fetch_process_save_weather_data_with_github.convert_temperature manual__2024-09-19T16:31:17.623799+00:00 [running]> on host MBPdeCharmaine
[2024-09-19 16:32:11,257] {taskinstance.py:1589} INFO - Exporting the following env vars:
AIRFLOW_CTX_DAG_OWNER=airflow
AIRFLOW_CTX_DAG_ID=fetch_process_save_weather_data_with_github
AIRFLOW_CTX_TASK_ID=convert_temperature
AIRFLOW_CTX_EXECUTION_DATE=2024-09-19T16:31:17.623799+00:00
AIRFLOW_CTX_TRY_NUMBER=1
AIRFLOW_CTX_DAG_RUN_ID=manual__2024-09-19T16:31:17.623799+00:00
[2024-09-19 16:32:11,259] {part3.py:47} INFO - Converted temperature to Fahrenheit: 81.68
[2024-09-19 16:32:11,261] {python.py:173} INFO - Done. Returned value was: None
[2024-09-19 16:32:11,263] {taskinstance.py:1415} INFO - Marking task as SUCCESS. dag_id=fetch_process_save_weather_data_with_github, task_id=convert_temperature, execution_date=20240919T163117, start_date=20240919T163201, end_date=20240919T163211
[2024-09-19 16:32:11,267] {local_task_job.py:156} INFO - Task exited with return code 0
[2024-09-19 16:32:11,272] {local_task_job.py:273} INFO - 1 downstream tasks scheduled from follow-on schedule check
