[2024-09-19 16:55:17,018] {taskinstance.py:1179} INFO - Dependencies all met for <TaskInstance: task1_dag.print_time manual__2024-09-19T16:49:34.002986+00:00 [queued]>
[2024-09-19 16:55:17,023] {taskinstance.py:1179} INFO - Dependencies all met for <TaskInstance: task1_dag.print_time manual__2024-09-19T16:49:34.002986+00:00 [queued]>
[2024-09-19 16:55:17,023] {taskinstance.py:1376} INFO - 
--------------------------------------------------------------------------------
[2024-09-19 16:55:17,023] {taskinstance.py:1377} INFO - Starting attempt 1 of 2
[2024-09-19 16:55:17,023] {taskinstance.py:1378} INFO - 
--------------------------------------------------------------------------------
[2024-09-19 16:55:17,028] {taskinstance.py:1397} INFO - Executing <Task(PythonOperator): print_time> on 2024-09-19 16:49:34.002986+00:00
[2024-09-19 16:55:17,035] {standard_task_runner.py:52} INFO - Started process 61527 to run task
[2024-09-19 16:55:17,039] {standard_task_runner.py:79} INFO - Running: ['airflow', 'tasks', 'run', 'task1_dag', 'print_time', 'manual__2024-09-19T16:49:34.002986+00:00', '--job-id', '25', '--raw', '--subdir', 'DAGS_FOLDER/task1.py', '--cfg-path', '/var/folders/ks/w6y0t6b552bdg88w8kq5g_xc0000gn/T/tmpkbprs0q7', '--error-file', '/var/folders/ks/w6y0t6b552bdg88w8kq5g_xc0000gn/T/tmp18hrrbuh']
[2024-09-19 16:55:17,040] {standard_task_runner.py:80} INFO - Job 25: Subtask print_time
[2024-09-19 16:55:22,061] {task_command.py:371} INFO - Running <TaskInstance: task1_dag.print_time manual__2024-09-19T16:49:34.002986+00:00 [running]> on host MBPdeCharmaine
[2024-09-19 16:55:27,079] {taskinstance.py:1589} INFO - Exporting the following env vars:
AIRFLOW_CTX_DAG_OWNER=airflow
AIRFLOW_CTX_DAG_ID=task1_dag
AIRFLOW_CTX_TASK_ID=print_time
AIRFLOW_CTX_EXECUTION_DATE=2024-09-19T16:49:34.002986+00:00
AIRFLOW_CTX_TRY_NUMBER=1
AIRFLOW_CTX_DAG_RUN_ID=manual__2024-09-19T16:49:34.002986+00:00
[2024-09-19 16:55:27,080] {logging_mixin.py:115} INFO - Current date and time: 2024-09-19 16:55:27.080181
[2024-09-19 16:55:27,080] {python.py:173} INFO - Done. Returned value was: None
[2024-09-19 16:55:27,082] {taskinstance.py:1415} INFO - Marking task as SUCCESS. dag_id=task1_dag, task_id=print_time, execution_date=20240919T164934, start_date=20240919T165517, end_date=20240919T165527
[2024-09-19 16:55:27,089] {local_task_job.py:156} INFO - Task exited with return code 0
[2024-09-19 16:55:27,093] {local_task_job.py:273} INFO - 0 downstream tasks scheduled from follow-on schedule check
