[2024-09-19 17:00:54,905] {taskinstance.py:1179} INFO - Dependencies all met for <TaskInstance: simple_dag_every_5_minutes.start_dag scheduled__2024-09-19T16:55:00+00:00 [queued]>
[2024-09-19 17:00:54,907] {taskinstance.py:1179} INFO - Dependencies all met for <TaskInstance: simple_dag_every_5_minutes.start_dag scheduled__2024-09-19T16:55:00+00:00 [queued]>
[2024-09-19 17:00:54,907] {taskinstance.py:1376} INFO - 
--------------------------------------------------------------------------------
[2024-09-19 17:00:54,907] {taskinstance.py:1377} INFO - Starting attempt 1 of 2
[2024-09-19 17:00:54,907] {taskinstance.py:1378} INFO - 
--------------------------------------------------------------------------------
[2024-09-19 17:00:54,911] {taskinstance.py:1397} INFO - Executing <Task(PythonOperator): start_dag> on 2024-09-19 16:55:00+00:00
[2024-09-19 17:00:54,914] {standard_task_runner.py:52} INFO - Started process 62310 to run task
[2024-09-19 17:00:54,916] {standard_task_runner.py:79} INFO - Running: ['airflow', 'tasks', 'run', 'simple_dag_every_5_minutes', 'start_dag', 'scheduled__2024-09-19T16:55:00+00:00', '--job-id', '38', '--raw', '--subdir', 'DAGS_FOLDER/task3.py', '--cfg-path', '/var/folders/ks/w6y0t6b552bdg88w8kq5g_xc0000gn/T/tmprnfl29nb', '--error-file', '/var/folders/ks/w6y0t6b552bdg88w8kq5g_xc0000gn/T/tmpvl4zytzd']
[2024-09-19 17:00:54,917] {standard_task_runner.py:80} INFO - Job 38: Subtask start_dag
[2024-09-19 17:00:59,934] {task_command.py:371} INFO - Running <TaskInstance: simple_dag_every_5_minutes.start_dag scheduled__2024-09-19T16:55:00+00:00 [running]> on host MBPdeCharmaine
[2024-09-19 17:01:04,953] {taskinstance.py:1589} INFO - Exporting the following env vars:
AIRFLOW_CTX_DAG_OWNER=airflow
AIRFLOW_CTX_DAG_ID=simple_dag_every_5_minutes
AIRFLOW_CTX_TASK_ID=start_dag
AIRFLOW_CTX_EXECUTION_DATE=2024-09-19T16:55:00+00:00
AIRFLOW_CTX_TRY_NUMBER=1
AIRFLOW_CTX_DAG_RUN_ID=scheduled__2024-09-19T16:55:00+00:00
[2024-09-19 17:01:04,953] {logging_mixin.py:115} INFO - Starting Airflow DAG
[2024-09-19 17:01:04,953] {python.py:173} INFO - Done. Returned value was: None
[2024-09-19 17:01:04,956] {taskinstance.py:1415} INFO - Marking task as SUCCESS. dag_id=simple_dag_every_5_minutes, task_id=start_dag, execution_date=20240919T165500, start_date=20240919T170054, end_date=20240919T170104
[2024-09-19 17:01:04,962] {local_task_job.py:156} INFO - Task exited with return code 0
[2024-09-19 17:01:04,968] {local_task_job.py:273} INFO - 1 downstream tasks scheduled from follow-on schedule check
