[2024-09-19 16:46:46,453] {taskinstance.py:1179} INFO - Dependencies all met for <TaskInstance: fetch_process_save_weather_data_with_github.convert_temperature manual__2024-09-19T16:46:03.186148+00:00 [queued]>
[2024-09-19 16:46:46,455] {taskinstance.py:1179} INFO - Dependencies all met for <TaskInstance: fetch_process_save_weather_data_with_github.convert_temperature manual__2024-09-19T16:46:03.186148+00:00 [queued]>
[2024-09-19 16:46:46,455] {taskinstance.py:1376} INFO - 
--------------------------------------------------------------------------------
[2024-09-19 16:46:46,455] {taskinstance.py:1377} INFO - Starting attempt 1 of 2
[2024-09-19 16:46:46,455] {taskinstance.py:1378} INFO - 
--------------------------------------------------------------------------------
[2024-09-19 16:46:46,458] {taskinstance.py:1397} INFO - Executing <Task(PythonOperator): convert_temperature> on 2024-09-19 16:46:03.186148+00:00
[2024-09-19 16:46:46,461] {standard_task_runner.py:52} INFO - Started process 60305 to run task
[2024-09-19 16:46:46,463] {standard_task_runner.py:79} INFO - Running: ['airflow', 'tasks', 'run', 'fetch_process_save_weather_data_with_github', 'convert_temperature', 'manual__2024-09-19T16:46:03.186148+00:00', '--job-id', '10', '--raw', '--subdir', 'DAGS_FOLDER/part3.py', '--cfg-path', '/var/folders/ks/w6y0t6b552bdg88w8kq5g_xc0000gn/T/tmpfsivgw9f', '--error-file', '/var/folders/ks/w6y0t6b552bdg88w8kq5g_xc0000gn/T/tmpoqxu46fq']
[2024-09-19 16:46:46,464] {standard_task_runner.py:80} INFO - Job 10: Subtask convert_temperature
[2024-09-19 16:46:51,479] {task_command.py:371} INFO - Running <TaskInstance: fetch_process_save_weather_data_with_github.convert_temperature manual__2024-09-19T16:46:03.186148+00:00 [running]> on host MBPdeCharmaine
[2024-09-19 16:46:56,497] {taskinstance.py:1589} INFO - Exporting the following env vars:
AIRFLOW_CTX_DAG_OWNER=airflow
AIRFLOW_CTX_DAG_ID=fetch_process_save_weather_data_with_github
AIRFLOW_CTX_TASK_ID=convert_temperature
AIRFLOW_CTX_EXECUTION_DATE=2024-09-19T16:46:03.186148+00:00
AIRFLOW_CTX_TRY_NUMBER=1
AIRFLOW_CTX_DAG_RUN_ID=manual__2024-09-19T16:46:03.186148+00:00
[2024-09-19 16:46:56,499] {part3.py:48} INFO - Converted temperature to Fahrenheit: 81.86
[2024-09-19 16:46:56,501] {python.py:173} INFO - Done. Returned value was: None
[2024-09-19 16:46:56,503] {taskinstance.py:1415} INFO - Marking task as SUCCESS. dag_id=fetch_process_save_weather_data_with_github, task_id=convert_temperature, execution_date=20240919T164603, start_date=20240919T164646, end_date=20240919T164656
[2024-09-19 16:46:56,517] {local_task_job.py:156} INFO - Task exited with return code 0
[2024-09-19 16:46:56,523] {local_task_job.py:273} INFO - 1 downstream tasks scheduled from follow-on schedule check
