[2024-09-19 17:02:39,035] {taskinstance.py:1179} INFO - Dependencies all met for <TaskInstance: simple_dag_every_5_minutes.print_time scheduled__2023-09-18T00:30:00+00:00 [queued]>
[2024-09-19 17:02:39,038] {taskinstance.py:1179} INFO - Dependencies all met for <TaskInstance: simple_dag_every_5_minutes.print_time scheduled__2023-09-18T00:30:00+00:00 [queued]>
[2024-09-19 17:02:39,038] {taskinstance.py:1376} INFO - 
--------------------------------------------------------------------------------
[2024-09-19 17:02:39,038] {taskinstance.py:1377} INFO - Starting attempt 1 of 2
[2024-09-19 17:02:39,038] {taskinstance.py:1378} INFO - 
--------------------------------------------------------------------------------
[2024-09-19 17:02:39,042] {taskinstance.py:1397} INFO - Executing <Task(PythonOperator): print_time> on 2023-09-18 00:30:00+00:00
[2024-09-19 17:02:39,045] {standard_task_runner.py:52} INFO - Started process 62622 to run task
[2024-09-19 17:02:39,046] {standard_task_runner.py:79} INFO - Running: ['airflow', 'tasks', 'run', 'simple_dag_every_5_minutes', 'print_time', 'scheduled__2023-09-18T00:30:00+00:00', '--job-id', '42', '--raw', '--subdir', 'DAGS_FOLDER/task3.py', '--cfg-path', '/var/folders/ks/w6y0t6b552bdg88w8kq5g_xc0000gn/T/tmp1vaoem2m', '--error-file', '/var/folders/ks/w6y0t6b552bdg88w8kq5g_xc0000gn/T/tmp2c3i_7w5']
[2024-09-19 17:02:39,047] {standard_task_runner.py:80} INFO - Job 42: Subtask print_time
[2024-09-19 17:02:44,061] {task_command.py:371} INFO - Running <TaskInstance: simple_dag_every_5_minutes.print_time scheduled__2023-09-18T00:30:00+00:00 [running]> on host MBPdeCharmaine
[2024-09-19 17:02:49,081] {taskinstance.py:1589} INFO - Exporting the following env vars:
AIRFLOW_CTX_DAG_OWNER=airflow
AIRFLOW_CTX_DAG_ID=simple_dag_every_5_minutes
AIRFLOW_CTX_TASK_ID=print_time
AIRFLOW_CTX_EXECUTION_DATE=2023-09-18T00:30:00+00:00
AIRFLOW_CTX_TRY_NUMBER=1
AIRFLOW_CTX_DAG_RUN_ID=scheduled__2023-09-18T00:30:00+00:00
[2024-09-19 17:02:49,081] {logging_mixin.py:115} INFO - Current date and time: 2024-09-19 17:02:49.081738
[2024-09-19 17:02:49,081] {python.py:173} INFO - Done. Returned value was: None
[2024-09-19 17:02:49,084] {taskinstance.py:1415} INFO - Marking task as SUCCESS. dag_id=simple_dag_every_5_minutes, task_id=print_time, execution_date=20230918T003000, start_date=20240919T170239, end_date=20240919T170249
[2024-09-19 17:02:49,100] {local_task_job.py:156} INFO - Task exited with return code 0
[2024-09-19 17:02:49,105] {local_task_job.py:273} INFO - 0 downstream tasks scheduled from follow-on schedule check
