[2024-09-19T14:39:16.607+0000] {local_task_job_runner.py:123} INFO - ::group::Pre task execution logs
[2024-09-19T14:39:16.613+0000] {taskinstance.py:2612} INFO - Dependencies all met for dep_context=non-requeueable deps ti=<TaskInstance: xcom_dag.bash_pull_timestamp manual__2024-09-19T14:39:04.648599+00:00 [queued]>
[2024-09-19T14:39:16.616+0000] {taskinstance.py:2612} INFO - Dependencies all met for dep_context=requeueable deps ti=<TaskInstance: xcom_dag.bash_pull_timestamp manual__2024-09-19T14:39:04.648599+00:00 [queued]>
[2024-09-19T14:39:16.616+0000] {taskinstance.py:2865} INFO - Starting attempt 1 of 2
[2024-09-19T14:39:16.645+0000] {taskinstance.py:2888} INFO - Executing <Task(BashOperator): bash_pull_timestamp> on 2024-09-19 14:39:04.648599+00:00
[2024-09-19T14:39:16.650+0000] {logging_mixin.py:190} WARNING - /Users/charme/Documents/Gitub_Repositories/MLOps_AMMI_2024/day7/lab/code/.venv/lib/python3.12/site-packages/airflow/task/task_runner/standard_task_runner.py:70 DeprecationWarning: This process (pid=38764) is multi-threaded, use of fork() may lead to deadlocks in the child.
[2024-09-19T14:39:16.650+0000] {standard_task_runner.py:72} INFO - Started process 38780 to run task
[2024-09-19T14:39:16.649+0000] {standard_task_runner.py:104} INFO - Running: ['airflow', 'tasks', 'run', 'xcom_dag', 'bash_pull_timestamp', 'manual__2024-09-19T14:39:04.648599+00:00', '--job-id', '3', '--raw', '--subdir', 'DAGS_FOLDER/task4.py', '--cfg-path', '/var/folders/ks/w6y0t6b552bdg88w8kq5g_xc0000gn/T/tmpv7rj0lo6']
[2024-09-19T14:39:16.650+0000] {standard_task_runner.py:105} INFO - Job 3: Subtask bash_pull_timestamp
[2024-09-19T14:39:16.662+0000] {task_command.py:467} INFO - Running <TaskInstance: xcom_dag.bash_pull_timestamp manual__2024-09-19T14:39:04.648599+00:00 [running]> on host MBPdeCharmaine
[2024-09-19T14:39:16.679+0000] {taskinstance.py:3131} INFO - Exporting env vars: AIRFLOW_CTX_DAG_OWNER='airflow' AIRFLOW_CTX_DAG_ID='xcom_dag' AIRFLOW_CTX_TASK_ID='bash_pull_timestamp' AIRFLOW_CTX_EXECUTION_DATE='2024-09-19T14:39:04.648599+00:00' AIRFLOW_CTX_TRY_NUMBER='1' AIRFLOW_CTX_DAG_RUN_ID='manual__2024-09-19T14:39:04.648599+00:00'
[2024-09-19T14:39:16.679+0000] {taskinstance.py:731} INFO - ::endgroup::
[2024-09-19T14:39:16.683+0000] {subprocess.py:63} INFO - Tmp dir root location: /var/folders/ks/w6y0t6b552bdg88w8kq5g_xc0000gn/T
[2024-09-19T14:39:16.683+0000] {subprocess.py:75} INFO - Running command: ['/bin/bash', '-c', 'echo "Pulled timestamp: 2024-09-19 14:39:10.891759"']
[2024-09-19T14:39:16.686+0000] {subprocess.py:86} INFO - Output:
[2024-09-19T14:39:16.688+0000] {subprocess.py:93} INFO - Pulled timestamp: 2024-09-19 14:39:10.891759
[2024-09-19T14:39:16.689+0000] {subprocess.py:97} INFO - Command exited with return code 0
[2024-09-19T14:39:16.694+0000] {taskinstance.py:340} INFO - ::group::Post task execution logs
[2024-09-19T14:39:16.694+0000] {taskinstance.py:352} INFO - Marking task as SUCCESS. dag_id=xcom_dag, task_id=bash_pull_timestamp, run_id=manual__2024-09-19T14:39:04.648599+00:00, execution_date=20240919T143904, start_date=20240919T143916, end_date=20240919T143916
[2024-09-19T14:39:16.713+0000] {local_task_job_runner.py:266} INFO - Task exited with return code 0
[2024-09-19T14:39:16.718+0000] {taskinstance.py:3900} INFO - 0 downstream tasks scheduled from follow-on schedule check
[2024-09-19T14:39:16.718+0000] {local_task_job_runner.py:245} INFO - ::endgroup::
