[2024-09-19 16:47:12,613] {taskinstance.py:1179} INFO - Dependencies all met for <TaskInstance: fetch_process_save_weather_data_with_github.trigger_github_workflow manual__2024-09-19T16:46:03.186148+00:00 [queued]>
[2024-09-19 16:47:12,615] {taskinstance.py:1179} INFO - Dependencies all met for <TaskInstance: fetch_process_save_weather_data_with_github.trigger_github_workflow manual__2024-09-19T16:46:03.186148+00:00 [queued]>
[2024-09-19 16:47:12,615] {taskinstance.py:1376} INFO - 
--------------------------------------------------------------------------------
[2024-09-19 16:47:12,615] {taskinstance.py:1377} INFO - Starting attempt 1 of 2
[2024-09-19 16:47:12,615] {taskinstance.py:1378} INFO - 
--------------------------------------------------------------------------------
[2024-09-19 16:47:12,619] {taskinstance.py:1397} INFO - Executing <Task(PythonOperator): trigger_github_workflow> on 2024-09-19 16:46:03.186148+00:00
[2024-09-19 16:47:12,623] {standard_task_runner.py:79} INFO - Running: ['airflow', 'tasks', 'run', 'fetch_process_save_weather_data_with_github', 'trigger_github_workflow', 'manual__2024-09-19T16:46:03.186148+00:00', '--job-id', '11', '--raw', '--subdir', 'DAGS_FOLDER/part3.py', '--cfg-path', '/var/folders/ks/w6y0t6b552bdg88w8kq5g_xc0000gn/T/tmp36vp7np9', '--error-file', '/var/folders/ks/w6y0t6b552bdg88w8kq5g_xc0000gn/T/tmpjt3kcl_i']
[2024-09-19 16:47:12,624] {standard_task_runner.py:80} INFO - Job 11: Subtask trigger_github_workflow
[2024-09-19 16:47:12,623] {standard_task_runner.py:52} INFO - Started process 60382 to run task
[2024-09-19 16:47:17,640] {task_command.py:371} INFO - Running <TaskInstance: fetch_process_save_weather_data_with_github.trigger_github_workflow manual__2024-09-19T16:46:03.186148+00:00 [running]> on host MBPdeCharmaine
[2024-09-19 16:47:22,656] {taskinstance.py:1589} INFO - Exporting the following env vars:
AIRFLOW_CTX_DAG_OWNER=airflow
AIRFLOW_CTX_DAG_ID=fetch_process_save_weather_data_with_github
AIRFLOW_CTX_TASK_ID=trigger_github_workflow
AIRFLOW_CTX_EXECUTION_DATE=2024-09-19T16:46:03.186148+00:00
AIRFLOW_CTX_TRY_NUMBER=1
AIRFLOW_CTX_DAG_RUN_ID=manual__2024-09-19T16:46:03.186148+00:00
[2024-09-19 16:47:23,304] {part3.py:71} INFO - Successfully triggered GitHub Actions workflow with temperature: 81.86
[2024-09-19 16:47:23,304] {python.py:173} INFO - Done. Returned value was: None
[2024-09-19 16:47:23,307] {taskinstance.py:1415} INFO - Marking task as SUCCESS. dag_id=fetch_process_save_weather_data_with_github, task_id=trigger_github_workflow, execution_date=20240919T164603, start_date=20240919T164712, end_date=20240919T164723
[2024-09-19 16:47:23,319] {local_task_job.py:156} INFO - Task exited with return code 0
[2024-09-19 16:47:23,323] {local_task_job.py:273} INFO - 0 downstream tasks scheduled from follow-on schedule check
