[2024-09-19 16:57:26,720] {taskinstance.py:1179} INFO - Dependencies all met for <TaskInstance: simple_dag_every_5_minutes.start_dag scheduled__2023-09-18T00:15:00+00:00 [queued]>
[2024-09-19 16:57:26,722] {taskinstance.py:1179} INFO - Dependencies all met for <TaskInstance: simple_dag_every_5_minutes.start_dag scheduled__2023-09-18T00:15:00+00:00 [queued]>
[2024-09-19 16:57:26,722] {taskinstance.py:1376} INFO - 
--------------------------------------------------------------------------------
[2024-09-19 16:57:26,722] {taskinstance.py:1377} INFO - Starting attempt 1 of 2
[2024-09-19 16:57:26,722] {taskinstance.py:1378} INFO - 
--------------------------------------------------------------------------------
[2024-09-19 16:57:26,726] {taskinstance.py:1397} INFO - Executing <Task(PythonOperator): start_dag> on 2023-09-18 00:15:00+00:00
[2024-09-19 16:57:26,728] {standard_task_runner.py:52} INFO - Started process 61832 to run task
[2024-09-19 16:57:26,731] {standard_task_runner.py:79} INFO - Running: ['airflow', 'tasks', 'run', 'simple_dag_every_5_minutes', 'start_dag', 'scheduled__2023-09-18T00:15:00+00:00', '--job-id', '30', '--raw', '--subdir', 'DAGS_FOLDER/task3.py', '--cfg-path', '/var/folders/ks/w6y0t6b552bdg88w8kq5g_xc0000gn/T/tmp9uao4ad2', '--error-file', '/var/folders/ks/w6y0t6b552bdg88w8kq5g_xc0000gn/T/tmpyk3j334u']
[2024-09-19 16:57:26,731] {standard_task_runner.py:80} INFO - Job 30: Subtask start_dag
[2024-09-19 16:57:31,747] {task_command.py:371} INFO - Running <TaskInstance: simple_dag_every_5_minutes.start_dag scheduled__2023-09-18T00:15:00+00:00 [running]> on host MBPdeCharmaine
[2024-09-19 16:57:36,767] {taskinstance.py:1589} INFO - Exporting the following env vars:
AIRFLOW_CTX_DAG_OWNER=airflow
AIRFLOW_CTX_DAG_ID=simple_dag_every_5_minutes
AIRFLOW_CTX_TASK_ID=start_dag
AIRFLOW_CTX_EXECUTION_DATE=2023-09-18T00:15:00+00:00
AIRFLOW_CTX_TRY_NUMBER=1
AIRFLOW_CTX_DAG_RUN_ID=scheduled__2023-09-18T00:15:00+00:00
[2024-09-19 16:57:36,768] {logging_mixin.py:115} INFO - Starting Airflow DAG
[2024-09-19 16:57:36,768] {python.py:173} INFO - Done. Returned value was: None
[2024-09-19 16:57:36,770] {taskinstance.py:1415} INFO - Marking task as SUCCESS. dag_id=simple_dag_every_5_minutes, task_id=start_dag, execution_date=20230918T001500, start_date=20240919T165726, end_date=20240919T165736
[2024-09-19 16:57:36,777] {local_task_job.py:156} INFO - Task exited with return code 0
[2024-09-19 16:57:36,783] {local_task_job.py:273} INFO - 1 downstream tasks scheduled from follow-on schedule check
