[2024-09-19 16:37:53,617] {taskinstance.py:1179} INFO - Dependencies all met for <TaskInstance: fetch_process_save_weather_data_with_github.trigger_github_workflow manual__2024-09-19T16:31:17.623799+00:00 [queued]>
[2024-09-19 16:37:53,620] {taskinstance.py:1179} INFO - Dependencies all met for <TaskInstance: fetch_process_save_weather_data_with_github.trigger_github_workflow manual__2024-09-19T16:31:17.623799+00:00 [queued]>
[2024-09-19 16:37:53,620] {taskinstance.py:1376} INFO - 
--------------------------------------------------------------------------------
[2024-09-19 16:37:53,620] {taskinstance.py:1377} INFO - Starting attempt 2 of 2
[2024-09-19 16:37:53,620] {taskinstance.py:1378} INFO - 
--------------------------------------------------------------------------------
[2024-09-19 16:37:53,624] {taskinstance.py:1397} INFO - Executing <Task(PythonOperator): trigger_github_workflow> on 2024-09-19 16:31:17.623799+00:00
[2024-09-19 16:37:53,626] {standard_task_runner.py:52} INFO - Started process 58834 to run task
[2024-09-19 16:37:53,629] {standard_task_runner.py:79} INFO - Running: ['airflow', 'tasks', 'run', 'fetch_process_save_weather_data_with_github', 'trigger_github_workflow', 'manual__2024-09-19T16:31:17.623799+00:00', '--job-id', '8', '--raw', '--subdir', 'DAGS_FOLDER/part3.py', '--cfg-path', '/var/folders/ks/w6y0t6b552bdg88w8kq5g_xc0000gn/T/tmp16yl_8rg', '--error-file', '/var/folders/ks/w6y0t6b552bdg88w8kq5g_xc0000gn/T/tmp7uajdc1p']
[2024-09-19 16:37:53,629] {standard_task_runner.py:80} INFO - Job 8: Subtask trigger_github_workflow
[2024-09-19 16:37:58,643] {task_command.py:371} INFO - Running <TaskInstance: fetch_process_save_weather_data_with_github.trigger_github_workflow manual__2024-09-19T16:31:17.623799+00:00 [running]> on host MBPdeCharmaine
[2024-09-19 16:38:03,660] {taskinstance.py:1589} INFO - Exporting the following env vars:
AIRFLOW_CTX_DAG_OWNER=airflow
AIRFLOW_CTX_DAG_ID=fetch_process_save_weather_data_with_github
AIRFLOW_CTX_TASK_ID=trigger_github_workflow
AIRFLOW_CTX_EXECUTION_DATE=2024-09-19T16:31:17.623799+00:00
AIRFLOW_CTX_TRY_NUMBER=2
AIRFLOW_CTX_DAG_RUN_ID=manual__2024-09-19T16:31:17.623799+00:00
[2024-09-19 16:38:04,294] {part3.py:70} INFO - Successfully triggered GitHub Actions workflow with temperature: 81.68
[2024-09-19 16:38:04,294] {python.py:173} INFO - Done. Returned value was: None
[2024-09-19 16:38:04,296] {taskinstance.py:1415} INFO - Marking task as SUCCESS. dag_id=fetch_process_save_weather_data_with_github, task_id=trigger_github_workflow, execution_date=20240919T163117, start_date=20240919T163753, end_date=20240919T163804
[2024-09-19 16:38:04,315] {local_task_job.py:156} INFO - Task exited with return code 0
[2024-09-19 16:38:04,319] {local_task_job.py:273} INFO - 0 downstream tasks scheduled from follow-on schedule check
