[2024-09-19 17:01:46,893] {taskinstance.py:1179} INFO - Dependencies all met for <TaskInstance: simple_dag_every_5_minutes.print_time scheduled__2024-09-19T16:55:00+00:00 [queued]>
[2024-09-19 17:01:46,898] {taskinstance.py:1179} INFO - Dependencies all met for <TaskInstance: simple_dag_every_5_minutes.print_time scheduled__2024-09-19T16:55:00+00:00 [queued]>
[2024-09-19 17:01:46,898] {taskinstance.py:1376} INFO - 
--------------------------------------------------------------------------------
[2024-09-19 17:01:46,898] {taskinstance.py:1377} INFO - Starting attempt 1 of 2
[2024-09-19 17:01:46,898] {taskinstance.py:1378} INFO - 
--------------------------------------------------------------------------------
[2024-09-19 17:01:46,908] {taskinstance.py:1397} INFO - Executing <Task(PythonOperator): print_time> on 2024-09-19 16:55:00+00:00
[2024-09-19 17:01:46,910] {standard_task_runner.py:52} INFO - Started process 62475 to run task
[2024-09-19 17:01:46,913] {standard_task_runner.py:79} INFO - Running: ['airflow', 'tasks', 'run', 'simple_dag_every_5_minutes', 'print_time', 'scheduled__2024-09-19T16:55:00+00:00', '--job-id', '40', '--raw', '--subdir', 'DAGS_FOLDER/task3.py', '--cfg-path', '/var/folders/ks/w6y0t6b552bdg88w8kq5g_xc0000gn/T/tmp0ugpfpew', '--error-file', '/var/folders/ks/w6y0t6b552bdg88w8kq5g_xc0000gn/T/tmpdj8xiz6n']
[2024-09-19 17:01:46,914] {standard_task_runner.py:80} INFO - Job 40: Subtask print_time
[2024-09-19 17:01:51,929] {task_command.py:371} INFO - Running <TaskInstance: simple_dag_every_5_minutes.print_time scheduled__2024-09-19T16:55:00+00:00 [running]> on host MBPdeCharmaine
[2024-09-19 17:01:56,949] {taskinstance.py:1589} INFO - Exporting the following env vars:
AIRFLOW_CTX_DAG_OWNER=airflow
AIRFLOW_CTX_DAG_ID=simple_dag_every_5_minutes
AIRFLOW_CTX_TASK_ID=print_time
AIRFLOW_CTX_EXECUTION_DATE=2024-09-19T16:55:00+00:00
AIRFLOW_CTX_TRY_NUMBER=1
AIRFLOW_CTX_DAG_RUN_ID=scheduled__2024-09-19T16:55:00+00:00
[2024-09-19 17:01:56,949] {logging_mixin.py:115} INFO - Current date and time: 2024-09-19 17:01:56.949527
[2024-09-19 17:01:56,949] {python.py:173} INFO - Done. Returned value was: None
[2024-09-19 17:01:56,951] {taskinstance.py:1415} INFO - Marking task as SUCCESS. dag_id=simple_dag_every_5_minutes, task_id=print_time, execution_date=20240919T165500, start_date=20240919T170146, end_date=20240919T170156
[2024-09-19 17:01:56,959] {local_task_job.py:156} INFO - Task exited with return code 0
[2024-09-19 17:01:56,964] {local_task_job.py:273} INFO - 0 downstream tasks scheduled from follow-on schedule check
