[2024-09-19 16:51:00,324] {taskinstance.py:1179} INFO - Dependencies all met for <TaskInstance: task1_dag.start_dag scheduled__2024-09-18T00:00:00+00:00 [queued]>
[2024-09-19 16:51:00,327] {taskinstance.py:1179} INFO - Dependencies all met for <TaskInstance: task1_dag.start_dag scheduled__2024-09-18T00:00:00+00:00 [queued]>
[2024-09-19 16:51:00,327] {taskinstance.py:1376} INFO - 
--------------------------------------------------------------------------------
[2024-09-19 16:51:00,327] {taskinstance.py:1377} INFO - Starting attempt 1 of 2
[2024-09-19 16:51:00,327] {taskinstance.py:1378} INFO - 
--------------------------------------------------------------------------------
[2024-09-19 16:51:00,331] {taskinstance.py:1397} INFO - Executing <Task(PythonOperator): start_dag> on 2024-09-18 00:00:00+00:00
[2024-09-19 16:51:00,335] {standard_task_runner.py:52} INFO - Started process 60919 to run task
[2024-09-19 16:51:00,335] {standard_task_runner.py:79} INFO - Running: ['airflow', 'tasks', 'run', 'task1_dag', 'start_dag', 'scheduled__2024-09-18T00:00:00+00:00', '--job-id', '15', '--raw', '--subdir', 'DAGS_FOLDER/task1.py', '--cfg-path', '/var/folders/ks/w6y0t6b552bdg88w8kq5g_xc0000gn/T/tmpmgcfr6r4', '--error-file', '/var/folders/ks/w6y0t6b552bdg88w8kq5g_xc0000gn/T/tmpwzn0kcky']
[2024-09-19 16:51:00,336] {standard_task_runner.py:80} INFO - Job 15: Subtask start_dag
[2024-09-19 16:51:05,354] {task_command.py:371} INFO - Running <TaskInstance: task1_dag.start_dag scheduled__2024-09-18T00:00:00+00:00 [running]> on host MBPdeCharmaine
[2024-09-19 16:51:10,373] {taskinstance.py:1589} INFO - Exporting the following env vars:
AIRFLOW_CTX_DAG_OWNER=airflow
AIRFLOW_CTX_DAG_ID=task1_dag
AIRFLOW_CTX_TASK_ID=start_dag
AIRFLOW_CTX_EXECUTION_DATE=2024-09-18T00:00:00+00:00
AIRFLOW_CTX_TRY_NUMBER=1
AIRFLOW_CTX_DAG_RUN_ID=scheduled__2024-09-18T00:00:00+00:00
[2024-09-19 16:51:10,373] {logging_mixin.py:115} INFO - Starting Airflow DAG
[2024-09-19 16:51:10,373] {python.py:173} INFO - Done. Returned value was: None
[2024-09-19 16:51:10,376] {taskinstance.py:1415} INFO - Marking task as SUCCESS. dag_id=task1_dag, task_id=start_dag, execution_date=20240918T000000, start_date=20240919T165100, end_date=20240919T165110
[2024-09-19 16:51:10,383] {local_task_job.py:156} INFO - Task exited with return code 0
[2024-09-19 16:51:10,389] {local_task_job.py:273} INFO - 1 downstream tasks scheduled from follow-on schedule check
