[2024-09-19T14:18:50.865+0000] {processor.py:186} INFO - Started process (PID=35602) to work on /Users/charme/Documents/Gitub_Repositories/MLOps_AMMI_2024/day7/lab/code/airflow/dags/part2.py
[2024-09-19T14:18:50.865+0000] {processor.py:914} INFO - Processing file /Users/charme/Documents/Gitub_Repositories/MLOps_AMMI_2024/day7/lab/code/airflow/dags/part2.py for tasks to queue
[2024-09-19T14:18:50.865+0000] {logging_mixin.py:190} INFO - [2024-09-19T14:18:50.865+0000] {dagbag.py:587} INFO - Filling up the DagBag from /Users/charme/Documents/Gitub_Repositories/MLOps_AMMI_2024/day7/lab/code/airflow/dags/part2.py
[2024-09-19T14:18:50.875+0000] {processor.py:925} INFO - DAG(s) 'fetch_save_weather_data' retrieved from /Users/charme/Documents/Gitub_Repositories/MLOps_AMMI_2024/day7/lab/code/airflow/dags/part2.py
[2024-09-19T14:18:50.949+0000] {logging_mixin.py:190} INFO - [2024-09-19T14:18:50.948+0000] {override.py:1900} INFO - Created Permission View: can read on DAG:fetch_save_weather_data
[2024-09-19T14:18:50.952+0000] {logging_mixin.py:190} INFO - [2024-09-19T14:18:50.952+0000] {override.py:1900} INFO - Created Permission View: can delete on DAG:fetch_save_weather_data
[2024-09-19T14:18:50.954+0000] {logging_mixin.py:190} INFO - [2024-09-19T14:18:50.954+0000] {override.py:1900} INFO - Created Permission View: can edit on DAG:fetch_save_weather_data
[2024-09-19T14:18:50.956+0000] {logging_mixin.py:190} INFO - [2024-09-19T14:18:50.956+0000] {override.py:1900} INFO - Created Permission View: can create on DAG Run:fetch_save_weather_data
[2024-09-19T14:18:50.958+0000] {logging_mixin.py:190} INFO - [2024-09-19T14:18:50.958+0000] {override.py:1900} INFO - Created Permission View: can read on DAG Run:fetch_save_weather_data
[2024-09-19T14:18:50.959+0000] {logging_mixin.py:190} INFO - [2024-09-19T14:18:50.959+0000] {override.py:1900} INFO - Created Permission View: menu access on DAG Run:fetch_save_weather_data
[2024-09-19T14:18:50.961+0000] {logging_mixin.py:190} INFO - [2024-09-19T14:18:50.961+0000] {override.py:1900} INFO - Created Permission View: can delete on DAG Run:fetch_save_weather_data
[2024-09-19T14:18:50.961+0000] {logging_mixin.py:190} INFO - [2024-09-19T14:18:50.961+0000] {dag.py:3229} INFO - Sync 1 DAGs
[2024-09-19T14:18:50.965+0000] {logging_mixin.py:190} INFO - [2024-09-19T14:18:50.964+0000] {dag.py:3252} INFO - Creating ORM DAG for fetch_save_weather_data
[2024-09-19T14:18:50.965+0000] {logging_mixin.py:190} INFO - [2024-09-19T14:18:50.965+0000] {dag.py:4156} INFO - Setting next_dagrun for fetch_save_weather_data to None, run_after=None
[2024-09-19T14:18:50.970+0000] {processor.py:208} INFO - Processing /Users/charme/Documents/Gitub_Repositories/MLOps_AMMI_2024/day7/lab/code/airflow/dags/part2.py took 0.107 seconds
[2024-09-19T14:19:21.849+0000] {processor.py:186} INFO - Started process (PID=35693) to work on /Users/charme/Documents/Gitub_Repositories/MLOps_AMMI_2024/day7/lab/code/airflow/dags/part2.py
[2024-09-19T14:19:21.850+0000] {processor.py:914} INFO - Processing file /Users/charme/Documents/Gitub_Repositories/MLOps_AMMI_2024/day7/lab/code/airflow/dags/part2.py for tasks to queue
[2024-09-19T14:19:21.851+0000] {logging_mixin.py:190} INFO - [2024-09-19T14:19:21.851+0000] {dagbag.py:587} INFO - Filling up the DagBag from /Users/charme/Documents/Gitub_Repositories/MLOps_AMMI_2024/day7/lab/code/airflow/dags/part2.py
[2024-09-19T14:19:21.859+0000] {processor.py:925} INFO - DAG(s) 'fetch_save_weather_data' retrieved from /Users/charme/Documents/Gitub_Repositories/MLOps_AMMI_2024/day7/lab/code/airflow/dags/part2.py
[2024-09-19T14:19:21.885+0000] {logging_mixin.py:190} INFO - [2024-09-19T14:19:21.885+0000] {dag.py:3229} INFO - Sync 1 DAGs
[2024-09-19T14:19:21.888+0000] {logging_mixin.py:190} INFO - [2024-09-19T14:19:21.888+0000] {dag.py:4156} INFO - Setting next_dagrun for fetch_save_weather_data to None, run_after=None
[2024-09-19T14:19:21.893+0000] {processor.py:208} INFO - Processing /Users/charme/Documents/Gitub_Repositories/MLOps_AMMI_2024/day7/lab/code/airflow/dags/part2.py took 0.045 seconds
[2024-09-19T14:19:38.826+0000] {processor.py:186} INFO - Started process (PID=35750) to work on /Users/charme/Documents/Gitub_Repositories/MLOps_AMMI_2024/day7/lab/code/airflow/dags/part2.py
[2024-09-19T14:19:38.827+0000] {processor.py:914} INFO - Processing file /Users/charme/Documents/Gitub_Repositories/MLOps_AMMI_2024/day7/lab/code/airflow/dags/part2.py for tasks to queue
[2024-09-19T14:19:38.828+0000] {logging_mixin.py:190} INFO - [2024-09-19T14:19:38.828+0000] {dagbag.py:587} INFO - Filling up the DagBag from /Users/charme/Documents/Gitub_Repositories/MLOps_AMMI_2024/day7/lab/code/airflow/dags/part2.py
[2024-09-19T14:19:38.841+0000] {processor.py:925} INFO - DAG(s) 'fetch_save_weather_data' retrieved from /Users/charme/Documents/Gitub_Repositories/MLOps_AMMI_2024/day7/lab/code/airflow/dags/part2.py
[2024-09-19T14:19:38.869+0000] {logging_mixin.py:190} INFO - [2024-09-19T14:19:38.869+0000] {dag.py:3229} INFO - Sync 1 DAGs
[2024-09-19T14:19:38.872+0000] {logging_mixin.py:190} INFO - [2024-09-19T14:19:38.872+0000] {dag.py:4156} INFO - Setting next_dagrun for fetch_save_weather_data to None, run_after=None
[2024-09-19T14:19:38.877+0000] {processor.py:208} INFO - Processing /Users/charme/Documents/Gitub_Repositories/MLOps_AMMI_2024/day7/lab/code/airflow/dags/part2.py took 0.052 seconds
[2024-09-19T14:20:09.583+0000] {processor.py:186} INFO - Started process (PID=35833) to work on /Users/charme/Documents/Gitub_Repositories/MLOps_AMMI_2024/day7/lab/code/airflow/dags/part2.py
[2024-09-19T14:20:09.584+0000] {processor.py:914} INFO - Processing file /Users/charme/Documents/Gitub_Repositories/MLOps_AMMI_2024/day7/lab/code/airflow/dags/part2.py for tasks to queue
[2024-09-19T14:20:09.584+0000] {logging_mixin.py:190} INFO - [2024-09-19T14:20:09.584+0000] {dagbag.py:587} INFO - Filling up the DagBag from /Users/charme/Documents/Gitub_Repositories/MLOps_AMMI_2024/day7/lab/code/airflow/dags/part2.py
[2024-09-19T14:20:09.594+0000] {processor.py:925} INFO - DAG(s) 'fetch_save_weather_data' retrieved from /Users/charme/Documents/Gitub_Repositories/MLOps_AMMI_2024/day7/lab/code/airflow/dags/part2.py
[2024-09-19T14:20:09.618+0000] {logging_mixin.py:190} INFO - [2024-09-19T14:20:09.618+0000] {dag.py:3229} INFO - Sync 1 DAGs
[2024-09-19T14:20:09.621+0000] {logging_mixin.py:190} INFO - [2024-09-19T14:20:09.621+0000] {dag.py:4156} INFO - Setting next_dagrun for fetch_save_weather_data to None, run_after=None
[2024-09-19T14:20:09.626+0000] {processor.py:208} INFO - Processing /Users/charme/Documents/Gitub_Repositories/MLOps_AMMI_2024/day7/lab/code/airflow/dags/part2.py took 0.043 seconds
[2024-09-19T14:20:40.286+0000] {processor.py:186} INFO - Started process (PID=35922) to work on /Users/charme/Documents/Gitub_Repositories/MLOps_AMMI_2024/day7/lab/code/airflow/dags/part2.py
[2024-09-19T14:20:40.287+0000] {processor.py:914} INFO - Processing file /Users/charme/Documents/Gitub_Repositories/MLOps_AMMI_2024/day7/lab/code/airflow/dags/part2.py for tasks to queue
[2024-09-19T14:20:40.288+0000] {logging_mixin.py:190} INFO - [2024-09-19T14:20:40.288+0000] {dagbag.py:587} INFO - Filling up the DagBag from /Users/charme/Documents/Gitub_Repositories/MLOps_AMMI_2024/day7/lab/code/airflow/dags/part2.py
[2024-09-19T14:20:40.302+0000] {processor.py:925} INFO - DAG(s) 'fetch_save_weather_data' retrieved from /Users/charme/Documents/Gitub_Repositories/MLOps_AMMI_2024/day7/lab/code/airflow/dags/part2.py
[2024-09-19T14:20:40.329+0000] {logging_mixin.py:190} INFO - [2024-09-19T14:20:40.328+0000] {dag.py:3229} INFO - Sync 1 DAGs
[2024-09-19T14:20:40.331+0000] {logging_mixin.py:190} INFO - [2024-09-19T14:20:40.331+0000] {dag.py:4156} INFO - Setting next_dagrun for fetch_save_weather_data to None, run_after=None
[2024-09-19T14:20:40.336+0000] {processor.py:208} INFO - Processing /Users/charme/Documents/Gitub_Repositories/MLOps_AMMI_2024/day7/lab/code/airflow/dags/part2.py took 0.051 seconds
[2024-09-19T14:20:50.939+0000] {processor.py:186} INFO - Started process (PID=35970) to work on /Users/charme/Documents/Gitub_Repositories/MLOps_AMMI_2024/day7/lab/code/airflow/dags/part2.py
[2024-09-19T14:20:50.939+0000] {processor.py:914} INFO - Processing file /Users/charme/Documents/Gitub_Repositories/MLOps_AMMI_2024/day7/lab/code/airflow/dags/part2.py for tasks to queue
[2024-09-19T14:20:50.940+0000] {logging_mixin.py:190} INFO - [2024-09-19T14:20:50.940+0000] {dagbag.py:587} INFO - Filling up the DagBag from /Users/charme/Documents/Gitub_Repositories/MLOps_AMMI_2024/day7/lab/code/airflow/dags/part2.py
[2024-09-19T14:20:50.949+0000] {processor.py:925} INFO - DAG(s) 'fetch_save_weather_data' retrieved from /Users/charme/Documents/Gitub_Repositories/MLOps_AMMI_2024/day7/lab/code/airflow/dags/part2.py
[2024-09-19T14:20:51.019+0000] {logging_mixin.py:190} INFO - [2024-09-19T14:20:51.019+0000] {dag.py:3229} INFO - Sync 1 DAGs
[2024-09-19T14:20:51.022+0000] {logging_mixin.py:190} INFO - [2024-09-19T14:20:51.022+0000] {dag.py:4156} INFO - Setting next_dagrun for fetch_save_weather_data to None, run_after=None
[2024-09-19T14:20:51.028+0000] {processor.py:208} INFO - Processing /Users/charme/Documents/Gitub_Repositories/MLOps_AMMI_2024/day7/lab/code/airflow/dags/part2.py took 0.091 seconds
[2024-09-19T14:21:22.093+0000] {processor.py:186} INFO - Started process (PID=36073) to work on /Users/charme/Documents/Gitub_Repositories/MLOps_AMMI_2024/day7/lab/code/airflow/dags/part2.py
[2024-09-19T14:21:22.093+0000] {processor.py:914} INFO - Processing file /Users/charme/Documents/Gitub_Repositories/MLOps_AMMI_2024/day7/lab/code/airflow/dags/part2.py for tasks to queue
[2024-09-19T14:21:22.094+0000] {logging_mixin.py:190} INFO - [2024-09-19T14:21:22.093+0000] {dagbag.py:587} INFO - Filling up the DagBag from /Users/charme/Documents/Gitub_Repositories/MLOps_AMMI_2024/day7/lab/code/airflow/dags/part2.py
[2024-09-19T14:21:22.102+0000] {processor.py:925} INFO - DAG(s) 'fetch_save_weather_data' retrieved from /Users/charme/Documents/Gitub_Repositories/MLOps_AMMI_2024/day7/lab/code/airflow/dags/part2.py
[2024-09-19T14:21:22.127+0000] {logging_mixin.py:190} INFO - [2024-09-19T14:21:22.127+0000] {dag.py:3229} INFO - Sync 1 DAGs
[2024-09-19T14:21:22.130+0000] {logging_mixin.py:190} INFO - [2024-09-19T14:21:22.130+0000] {dag.py:4156} INFO - Setting next_dagrun for fetch_save_weather_data to None, run_after=None
[2024-09-19T14:21:22.135+0000] {processor.py:208} INFO - Processing /Users/charme/Documents/Gitub_Repositories/MLOps_AMMI_2024/day7/lab/code/airflow/dags/part2.py took 0.043 seconds
[2024-09-19T14:21:53.617+0000] {processor.py:186} INFO - Started process (PID=36156) to work on /Users/charme/Documents/Gitub_Repositories/MLOps_AMMI_2024/day7/lab/code/airflow/dags/part2.py
[2024-09-19T14:21:53.618+0000] {processor.py:914} INFO - Processing file /Users/charme/Documents/Gitub_Repositories/MLOps_AMMI_2024/day7/lab/code/airflow/dags/part2.py for tasks to queue
[2024-09-19T14:21:53.618+0000] {logging_mixin.py:190} INFO - [2024-09-19T14:21:53.618+0000] {dagbag.py:587} INFO - Filling up the DagBag from /Users/charme/Documents/Gitub_Repositories/MLOps_AMMI_2024/day7/lab/code/airflow/dags/part2.py
[2024-09-19T14:21:53.627+0000] {processor.py:925} INFO - DAG(s) 'fetch_save_weather_data' retrieved from /Users/charme/Documents/Gitub_Repositories/MLOps_AMMI_2024/day7/lab/code/airflow/dags/part2.py
[2024-09-19T14:21:53.652+0000] {logging_mixin.py:190} INFO - [2024-09-19T14:21:53.652+0000] {dag.py:3229} INFO - Sync 1 DAGs
[2024-09-19T14:21:53.655+0000] {logging_mixin.py:190} INFO - [2024-09-19T14:21:53.655+0000] {dag.py:4156} INFO - Setting next_dagrun for fetch_save_weather_data to None, run_after=None
[2024-09-19T14:21:53.660+0000] {processor.py:208} INFO - Processing /Users/charme/Documents/Gitub_Repositories/MLOps_AMMI_2024/day7/lab/code/airflow/dags/part2.py took 0.044 seconds
[2024-09-19T14:22:25.065+0000] {processor.py:186} INFO - Started process (PID=36250) to work on /Users/charme/Documents/Gitub_Repositories/MLOps_AMMI_2024/day7/lab/code/airflow/dags/part2.py
[2024-09-19T14:22:25.066+0000] {processor.py:914} INFO - Processing file /Users/charme/Documents/Gitub_Repositories/MLOps_AMMI_2024/day7/lab/code/airflow/dags/part2.py for tasks to queue
[2024-09-19T14:22:25.066+0000] {logging_mixin.py:190} INFO - [2024-09-19T14:22:25.066+0000] {dagbag.py:587} INFO - Filling up the DagBag from /Users/charme/Documents/Gitub_Repositories/MLOps_AMMI_2024/day7/lab/code/airflow/dags/part2.py
[2024-09-19T14:22:25.074+0000] {processor.py:925} INFO - DAG(s) 'fetch_save_weather_data' retrieved from /Users/charme/Documents/Gitub_Repositories/MLOps_AMMI_2024/day7/lab/code/airflow/dags/part2.py
[2024-09-19T14:22:25.097+0000] {logging_mixin.py:190} INFO - [2024-09-19T14:22:25.097+0000] {dag.py:3229} INFO - Sync 1 DAGs
[2024-09-19T14:22:25.100+0000] {logging_mixin.py:190} INFO - [2024-09-19T14:22:25.100+0000] {dag.py:4156} INFO - Setting next_dagrun for fetch_save_weather_data to None, run_after=None
[2024-09-19T14:22:25.105+0000] {processor.py:208} INFO - Processing /Users/charme/Documents/Gitub_Repositories/MLOps_AMMI_2024/day7/lab/code/airflow/dags/part2.py took 0.041 seconds
[2024-09-19T14:22:56.277+0000] {processor.py:186} INFO - Started process (PID=36326) to work on /Users/charme/Documents/Gitub_Repositories/MLOps_AMMI_2024/day7/lab/code/airflow/dags/part2.py
[2024-09-19T14:22:56.278+0000] {processor.py:914} INFO - Processing file /Users/charme/Documents/Gitub_Repositories/MLOps_AMMI_2024/day7/lab/code/airflow/dags/part2.py for tasks to queue
[2024-09-19T14:22:56.278+0000] {logging_mixin.py:190} INFO - [2024-09-19T14:22:56.278+0000] {dagbag.py:587} INFO - Filling up the DagBag from /Users/charme/Documents/Gitub_Repositories/MLOps_AMMI_2024/day7/lab/code/airflow/dags/part2.py
[2024-09-19T14:22:56.287+0000] {processor.py:925} INFO - DAG(s) 'fetch_save_weather_data' retrieved from /Users/charme/Documents/Gitub_Repositories/MLOps_AMMI_2024/day7/lab/code/airflow/dags/part2.py
[2024-09-19T14:22:56.312+0000] {logging_mixin.py:190} INFO - [2024-09-19T14:22:56.312+0000] {dag.py:3229} INFO - Sync 1 DAGs
[2024-09-19T14:22:56.315+0000] {logging_mixin.py:190} INFO - [2024-09-19T14:22:56.315+0000] {dag.py:4156} INFO - Setting next_dagrun for fetch_save_weather_data to None, run_after=None
[2024-09-19T14:22:56.320+0000] {processor.py:208} INFO - Processing /Users/charme/Documents/Gitub_Repositories/MLOps_AMMI_2024/day7/lab/code/airflow/dags/part2.py took 0.044 seconds
[2024-09-19T14:23:01.919+0000] {processor.py:186} INFO - Started process (PID=36356) to work on /Users/charme/Documents/Gitub_Repositories/MLOps_AMMI_2024/day7/lab/code/airflow/dags/part2.py
[2024-09-19T14:23:01.919+0000] {processor.py:914} INFO - Processing file /Users/charme/Documents/Gitub_Repositories/MLOps_AMMI_2024/day7/lab/code/airflow/dags/part2.py for tasks to queue
[2024-09-19T14:23:01.920+0000] {logging_mixin.py:190} INFO - [2024-09-19T14:23:01.920+0000] {dagbag.py:587} INFO - Filling up the DagBag from /Users/charme/Documents/Gitub_Repositories/MLOps_AMMI_2024/day7/lab/code/airflow/dags/part2.py
[2024-09-19T14:23:01.929+0000] {processor.py:925} INFO - DAG(s) 'fetch_save_weather_data' retrieved from /Users/charme/Documents/Gitub_Repositories/MLOps_AMMI_2024/day7/lab/code/airflow/dags/part2.py
[2024-09-19T14:23:01.994+0000] {logging_mixin.py:190} INFO - [2024-09-19T14:23:01.994+0000] {dag.py:3229} INFO - Sync 1 DAGs
[2024-09-19T14:23:01.996+0000] {logging_mixin.py:190} INFO - [2024-09-19T14:23:01.996+0000] {dag.py:4156} INFO - Setting next_dagrun for fetch_save_weather_data to None, run_after=None
[2024-09-19T14:23:02.002+0000] {processor.py:208} INFO - Processing /Users/charme/Documents/Gitub_Repositories/MLOps_AMMI_2024/day7/lab/code/airflow/dags/part2.py took 0.084 seconds
[2024-09-19T14:23:32.759+0000] {processor.py:186} INFO - Started process (PID=36424) to work on /Users/charme/Documents/Gitub_Repositories/MLOps_AMMI_2024/day7/lab/code/airflow/dags/part2.py
[2024-09-19T14:23:32.760+0000] {processor.py:914} INFO - Processing file /Users/charme/Documents/Gitub_Repositories/MLOps_AMMI_2024/day7/lab/code/airflow/dags/part2.py for tasks to queue
[2024-09-19T14:23:32.760+0000] {logging_mixin.py:190} INFO - [2024-09-19T14:23:32.760+0000] {dagbag.py:587} INFO - Filling up the DagBag from /Users/charme/Documents/Gitub_Repositories/MLOps_AMMI_2024/day7/lab/code/airflow/dags/part2.py
[2024-09-19T14:23:32.768+0000] {processor.py:925} INFO - DAG(s) 'fetch_save_weather_data' retrieved from /Users/charme/Documents/Gitub_Repositories/MLOps_AMMI_2024/day7/lab/code/airflow/dags/part2.py
[2024-09-19T14:23:32.792+0000] {logging_mixin.py:190} INFO - [2024-09-19T14:23:32.792+0000] {dag.py:3229} INFO - Sync 1 DAGs
[2024-09-19T14:23:32.796+0000] {logging_mixin.py:190} INFO - [2024-09-19T14:23:32.796+0000] {dag.py:4156} INFO - Setting next_dagrun for fetch_save_weather_data to None, run_after=None
[2024-09-19T14:23:32.801+0000] {processor.py:208} INFO - Processing /Users/charme/Documents/Gitub_Repositories/MLOps_AMMI_2024/day7/lab/code/airflow/dags/part2.py took 0.043 seconds
[2024-09-19T14:23:53.040+0000] {processor.py:186} INFO - Started process (PID=36488) to work on /Users/charme/Documents/Gitub_Repositories/MLOps_AMMI_2024/day7/lab/code/airflow/dags/part2.py
[2024-09-19T14:23:53.040+0000] {processor.py:914} INFO - Processing file /Users/charme/Documents/Gitub_Repositories/MLOps_AMMI_2024/day7/lab/code/airflow/dags/part2.py for tasks to queue
[2024-09-19T14:23:53.040+0000] {logging_mixin.py:190} INFO - [2024-09-19T14:23:53.040+0000] {dagbag.py:587} INFO - Filling up the DagBag from /Users/charme/Documents/Gitub_Repositories/MLOps_AMMI_2024/day7/lab/code/airflow/dags/part2.py
[2024-09-19T14:23:53.049+0000] {processor.py:925} INFO - DAG(s) 'fetch_save_weather_data' retrieved from /Users/charme/Documents/Gitub_Repositories/MLOps_AMMI_2024/day7/lab/code/airflow/dags/part2.py
[2024-09-19T14:23:53.117+0000] {logging_mixin.py:190} INFO - [2024-09-19T14:23:53.117+0000] {dag.py:3229} INFO - Sync 1 DAGs
[2024-09-19T14:23:53.120+0000] {logging_mixin.py:190} INFO - [2024-09-19T14:23:53.120+0000] {dag.py:4156} INFO - Setting next_dagrun for fetch_save_weather_data to None, run_after=None
[2024-09-19T14:23:53.126+0000] {processor.py:208} INFO - Processing /Users/charme/Documents/Gitub_Repositories/MLOps_AMMI_2024/day7/lab/code/airflow/dags/part2.py took 0.088 seconds
[2024-09-19T14:24:23.757+0000] {processor.py:186} INFO - Started process (PID=36554) to work on /Users/charme/Documents/Gitub_Repositories/MLOps_AMMI_2024/day7/lab/code/airflow/dags/part2.py
[2024-09-19T14:24:23.758+0000] {processor.py:914} INFO - Processing file /Users/charme/Documents/Gitub_Repositories/MLOps_AMMI_2024/day7/lab/code/airflow/dags/part2.py for tasks to queue
[2024-09-19T14:24:23.758+0000] {logging_mixin.py:190} INFO - [2024-09-19T14:24:23.758+0000] {dagbag.py:587} INFO - Filling up the DagBag from /Users/charme/Documents/Gitub_Repositories/MLOps_AMMI_2024/day7/lab/code/airflow/dags/part2.py
[2024-09-19T14:24:23.767+0000] {processor.py:925} INFO - DAG(s) 'fetch_save_weather_data' retrieved from /Users/charme/Documents/Gitub_Repositories/MLOps_AMMI_2024/day7/lab/code/airflow/dags/part2.py
[2024-09-19T14:24:23.791+0000] {logging_mixin.py:190} INFO - [2024-09-19T14:24:23.791+0000] {dag.py:3229} INFO - Sync 1 DAGs
[2024-09-19T14:24:23.794+0000] {logging_mixin.py:190} INFO - [2024-09-19T14:24:23.794+0000] {dag.py:4156} INFO - Setting next_dagrun for fetch_save_weather_data to None, run_after=None
[2024-09-19T14:24:23.799+0000] {processor.py:208} INFO - Processing /Users/charme/Documents/Gitub_Repositories/MLOps_AMMI_2024/day7/lab/code/airflow/dags/part2.py took 0.042 seconds
[2024-09-19T14:24:54.420+0000] {processor.py:186} INFO - Started process (PID=36628) to work on /Users/charme/Documents/Gitub_Repositories/MLOps_AMMI_2024/day7/lab/code/airflow/dags/part2.py
[2024-09-19T14:24:54.421+0000] {processor.py:914} INFO - Processing file /Users/charme/Documents/Gitub_Repositories/MLOps_AMMI_2024/day7/lab/code/airflow/dags/part2.py for tasks to queue
[2024-09-19T14:24:54.421+0000] {logging_mixin.py:190} INFO - [2024-09-19T14:24:54.421+0000] {dagbag.py:587} INFO - Filling up the DagBag from /Users/charme/Documents/Gitub_Repositories/MLOps_AMMI_2024/day7/lab/code/airflow/dags/part2.py
[2024-09-19T14:24:54.429+0000] {processor.py:925} INFO - DAG(s) 'fetch_save_weather_data' retrieved from /Users/charme/Documents/Gitub_Repositories/MLOps_AMMI_2024/day7/lab/code/airflow/dags/part2.py
[2024-09-19T14:24:54.453+0000] {logging_mixin.py:190} INFO - [2024-09-19T14:24:54.453+0000] {dag.py:3229} INFO - Sync 1 DAGs
[2024-09-19T14:24:54.456+0000] {logging_mixin.py:190} INFO - [2024-09-19T14:24:54.456+0000] {dag.py:4156} INFO - Setting next_dagrun for fetch_save_weather_data to None, run_after=None
[2024-09-19T14:24:54.461+0000] {processor.py:208} INFO - Processing /Users/charme/Documents/Gitub_Repositories/MLOps_AMMI_2024/day7/lab/code/airflow/dags/part2.py took 0.042 seconds
[2024-09-19T14:25:25.325+0000] {processor.py:186} INFO - Started process (PID=36713) to work on /Users/charme/Documents/Gitub_Repositories/MLOps_AMMI_2024/day7/lab/code/airflow/dags/part2.py
[2024-09-19T14:25:25.326+0000] {processor.py:914} INFO - Processing file /Users/charme/Documents/Gitub_Repositories/MLOps_AMMI_2024/day7/lab/code/airflow/dags/part2.py for tasks to queue
[2024-09-19T14:25:25.326+0000] {logging_mixin.py:190} INFO - [2024-09-19T14:25:25.326+0000] {dagbag.py:587} INFO - Filling up the DagBag from /Users/charme/Documents/Gitub_Repositories/MLOps_AMMI_2024/day7/lab/code/airflow/dags/part2.py
[2024-09-19T14:25:25.335+0000] {processor.py:925} INFO - DAG(s) 'fetch_save_weather_data' retrieved from /Users/charme/Documents/Gitub_Repositories/MLOps_AMMI_2024/day7/lab/code/airflow/dags/part2.py
[2024-09-19T14:25:25.360+0000] {logging_mixin.py:190} INFO - [2024-09-19T14:25:25.360+0000] {dag.py:3229} INFO - Sync 1 DAGs
[2024-09-19T14:25:25.363+0000] {logging_mixin.py:190} INFO - [2024-09-19T14:25:25.363+0000] {dag.py:4156} INFO - Setting next_dagrun for fetch_save_weather_data to None, run_after=None
[2024-09-19T14:25:25.368+0000] {processor.py:208} INFO - Processing /Users/charme/Documents/Gitub_Repositories/MLOps_AMMI_2024/day7/lab/code/airflow/dags/part2.py took 0.044 seconds
[2024-09-19T14:25:56.117+0000] {processor.py:186} INFO - Started process (PID=36794) to work on /Users/charme/Documents/Gitub_Repositories/MLOps_AMMI_2024/day7/lab/code/airflow/dags/part2.py
[2024-09-19T14:25:56.118+0000] {processor.py:914} INFO - Processing file /Users/charme/Documents/Gitub_Repositories/MLOps_AMMI_2024/day7/lab/code/airflow/dags/part2.py for tasks to queue
[2024-09-19T14:25:56.119+0000] {logging_mixin.py:190} INFO - [2024-09-19T14:25:56.119+0000] {dagbag.py:587} INFO - Filling up the DagBag from /Users/charme/Documents/Gitub_Repositories/MLOps_AMMI_2024/day7/lab/code/airflow/dags/part2.py
[2024-09-19T14:25:56.127+0000] {processor.py:925} INFO - DAG(s) 'fetch_save_weather_data' retrieved from /Users/charme/Documents/Gitub_Repositories/MLOps_AMMI_2024/day7/lab/code/airflow/dags/part2.py
[2024-09-19T14:25:56.151+0000] {logging_mixin.py:190} INFO - [2024-09-19T14:25:56.151+0000] {dag.py:3229} INFO - Sync 1 DAGs
[2024-09-19T14:25:56.154+0000] {logging_mixin.py:190} INFO - [2024-09-19T14:25:56.154+0000] {dag.py:4156} INFO - Setting next_dagrun for fetch_save_weather_data to None, run_after=None
[2024-09-19T14:25:56.159+0000] {processor.py:208} INFO - Processing /Users/charme/Documents/Gitub_Repositories/MLOps_AMMI_2024/day7/lab/code/airflow/dags/part2.py took 0.043 seconds
[2024-09-19T14:26:26.969+0000] {processor.py:186} INFO - Started process (PID=36886) to work on /Users/charme/Documents/Gitub_Repositories/MLOps_AMMI_2024/day7/lab/code/airflow/dags/part2.py
[2024-09-19T14:26:26.969+0000] {processor.py:914} INFO - Processing file /Users/charme/Documents/Gitub_Repositories/MLOps_AMMI_2024/day7/lab/code/airflow/dags/part2.py for tasks to queue
[2024-09-19T14:26:26.969+0000] {logging_mixin.py:190} INFO - [2024-09-19T14:26:26.969+0000] {dagbag.py:587} INFO - Filling up the DagBag from /Users/charme/Documents/Gitub_Repositories/MLOps_AMMI_2024/day7/lab/code/airflow/dags/part2.py
[2024-09-19T14:26:26.978+0000] {processor.py:925} INFO - DAG(s) 'fetch_save_weather_data' retrieved from /Users/charme/Documents/Gitub_Repositories/MLOps_AMMI_2024/day7/lab/code/airflow/dags/part2.py
[2024-09-19T14:26:27.002+0000] {logging_mixin.py:190} INFO - [2024-09-19T14:26:27.002+0000] {dag.py:3229} INFO - Sync 1 DAGs
[2024-09-19T14:26:27.004+0000] {logging_mixin.py:190} INFO - [2024-09-19T14:26:27.004+0000] {dag.py:4156} INFO - Setting next_dagrun for fetch_save_weather_data to None, run_after=None
[2024-09-19T14:26:27.009+0000] {processor.py:208} INFO - Processing /Users/charme/Documents/Gitub_Repositories/MLOps_AMMI_2024/day7/lab/code/airflow/dags/part2.py took 0.042 seconds
[2024-09-19T14:26:57.881+0000] {processor.py:186} INFO - Started process (PID=36952) to work on /Users/charme/Documents/Gitub_Repositories/MLOps_AMMI_2024/day7/lab/code/airflow/dags/part2.py
[2024-09-19T14:26:57.882+0000] {processor.py:914} INFO - Processing file /Users/charme/Documents/Gitub_Repositories/MLOps_AMMI_2024/day7/lab/code/airflow/dags/part2.py for tasks to queue
[2024-09-19T14:26:57.882+0000] {logging_mixin.py:190} INFO - [2024-09-19T14:26:57.882+0000] {dagbag.py:587} INFO - Filling up the DagBag from /Users/charme/Documents/Gitub_Repositories/MLOps_AMMI_2024/day7/lab/code/airflow/dags/part2.py
[2024-09-19T14:26:57.890+0000] {processor.py:925} INFO - DAG(s) 'fetch_save_weather_data' retrieved from /Users/charme/Documents/Gitub_Repositories/MLOps_AMMI_2024/day7/lab/code/airflow/dags/part2.py
[2024-09-19T14:26:57.913+0000] {logging_mixin.py:190} INFO - [2024-09-19T14:26:57.913+0000] {dag.py:3229} INFO - Sync 1 DAGs
[2024-09-19T14:26:57.916+0000] {logging_mixin.py:190} INFO - [2024-09-19T14:26:57.916+0000] {dag.py:4156} INFO - Setting next_dagrun for fetch_save_weather_data to None, run_after=None
[2024-09-19T14:26:57.921+0000] {processor.py:208} INFO - Processing /Users/charme/Documents/Gitub_Repositories/MLOps_AMMI_2024/day7/lab/code/airflow/dags/part2.py took 0.041 seconds
[2024-09-19T14:27:28.827+0000] {processor.py:186} INFO - Started process (PID=37014) to work on /Users/charme/Documents/Gitub_Repositories/MLOps_AMMI_2024/day7/lab/code/airflow/dags/part2.py
[2024-09-19T14:27:28.827+0000] {processor.py:914} INFO - Processing file /Users/charme/Documents/Gitub_Repositories/MLOps_AMMI_2024/day7/lab/code/airflow/dags/part2.py for tasks to queue
[2024-09-19T14:27:28.827+0000] {logging_mixin.py:190} INFO - [2024-09-19T14:27:28.827+0000] {dagbag.py:587} INFO - Filling up the DagBag from /Users/charme/Documents/Gitub_Repositories/MLOps_AMMI_2024/day7/lab/code/airflow/dags/part2.py
[2024-09-19T14:27:28.835+0000] {processor.py:925} INFO - DAG(s) 'fetch_save_weather_data' retrieved from /Users/charme/Documents/Gitub_Repositories/MLOps_AMMI_2024/day7/lab/code/airflow/dags/part2.py
[2024-09-19T14:27:28.859+0000] {logging_mixin.py:190} INFO - [2024-09-19T14:27:28.859+0000] {dag.py:3229} INFO - Sync 1 DAGs
[2024-09-19T14:27:28.862+0000] {logging_mixin.py:190} INFO - [2024-09-19T14:27:28.862+0000] {dag.py:4156} INFO - Setting next_dagrun for fetch_save_weather_data to None, run_after=None
[2024-09-19T14:27:28.867+0000] {processor.py:208} INFO - Processing /Users/charme/Documents/Gitub_Repositories/MLOps_AMMI_2024/day7/lab/code/airflow/dags/part2.py took 0.041 seconds
[2024-09-19T14:27:59.691+0000] {processor.py:186} INFO - Started process (PID=37094) to work on /Users/charme/Documents/Gitub_Repositories/MLOps_AMMI_2024/day7/lab/code/airflow/dags/part2.py
[2024-09-19T14:27:59.692+0000] {processor.py:914} INFO - Processing file /Users/charme/Documents/Gitub_Repositories/MLOps_AMMI_2024/day7/lab/code/airflow/dags/part2.py for tasks to queue
[2024-09-19T14:27:59.693+0000] {logging_mixin.py:190} INFO - [2024-09-19T14:27:59.692+0000] {dagbag.py:587} INFO - Filling up the DagBag from /Users/charme/Documents/Gitub_Repositories/MLOps_AMMI_2024/day7/lab/code/airflow/dags/part2.py
[2024-09-19T14:27:59.701+0000] {processor.py:925} INFO - DAG(s) 'fetch_save_weather_data' retrieved from /Users/charme/Documents/Gitub_Repositories/MLOps_AMMI_2024/day7/lab/code/airflow/dags/part2.py
[2024-09-19T14:27:59.728+0000] {logging_mixin.py:190} INFO - [2024-09-19T14:27:59.728+0000] {dag.py:3229} INFO - Sync 1 DAGs
[2024-09-19T14:27:59.731+0000] {logging_mixin.py:190} INFO - [2024-09-19T14:27:59.731+0000] {dag.py:4156} INFO - Setting next_dagrun for fetch_save_weather_data to None, run_after=None
[2024-09-19T14:27:59.736+0000] {processor.py:208} INFO - Processing /Users/charme/Documents/Gitub_Repositories/MLOps_AMMI_2024/day7/lab/code/airflow/dags/part2.py took 0.047 seconds
[2024-09-19T14:28:30.605+0000] {processor.py:186} INFO - Started process (PID=37185) to work on /Users/charme/Documents/Gitub_Repositories/MLOps_AMMI_2024/day7/lab/code/airflow/dags/part2.py
[2024-09-19T14:28:30.606+0000] {processor.py:914} INFO - Processing file /Users/charme/Documents/Gitub_Repositories/MLOps_AMMI_2024/day7/lab/code/airflow/dags/part2.py for tasks to queue
[2024-09-19T14:28:30.606+0000] {logging_mixin.py:190} INFO - [2024-09-19T14:28:30.606+0000] {dagbag.py:587} INFO - Filling up the DagBag from /Users/charme/Documents/Gitub_Repositories/MLOps_AMMI_2024/day7/lab/code/airflow/dags/part2.py
[2024-09-19T14:28:30.614+0000] {processor.py:925} INFO - DAG(s) 'fetch_save_weather_data' retrieved from /Users/charme/Documents/Gitub_Repositories/MLOps_AMMI_2024/day7/lab/code/airflow/dags/part2.py
[2024-09-19T14:28:30.638+0000] {logging_mixin.py:190} INFO - [2024-09-19T14:28:30.638+0000] {dag.py:3229} INFO - Sync 1 DAGs
[2024-09-19T14:28:30.641+0000] {logging_mixin.py:190} INFO - [2024-09-19T14:28:30.641+0000] {dag.py:4156} INFO - Setting next_dagrun for fetch_save_weather_data to None, run_after=None
[2024-09-19T14:28:30.645+0000] {processor.py:208} INFO - Processing /Users/charme/Documents/Gitub_Repositories/MLOps_AMMI_2024/day7/lab/code/airflow/dags/part2.py took 0.042 seconds
[2024-09-19T14:29:01.552+0000] {processor.py:186} INFO - Started process (PID=37252) to work on /Users/charme/Documents/Gitub_Repositories/MLOps_AMMI_2024/day7/lab/code/airflow/dags/part2.py
[2024-09-19T14:29:01.552+0000] {processor.py:914} INFO - Processing file /Users/charme/Documents/Gitub_Repositories/MLOps_AMMI_2024/day7/lab/code/airflow/dags/part2.py for tasks to queue
[2024-09-19T14:29:01.553+0000] {logging_mixin.py:190} INFO - [2024-09-19T14:29:01.553+0000] {dagbag.py:587} INFO - Filling up the DagBag from /Users/charme/Documents/Gitub_Repositories/MLOps_AMMI_2024/day7/lab/code/airflow/dags/part2.py
[2024-09-19T14:29:01.560+0000] {processor.py:925} INFO - DAG(s) 'fetch_save_weather_data' retrieved from /Users/charme/Documents/Gitub_Repositories/MLOps_AMMI_2024/day7/lab/code/airflow/dags/part2.py
[2024-09-19T14:29:01.588+0000] {logging_mixin.py:190} INFO - [2024-09-19T14:29:01.588+0000] {dag.py:3229} INFO - Sync 1 DAGs
[2024-09-19T14:29:01.600+0000] {logging_mixin.py:190} INFO - [2024-09-19T14:29:01.600+0000] {dag.py:4156} INFO - Setting next_dagrun for fetch_save_weather_data to None, run_after=None
[2024-09-19T14:29:01.620+0000] {processor.py:208} INFO - Processing /Users/charme/Documents/Gitub_Repositories/MLOps_AMMI_2024/day7/lab/code/airflow/dags/part2.py took 0.069 seconds
[2024-09-19T14:29:32.451+0000] {processor.py:186} INFO - Started process (PID=37338) to work on /Users/charme/Documents/Gitub_Repositories/MLOps_AMMI_2024/day7/lab/code/airflow/dags/part2.py
[2024-09-19T14:29:32.452+0000] {processor.py:914} INFO - Processing file /Users/charme/Documents/Gitub_Repositories/MLOps_AMMI_2024/day7/lab/code/airflow/dags/part2.py for tasks to queue
[2024-09-19T14:29:32.453+0000] {logging_mixin.py:190} INFO - [2024-09-19T14:29:32.452+0000] {dagbag.py:587} INFO - Filling up the DagBag from /Users/charme/Documents/Gitub_Repositories/MLOps_AMMI_2024/day7/lab/code/airflow/dags/part2.py
[2024-09-19T14:29:32.461+0000] {processor.py:925} INFO - DAG(s) 'fetch_save_weather_data' retrieved from /Users/charme/Documents/Gitub_Repositories/MLOps_AMMI_2024/day7/lab/code/airflow/dags/part2.py
[2024-09-19T14:29:32.486+0000] {logging_mixin.py:190} INFO - [2024-09-19T14:29:32.486+0000] {dag.py:3229} INFO - Sync 1 DAGs
[2024-09-19T14:29:32.489+0000] {logging_mixin.py:190} INFO - [2024-09-19T14:29:32.489+0000] {dag.py:4156} INFO - Setting next_dagrun for fetch_save_weather_data to None, run_after=None
[2024-09-19T14:29:32.493+0000] {processor.py:208} INFO - Processing /Users/charme/Documents/Gitub_Repositories/MLOps_AMMI_2024/day7/lab/code/airflow/dags/part2.py took 0.043 seconds
[2024-09-19T14:30:03.318+0000] {processor.py:186} INFO - Started process (PID=37413) to work on /Users/charme/Documents/Gitub_Repositories/MLOps_AMMI_2024/day7/lab/code/airflow/dags/part2.py
[2024-09-19T14:30:03.319+0000] {processor.py:914} INFO - Processing file /Users/charme/Documents/Gitub_Repositories/MLOps_AMMI_2024/day7/lab/code/airflow/dags/part2.py for tasks to queue
[2024-09-19T14:30:03.320+0000] {logging_mixin.py:190} INFO - [2024-09-19T14:30:03.320+0000] {dagbag.py:587} INFO - Filling up the DagBag from /Users/charme/Documents/Gitub_Repositories/MLOps_AMMI_2024/day7/lab/code/airflow/dags/part2.py
[2024-09-19T14:30:03.328+0000] {processor.py:925} INFO - DAG(s) 'fetch_save_weather_data' retrieved from /Users/charme/Documents/Gitub_Repositories/MLOps_AMMI_2024/day7/lab/code/airflow/dags/part2.py
[2024-09-19T14:30:03.353+0000] {logging_mixin.py:190} INFO - [2024-09-19T14:30:03.353+0000] {dag.py:3229} INFO - Sync 1 DAGs
[2024-09-19T14:30:03.356+0000] {logging_mixin.py:190} INFO - [2024-09-19T14:30:03.356+0000] {dag.py:4156} INFO - Setting next_dagrun for fetch_save_weather_data to None, run_after=None
[2024-09-19T14:30:03.364+0000] {processor.py:208} INFO - Processing /Users/charme/Documents/Gitub_Repositories/MLOps_AMMI_2024/day7/lab/code/airflow/dags/part2.py took 0.047 seconds
[2024-09-19T14:30:34.248+0000] {processor.py:186} INFO - Started process (PID=37478) to work on /Users/charme/Documents/Gitub_Repositories/MLOps_AMMI_2024/day7/lab/code/airflow/dags/part2.py
[2024-09-19T14:30:34.248+0000] {processor.py:914} INFO - Processing file /Users/charme/Documents/Gitub_Repositories/MLOps_AMMI_2024/day7/lab/code/airflow/dags/part2.py for tasks to queue
[2024-09-19T14:30:34.248+0000] {logging_mixin.py:190} INFO - [2024-09-19T14:30:34.248+0000] {dagbag.py:587} INFO - Filling up the DagBag from /Users/charme/Documents/Gitub_Repositories/MLOps_AMMI_2024/day7/lab/code/airflow/dags/part2.py
[2024-09-19T14:30:34.256+0000] {processor.py:925} INFO - DAG(s) 'fetch_save_weather_data' retrieved from /Users/charme/Documents/Gitub_Repositories/MLOps_AMMI_2024/day7/lab/code/airflow/dags/part2.py
[2024-09-19T14:30:34.280+0000] {logging_mixin.py:190} INFO - [2024-09-19T14:30:34.280+0000] {dag.py:3229} INFO - Sync 1 DAGs
[2024-09-19T14:30:34.283+0000] {logging_mixin.py:190} INFO - [2024-09-19T14:30:34.283+0000] {dag.py:4156} INFO - Setting next_dagrun for fetch_save_weather_data to None, run_after=None
[2024-09-19T14:30:34.288+0000] {processor.py:208} INFO - Processing /Users/charme/Documents/Gitub_Repositories/MLOps_AMMI_2024/day7/lab/code/airflow/dags/part2.py took 0.041 seconds
[2024-09-19T14:31:05.139+0000] {processor.py:186} INFO - Started process (PID=37577) to work on /Users/charme/Documents/Gitub_Repositories/MLOps_AMMI_2024/day7/lab/code/airflow/dags/part2.py
[2024-09-19T14:31:05.140+0000] {processor.py:914} INFO - Processing file /Users/charme/Documents/Gitub_Repositories/MLOps_AMMI_2024/day7/lab/code/airflow/dags/part2.py for tasks to queue
[2024-09-19T14:31:05.140+0000] {logging_mixin.py:190} INFO - [2024-09-19T14:31:05.140+0000] {dagbag.py:587} INFO - Filling up the DagBag from /Users/charme/Documents/Gitub_Repositories/MLOps_AMMI_2024/day7/lab/code/airflow/dags/part2.py
[2024-09-19T14:31:05.148+0000] {processor.py:925} INFO - DAG(s) 'fetch_save_weather_data' retrieved from /Users/charme/Documents/Gitub_Repositories/MLOps_AMMI_2024/day7/lab/code/airflow/dags/part2.py
[2024-09-19T14:31:05.173+0000] {logging_mixin.py:190} INFO - [2024-09-19T14:31:05.173+0000] {dag.py:3229} INFO - Sync 1 DAGs
[2024-09-19T14:31:05.176+0000] {logging_mixin.py:190} INFO - [2024-09-19T14:31:05.176+0000] {dag.py:4156} INFO - Setting next_dagrun for fetch_save_weather_data to None, run_after=None
[2024-09-19T14:31:05.181+0000] {processor.py:208} INFO - Processing /Users/charme/Documents/Gitub_Repositories/MLOps_AMMI_2024/day7/lab/code/airflow/dags/part2.py took 0.043 seconds
[2024-09-19T14:31:35.998+0000] {processor.py:186} INFO - Started process (PID=37668) to work on /Users/charme/Documents/Gitub_Repositories/MLOps_AMMI_2024/day7/lab/code/airflow/dags/part2.py
[2024-09-19T14:31:35.999+0000] {processor.py:914} INFO - Processing file /Users/charme/Documents/Gitub_Repositories/MLOps_AMMI_2024/day7/lab/code/airflow/dags/part2.py for tasks to queue
[2024-09-19T14:31:35.999+0000] {logging_mixin.py:190} INFO - [2024-09-19T14:31:35.999+0000] {dagbag.py:587} INFO - Filling up the DagBag from /Users/charme/Documents/Gitub_Repositories/MLOps_AMMI_2024/day7/lab/code/airflow/dags/part2.py
[2024-09-19T14:31:36.007+0000] {processor.py:925} INFO - DAG(s) 'fetch_save_weather_data' retrieved from /Users/charme/Documents/Gitub_Repositories/MLOps_AMMI_2024/day7/lab/code/airflow/dags/part2.py
[2024-09-19T14:31:36.032+0000] {logging_mixin.py:190} INFO - [2024-09-19T14:31:36.032+0000] {dag.py:3229} INFO - Sync 1 DAGs
[2024-09-19T14:31:36.035+0000] {logging_mixin.py:190} INFO - [2024-09-19T14:31:36.035+0000] {dag.py:4156} INFO - Setting next_dagrun for fetch_save_weather_data to None, run_after=None
[2024-09-19T14:31:36.040+0000] {processor.py:208} INFO - Processing /Users/charme/Documents/Gitub_Repositories/MLOps_AMMI_2024/day7/lab/code/airflow/dags/part2.py took 0.042 seconds
[2024-09-19T14:32:06.837+0000] {processor.py:186} INFO - Started process (PID=37754) to work on /Users/charme/Documents/Gitub_Repositories/MLOps_AMMI_2024/day7/lab/code/airflow/dags/part2.py
[2024-09-19T14:32:06.837+0000] {processor.py:914} INFO - Processing file /Users/charme/Documents/Gitub_Repositories/MLOps_AMMI_2024/day7/lab/code/airflow/dags/part2.py for tasks to queue
[2024-09-19T14:32:06.837+0000] {logging_mixin.py:190} INFO - [2024-09-19T14:32:06.837+0000] {dagbag.py:587} INFO - Filling up the DagBag from /Users/charme/Documents/Gitub_Repositories/MLOps_AMMI_2024/day7/lab/code/airflow/dags/part2.py
[2024-09-19T14:32:06.846+0000] {processor.py:925} INFO - DAG(s) 'fetch_save_weather_data' retrieved from /Users/charme/Documents/Gitub_Repositories/MLOps_AMMI_2024/day7/lab/code/airflow/dags/part2.py
[2024-09-19T14:32:06.870+0000] {logging_mixin.py:190} INFO - [2024-09-19T14:32:06.870+0000] {dag.py:3229} INFO - Sync 1 DAGs
[2024-09-19T14:32:06.873+0000] {logging_mixin.py:190} INFO - [2024-09-19T14:32:06.873+0000] {dag.py:4156} INFO - Setting next_dagrun for fetch_save_weather_data to None, run_after=None
[2024-09-19T14:32:06.878+0000] {processor.py:208} INFO - Processing /Users/charme/Documents/Gitub_Repositories/MLOps_AMMI_2024/day7/lab/code/airflow/dags/part2.py took 0.043 seconds
[2024-09-19T14:32:37.718+0000] {processor.py:186} INFO - Started process (PID=37864) to work on /Users/charme/Documents/Gitub_Repositories/MLOps_AMMI_2024/day7/lab/code/airflow/dags/part2.py
[2024-09-19T14:32:37.718+0000] {processor.py:914} INFO - Processing file /Users/charme/Documents/Gitub_Repositories/MLOps_AMMI_2024/day7/lab/code/airflow/dags/part2.py for tasks to queue
[2024-09-19T14:32:37.718+0000] {logging_mixin.py:190} INFO - [2024-09-19T14:32:37.718+0000] {dagbag.py:587} INFO - Filling up the DagBag from /Users/charme/Documents/Gitub_Repositories/MLOps_AMMI_2024/day7/lab/code/airflow/dags/part2.py
[2024-09-19T14:32:37.727+0000] {processor.py:925} INFO - DAG(s) 'fetch_save_weather_data' retrieved from /Users/charme/Documents/Gitub_Repositories/MLOps_AMMI_2024/day7/lab/code/airflow/dags/part2.py
[2024-09-19T14:32:37.752+0000] {logging_mixin.py:190} INFO - [2024-09-19T14:32:37.751+0000] {dag.py:3229} INFO - Sync 1 DAGs
[2024-09-19T14:32:37.754+0000] {logging_mixin.py:190} INFO - [2024-09-19T14:32:37.754+0000] {dag.py:4156} INFO - Setting next_dagrun for fetch_save_weather_data to None, run_after=None
[2024-09-19T14:32:37.759+0000] {processor.py:208} INFO - Processing /Users/charme/Documents/Gitub_Repositories/MLOps_AMMI_2024/day7/lab/code/airflow/dags/part2.py took 0.043 seconds
[2024-09-19T14:33:08.578+0000] {processor.py:186} INFO - Started process (PID=37951) to work on /Users/charme/Documents/Gitub_Repositories/MLOps_AMMI_2024/day7/lab/code/airflow/dags/part2.py
[2024-09-19T14:33:08.579+0000] {processor.py:914} INFO - Processing file /Users/charme/Documents/Gitub_Repositories/MLOps_AMMI_2024/day7/lab/code/airflow/dags/part2.py for tasks to queue
[2024-09-19T14:33:08.579+0000] {logging_mixin.py:190} INFO - [2024-09-19T14:33:08.579+0000] {dagbag.py:587} INFO - Filling up the DagBag from /Users/charme/Documents/Gitub_Repositories/MLOps_AMMI_2024/day7/lab/code/airflow/dags/part2.py
[2024-09-19T14:33:08.591+0000] {processor.py:925} INFO - DAG(s) 'fetch_save_weather_data' retrieved from /Users/charme/Documents/Gitub_Repositories/MLOps_AMMI_2024/day7/lab/code/airflow/dags/part2.py
[2024-09-19T14:33:08.617+0000] {logging_mixin.py:190} INFO - [2024-09-19T14:33:08.616+0000] {dag.py:3229} INFO - Sync 1 DAGs
[2024-09-19T14:33:08.619+0000] {logging_mixin.py:190} INFO - [2024-09-19T14:33:08.619+0000] {dag.py:4156} INFO - Setting next_dagrun for fetch_save_weather_data to None, run_after=None
[2024-09-19T14:33:08.624+0000] {processor.py:208} INFO - Processing /Users/charme/Documents/Gitub_Repositories/MLOps_AMMI_2024/day7/lab/code/airflow/dags/part2.py took 0.048 seconds
[2024-09-19T14:33:39.448+0000] {processor.py:186} INFO - Started process (PID=38034) to work on /Users/charme/Documents/Gitub_Repositories/MLOps_AMMI_2024/day7/lab/code/airflow/dags/part2.py
[2024-09-19T14:33:39.449+0000] {processor.py:914} INFO - Processing file /Users/charme/Documents/Gitub_Repositories/MLOps_AMMI_2024/day7/lab/code/airflow/dags/part2.py for tasks to queue
[2024-09-19T14:33:39.449+0000] {logging_mixin.py:190} INFO - [2024-09-19T14:33:39.449+0000] {dagbag.py:587} INFO - Filling up the DagBag from /Users/charme/Documents/Gitub_Repositories/MLOps_AMMI_2024/day7/lab/code/airflow/dags/part2.py
[2024-09-19T14:33:39.457+0000] {processor.py:925} INFO - DAG(s) 'fetch_save_weather_data' retrieved from /Users/charme/Documents/Gitub_Repositories/MLOps_AMMI_2024/day7/lab/code/airflow/dags/part2.py
[2024-09-19T14:33:39.481+0000] {logging_mixin.py:190} INFO - [2024-09-19T14:33:39.481+0000] {dag.py:3229} INFO - Sync 1 DAGs
[2024-09-19T14:33:39.484+0000] {logging_mixin.py:190} INFO - [2024-09-19T14:33:39.484+0000] {dag.py:4156} INFO - Setting next_dagrun for fetch_save_weather_data to None, run_after=None
[2024-09-19T14:33:39.489+0000] {processor.py:208} INFO - Processing /Users/charme/Documents/Gitub_Repositories/MLOps_AMMI_2024/day7/lab/code/airflow/dags/part2.py took 0.042 seconds
[2024-09-19T14:34:10.294+0000] {processor.py:186} INFO - Started process (PID=38121) to work on /Users/charme/Documents/Gitub_Repositories/MLOps_AMMI_2024/day7/lab/code/airflow/dags/part2.py
[2024-09-19T14:34:10.295+0000] {processor.py:914} INFO - Processing file /Users/charme/Documents/Gitub_Repositories/MLOps_AMMI_2024/day7/lab/code/airflow/dags/part2.py for tasks to queue
[2024-09-19T14:34:10.295+0000] {logging_mixin.py:190} INFO - [2024-09-19T14:34:10.295+0000] {dagbag.py:587} INFO - Filling up the DagBag from /Users/charme/Documents/Gitub_Repositories/MLOps_AMMI_2024/day7/lab/code/airflow/dags/part2.py
[2024-09-19T14:34:10.303+0000] {processor.py:925} INFO - DAG(s) 'fetch_save_weather_data' retrieved from /Users/charme/Documents/Gitub_Repositories/MLOps_AMMI_2024/day7/lab/code/airflow/dags/part2.py
[2024-09-19T14:34:10.328+0000] {logging_mixin.py:190} INFO - [2024-09-19T14:34:10.328+0000] {dag.py:3229} INFO - Sync 1 DAGs
[2024-09-19T14:34:10.331+0000] {logging_mixin.py:190} INFO - [2024-09-19T14:34:10.331+0000] {dag.py:4156} INFO - Setting next_dagrun for fetch_save_weather_data to None, run_after=None
[2024-09-19T14:34:10.336+0000] {processor.py:208} INFO - Processing /Users/charme/Documents/Gitub_Repositories/MLOps_AMMI_2024/day7/lab/code/airflow/dags/part2.py took 0.043 seconds
[2024-09-19T14:34:41.192+0000] {processor.py:186} INFO - Started process (PID=38188) to work on /Users/charme/Documents/Gitub_Repositories/MLOps_AMMI_2024/day7/lab/code/airflow/dags/part2.py
[2024-09-19T14:34:41.193+0000] {processor.py:914} INFO - Processing file /Users/charme/Documents/Gitub_Repositories/MLOps_AMMI_2024/day7/lab/code/airflow/dags/part2.py for tasks to queue
[2024-09-19T14:34:41.193+0000] {logging_mixin.py:190} INFO - [2024-09-19T14:34:41.193+0000] {dagbag.py:587} INFO - Filling up the DagBag from /Users/charme/Documents/Gitub_Repositories/MLOps_AMMI_2024/day7/lab/code/airflow/dags/part2.py
[2024-09-19T14:34:41.202+0000] {processor.py:925} INFO - DAG(s) 'fetch_save_weather_data' retrieved from /Users/charme/Documents/Gitub_Repositories/MLOps_AMMI_2024/day7/lab/code/airflow/dags/part2.py
[2024-09-19T14:34:41.226+0000] {logging_mixin.py:190} INFO - [2024-09-19T14:34:41.226+0000] {dag.py:3229} INFO - Sync 1 DAGs
[2024-09-19T14:34:41.229+0000] {logging_mixin.py:190} INFO - [2024-09-19T14:34:41.229+0000] {dag.py:4156} INFO - Setting next_dagrun for fetch_save_weather_data to None, run_after=None
[2024-09-19T14:34:41.234+0000] {processor.py:208} INFO - Processing /Users/charme/Documents/Gitub_Repositories/MLOps_AMMI_2024/day7/lab/code/airflow/dags/part2.py took 0.043 seconds
[2024-09-19T14:35:12.123+0000] {processor.py:186} INFO - Started process (PID=38252) to work on /Users/charme/Documents/Gitub_Repositories/MLOps_AMMI_2024/day7/lab/code/airflow/dags/part2.py
[2024-09-19T14:35:12.124+0000] {processor.py:914} INFO - Processing file /Users/charme/Documents/Gitub_Repositories/MLOps_AMMI_2024/day7/lab/code/airflow/dags/part2.py for tasks to queue
[2024-09-19T14:35:12.124+0000] {logging_mixin.py:190} INFO - [2024-09-19T14:35:12.124+0000] {dagbag.py:587} INFO - Filling up the DagBag from /Users/charme/Documents/Gitub_Repositories/MLOps_AMMI_2024/day7/lab/code/airflow/dags/part2.py
[2024-09-19T14:35:12.132+0000] {processor.py:925} INFO - DAG(s) 'fetch_save_weather_data' retrieved from /Users/charme/Documents/Gitub_Repositories/MLOps_AMMI_2024/day7/lab/code/airflow/dags/part2.py
[2024-09-19T14:35:12.156+0000] {logging_mixin.py:190} INFO - [2024-09-19T14:35:12.156+0000] {dag.py:3229} INFO - Sync 1 DAGs
[2024-09-19T14:35:12.159+0000] {logging_mixin.py:190} INFO - [2024-09-19T14:35:12.159+0000] {dag.py:4156} INFO - Setting next_dagrun for fetch_save_weather_data to None, run_after=None
[2024-09-19T14:35:12.164+0000] {processor.py:208} INFO - Processing /Users/charme/Documents/Gitub_Repositories/MLOps_AMMI_2024/day7/lab/code/airflow/dags/part2.py took 0.042 seconds
[2024-09-19T14:35:43.036+0000] {processor.py:186} INFO - Started process (PID=38319) to work on /Users/charme/Documents/Gitub_Repositories/MLOps_AMMI_2024/day7/lab/code/airflow/dags/part2.py
[2024-09-19T14:35:43.037+0000] {processor.py:914} INFO - Processing file /Users/charme/Documents/Gitub_Repositories/MLOps_AMMI_2024/day7/lab/code/airflow/dags/part2.py for tasks to queue
[2024-09-19T14:35:43.037+0000] {logging_mixin.py:190} INFO - [2024-09-19T14:35:43.037+0000] {dagbag.py:587} INFO - Filling up the DagBag from /Users/charme/Documents/Gitub_Repositories/MLOps_AMMI_2024/day7/lab/code/airflow/dags/part2.py
[2024-09-19T14:35:43.046+0000] {processor.py:925} INFO - DAG(s) 'fetch_save_weather_data' retrieved from /Users/charme/Documents/Gitub_Repositories/MLOps_AMMI_2024/day7/lab/code/airflow/dags/part2.py
[2024-09-19T14:35:43.072+0000] {logging_mixin.py:190} INFO - [2024-09-19T14:35:43.072+0000] {dag.py:3229} INFO - Sync 1 DAGs
[2024-09-19T14:35:43.076+0000] {logging_mixin.py:190} INFO - [2024-09-19T14:35:43.076+0000] {dag.py:4156} INFO - Setting next_dagrun for fetch_save_weather_data to None, run_after=None
[2024-09-19T14:35:43.081+0000] {processor.py:208} INFO - Processing /Users/charme/Documents/Gitub_Repositories/MLOps_AMMI_2024/day7/lab/code/airflow/dags/part2.py took 0.046 seconds
[2024-09-19T14:36:14.021+0000] {processor.py:186} INFO - Started process (PID=38386) to work on /Users/charme/Documents/Gitub_Repositories/MLOps_AMMI_2024/day7/lab/code/airflow/dags/part2.py
[2024-09-19T14:36:14.021+0000] {processor.py:914} INFO - Processing file /Users/charme/Documents/Gitub_Repositories/MLOps_AMMI_2024/day7/lab/code/airflow/dags/part2.py for tasks to queue
[2024-09-19T14:36:14.021+0000] {logging_mixin.py:190} INFO - [2024-09-19T14:36:14.021+0000] {dagbag.py:587} INFO - Filling up the DagBag from /Users/charme/Documents/Gitub_Repositories/MLOps_AMMI_2024/day7/lab/code/airflow/dags/part2.py
[2024-09-19T14:36:14.029+0000] {processor.py:925} INFO - DAG(s) 'fetch_save_weather_data' retrieved from /Users/charme/Documents/Gitub_Repositories/MLOps_AMMI_2024/day7/lab/code/airflow/dags/part2.py
[2024-09-19T14:36:14.054+0000] {logging_mixin.py:190} INFO - [2024-09-19T14:36:14.054+0000] {dag.py:3229} INFO - Sync 1 DAGs
[2024-09-19T14:36:14.058+0000] {logging_mixin.py:190} INFO - [2024-09-19T14:36:14.058+0000] {dag.py:4156} INFO - Setting next_dagrun for fetch_save_weather_data to None, run_after=None
[2024-09-19T14:36:14.062+0000] {processor.py:208} INFO - Processing /Users/charme/Documents/Gitub_Repositories/MLOps_AMMI_2024/day7/lab/code/airflow/dags/part2.py took 0.043 seconds
[2024-09-19T14:36:45.207+0000] {processor.py:186} INFO - Started process (PID=38447) to work on /Users/charme/Documents/Gitub_Repositories/MLOps_AMMI_2024/day7/lab/code/airflow/dags/part2.py
[2024-09-19T14:36:45.208+0000] {processor.py:914} INFO - Processing file /Users/charme/Documents/Gitub_Repositories/MLOps_AMMI_2024/day7/lab/code/airflow/dags/part2.py for tasks to queue
[2024-09-19T14:36:45.208+0000] {logging_mixin.py:190} INFO - [2024-09-19T14:36:45.208+0000] {dagbag.py:587} INFO - Filling up the DagBag from /Users/charme/Documents/Gitub_Repositories/MLOps_AMMI_2024/day7/lab/code/airflow/dags/part2.py
[2024-09-19T14:36:45.217+0000] {processor.py:925} INFO - DAG(s) 'fetch_save_weather_data' retrieved from /Users/charme/Documents/Gitub_Repositories/MLOps_AMMI_2024/day7/lab/code/airflow/dags/part2.py
[2024-09-19T14:36:45.249+0000] {logging_mixin.py:190} INFO - [2024-09-19T14:36:45.249+0000] {dag.py:3229} INFO - Sync 1 DAGs
[2024-09-19T14:36:45.253+0000] {logging_mixin.py:190} INFO - [2024-09-19T14:36:45.252+0000] {dag.py:4156} INFO - Setting next_dagrun for fetch_save_weather_data to None, run_after=None
[2024-09-19T14:36:45.259+0000] {processor.py:208} INFO - Processing /Users/charme/Documents/Gitub_Repositories/MLOps_AMMI_2024/day7/lab/code/airflow/dags/part2.py took 0.053 seconds
[2024-09-19T14:37:16.191+0000] {processor.py:186} INFO - Started process (PID=38515) to work on /Users/charme/Documents/Gitub_Repositories/MLOps_AMMI_2024/day7/lab/code/airflow/dags/part2.py
[2024-09-19T14:37:16.192+0000] {processor.py:914} INFO - Processing file /Users/charme/Documents/Gitub_Repositories/MLOps_AMMI_2024/day7/lab/code/airflow/dags/part2.py for tasks to queue
[2024-09-19T14:37:16.193+0000] {logging_mixin.py:190} INFO - [2024-09-19T14:37:16.192+0000] {dagbag.py:587} INFO - Filling up the DagBag from /Users/charme/Documents/Gitub_Repositories/MLOps_AMMI_2024/day7/lab/code/airflow/dags/part2.py
[2024-09-19T14:37:16.202+0000] {processor.py:925} INFO - DAG(s) 'fetch_save_weather_data' retrieved from /Users/charme/Documents/Gitub_Repositories/MLOps_AMMI_2024/day7/lab/code/airflow/dags/part2.py
[2024-09-19T14:37:16.229+0000] {logging_mixin.py:190} INFO - [2024-09-19T14:37:16.229+0000] {dag.py:3229} INFO - Sync 1 DAGs
[2024-09-19T14:37:16.233+0000] {logging_mixin.py:190} INFO - [2024-09-19T14:37:16.233+0000] {dag.py:4156} INFO - Setting next_dagrun for fetch_save_weather_data to None, run_after=None
[2024-09-19T14:37:16.238+0000] {processor.py:208} INFO - Processing /Users/charme/Documents/Gitub_Repositories/MLOps_AMMI_2024/day7/lab/code/airflow/dags/part2.py took 0.049 seconds
[2024-09-19T14:37:47.391+0000] {processor.py:186} INFO - Started process (PID=38578) to work on /Users/charme/Documents/Gitub_Repositories/MLOps_AMMI_2024/day7/lab/code/airflow/dags/part2.py
[2024-09-19T14:37:47.392+0000] {processor.py:914} INFO - Processing file /Users/charme/Documents/Gitub_Repositories/MLOps_AMMI_2024/day7/lab/code/airflow/dags/part2.py for tasks to queue
[2024-09-19T14:37:47.392+0000] {logging_mixin.py:190} INFO - [2024-09-19T14:37:47.392+0000] {dagbag.py:587} INFO - Filling up the DagBag from /Users/charme/Documents/Gitub_Repositories/MLOps_AMMI_2024/day7/lab/code/airflow/dags/part2.py
[2024-09-19T14:37:47.401+0000] {processor.py:925} INFO - DAG(s) 'fetch_save_weather_data' retrieved from /Users/charme/Documents/Gitub_Repositories/MLOps_AMMI_2024/day7/lab/code/airflow/dags/part2.py
[2024-09-19T14:37:47.425+0000] {logging_mixin.py:190} INFO - [2024-09-19T14:37:47.425+0000] {dag.py:3229} INFO - Sync 1 DAGs
[2024-09-19T14:37:47.428+0000] {logging_mixin.py:190} INFO - [2024-09-19T14:37:47.428+0000] {dag.py:4156} INFO - Setting next_dagrun for fetch_save_weather_data to None, run_after=None
[2024-09-19T14:37:47.433+0000] {processor.py:208} INFO - Processing /Users/charme/Documents/Gitub_Repositories/MLOps_AMMI_2024/day7/lab/code/airflow/dags/part2.py took 0.044 seconds
[2024-09-19T14:38:18.219+0000] {processor.py:186} INFO - Started process (PID=38644) to work on /Users/charme/Documents/Gitub_Repositories/MLOps_AMMI_2024/day7/lab/code/airflow/dags/part2.py
[2024-09-19T14:38:18.219+0000] {processor.py:914} INFO - Processing file /Users/charme/Documents/Gitub_Repositories/MLOps_AMMI_2024/day7/lab/code/airflow/dags/part2.py for tasks to queue
[2024-09-19T14:38:18.219+0000] {logging_mixin.py:190} INFO - [2024-09-19T14:38:18.219+0000] {dagbag.py:587} INFO - Filling up the DagBag from /Users/charme/Documents/Gitub_Repositories/MLOps_AMMI_2024/day7/lab/code/airflow/dags/part2.py
[2024-09-19T14:38:18.228+0000] {processor.py:925} INFO - DAG(s) 'fetch_save_weather_data' retrieved from /Users/charme/Documents/Gitub_Repositories/MLOps_AMMI_2024/day7/lab/code/airflow/dags/part2.py
[2024-09-19T14:38:18.253+0000] {logging_mixin.py:190} INFO - [2024-09-19T14:38:18.253+0000] {dag.py:3229} INFO - Sync 1 DAGs
[2024-09-19T14:38:18.256+0000] {logging_mixin.py:190} INFO - [2024-09-19T14:38:18.256+0000] {dag.py:4156} INFO - Setting next_dagrun for fetch_save_weather_data to None, run_after=None
[2024-09-19T14:38:18.261+0000] {processor.py:208} INFO - Processing /Users/charme/Documents/Gitub_Repositories/MLOps_AMMI_2024/day7/lab/code/airflow/dags/part2.py took 0.043 seconds
[2024-09-19T14:38:49.384+0000] {processor.py:186} INFO - Started process (PID=38707) to work on /Users/charme/Documents/Gitub_Repositories/MLOps_AMMI_2024/day7/lab/code/airflow/dags/part2.py
[2024-09-19T14:38:49.384+0000] {processor.py:914} INFO - Processing file /Users/charme/Documents/Gitub_Repositories/MLOps_AMMI_2024/day7/lab/code/airflow/dags/part2.py for tasks to queue
[2024-09-19T14:38:49.384+0000] {logging_mixin.py:190} INFO - [2024-09-19T14:38:49.384+0000] {dagbag.py:587} INFO - Filling up the DagBag from /Users/charme/Documents/Gitub_Repositories/MLOps_AMMI_2024/day7/lab/code/airflow/dags/part2.py
[2024-09-19T14:38:49.393+0000] {processor.py:925} INFO - DAG(s) 'fetch_save_weather_data' retrieved from /Users/charme/Documents/Gitub_Repositories/MLOps_AMMI_2024/day7/lab/code/airflow/dags/part2.py
[2024-09-19T14:38:49.420+0000] {logging_mixin.py:190} INFO - [2024-09-19T14:38:49.420+0000] {dag.py:3229} INFO - Sync 1 DAGs
[2024-09-19T14:38:49.423+0000] {logging_mixin.py:190} INFO - [2024-09-19T14:38:49.423+0000] {dag.py:4156} INFO - Setting next_dagrun for fetch_save_weather_data to None, run_after=None
[2024-09-19T14:38:49.428+0000] {processor.py:208} INFO - Processing /Users/charme/Documents/Gitub_Repositories/MLOps_AMMI_2024/day7/lab/code/airflow/dags/part2.py took 0.045 seconds
[2024-09-19T14:39:20.025+0000] {processor.py:186} INFO - Started process (PID=38791) to work on /Users/charme/Documents/Gitub_Repositories/MLOps_AMMI_2024/day7/lab/code/airflow/dags/part2.py
[2024-09-19T14:39:20.026+0000] {processor.py:914} INFO - Processing file /Users/charme/Documents/Gitub_Repositories/MLOps_AMMI_2024/day7/lab/code/airflow/dags/part2.py for tasks to queue
[2024-09-19T14:39:20.026+0000] {logging_mixin.py:190} INFO - [2024-09-19T14:39:20.026+0000] {dagbag.py:587} INFO - Filling up the DagBag from /Users/charme/Documents/Gitub_Repositories/MLOps_AMMI_2024/day7/lab/code/airflow/dags/part2.py
[2024-09-19T14:39:20.034+0000] {processor.py:925} INFO - DAG(s) 'fetch_save_weather_data' retrieved from /Users/charme/Documents/Gitub_Repositories/MLOps_AMMI_2024/day7/lab/code/airflow/dags/part2.py
[2024-09-19T14:39:20.058+0000] {logging_mixin.py:190} INFO - [2024-09-19T14:39:20.058+0000] {dag.py:3229} INFO - Sync 1 DAGs
[2024-09-19T14:39:20.060+0000] {logging_mixin.py:190} INFO - [2024-09-19T14:39:20.060+0000] {dag.py:4156} INFO - Setting next_dagrun for fetch_save_weather_data to None, run_after=None
[2024-09-19T14:39:20.065+0000] {processor.py:208} INFO - Processing /Users/charme/Documents/Gitub_Repositories/MLOps_AMMI_2024/day7/lab/code/airflow/dags/part2.py took 0.042 seconds
