[2024-09-19T14:08:51.933+0000] {processor.py:186} INFO - Started process (PID=34116) to work on /Users/charme/Documents/Gitub_Repositories/MLOps_AMMI_2024/day7/lab/code/airflow/dags/task4.py
[2024-09-19T14:08:51.933+0000] {processor.py:914} INFO - Processing file /Users/charme/Documents/Gitub_Repositories/MLOps_AMMI_2024/day7/lab/code/airflow/dags/task4.py for tasks to queue
[2024-09-19T14:08:51.934+0000] {logging_mixin.py:190} INFO - [2024-09-19T14:08:51.934+0000] {dagbag.py:587} INFO - Filling up the DagBag from /Users/charme/Documents/Gitub_Repositories/MLOps_AMMI_2024/day7/lab/code/airflow/dags/task4.py
[2024-09-19T14:08:51.942+0000] {processor.py:925} INFO - DAG(s) 'xcom_dag' retrieved from /Users/charme/Documents/Gitub_Repositories/MLOps_AMMI_2024/day7/lab/code/airflow/dags/task4.py
[2024-09-19T14:08:51.991+0000] {logging_mixin.py:190} INFO - [2024-09-19T14:08:51.991+0000] {override.py:1900} INFO - Created Permission View: can read on DAG:xcom_dag
[2024-09-19T14:08:51.993+0000] {logging_mixin.py:190} INFO - [2024-09-19T14:08:51.993+0000] {override.py:1900} INFO - Created Permission View: can delete on DAG:xcom_dag
[2024-09-19T14:08:51.995+0000] {logging_mixin.py:190} INFO - [2024-09-19T14:08:51.994+0000] {override.py:1900} INFO - Created Permission View: can edit on DAG:xcom_dag
[2024-09-19T14:08:51.997+0000] {logging_mixin.py:190} INFO - [2024-09-19T14:08:51.996+0000] {override.py:1900} INFO - Created Permission View: can create on DAG Run:xcom_dag
[2024-09-19T14:08:51.998+0000] {logging_mixin.py:190} INFO - [2024-09-19T14:08:51.998+0000] {override.py:1900} INFO - Created Permission View: can read on DAG Run:xcom_dag
[2024-09-19T14:08:51.999+0000] {logging_mixin.py:190} INFO - [2024-09-19T14:08:51.999+0000] {override.py:1900} INFO - Created Permission View: can delete on DAG Run:xcom_dag
[2024-09-19T14:08:52.001+0000] {logging_mixin.py:190} INFO - [2024-09-19T14:08:52.001+0000] {override.py:1900} INFO - Created Permission View: menu access on DAG Run:xcom_dag
[2024-09-19T14:08:52.001+0000] {logging_mixin.py:190} INFO - [2024-09-19T14:08:52.001+0000] {dag.py:3229} INFO - Sync 1 DAGs
[2024-09-19T14:08:52.004+0000] {logging_mixin.py:190} INFO - [2024-09-19T14:08:52.004+0000] {dag.py:3252} INFO - Creating ORM DAG for xcom_dag
[2024-09-19T14:08:52.004+0000] {logging_mixin.py:190} INFO - [2024-09-19T14:08:52.004+0000] {dag.py:4156} INFO - Setting next_dagrun for xcom_dag to None, run_after=None
[2024-09-19T14:08:52.008+0000] {processor.py:208} INFO - Processing /Users/charme/Documents/Gitub_Repositories/MLOps_AMMI_2024/day7/lab/code/airflow/dags/task4.py took 0.076 seconds
[2024-09-19T14:09:23.157+0000] {processor.py:186} INFO - Started process (PID=34194) to work on /Users/charme/Documents/Gitub_Repositories/MLOps_AMMI_2024/day7/lab/code/airflow/dags/task4.py
[2024-09-19T14:09:23.158+0000] {processor.py:914} INFO - Processing file /Users/charme/Documents/Gitub_Repositories/MLOps_AMMI_2024/day7/lab/code/airflow/dags/task4.py for tasks to queue
[2024-09-19T14:09:23.158+0000] {logging_mixin.py:190} INFO - [2024-09-19T14:09:23.158+0000] {dagbag.py:587} INFO - Filling up the DagBag from /Users/charme/Documents/Gitub_Repositories/MLOps_AMMI_2024/day7/lab/code/airflow/dags/task4.py
[2024-09-19T14:09:23.167+0000] {processor.py:925} INFO - DAG(s) 'xcom_dag' retrieved from /Users/charme/Documents/Gitub_Repositories/MLOps_AMMI_2024/day7/lab/code/airflow/dags/task4.py
[2024-09-19T14:09:23.191+0000] {logging_mixin.py:190} INFO - [2024-09-19T14:09:23.191+0000] {dag.py:3229} INFO - Sync 1 DAGs
[2024-09-19T14:09:23.194+0000] {logging_mixin.py:190} INFO - [2024-09-19T14:09:23.194+0000] {dag.py:4156} INFO - Setting next_dagrun for xcom_dag to None, run_after=None
[2024-09-19T14:09:23.200+0000] {processor.py:208} INFO - Processing /Users/charme/Documents/Gitub_Repositories/MLOps_AMMI_2024/day7/lab/code/airflow/dags/task4.py took 0.043 seconds
[2024-09-19T14:09:55.007+0000] {processor.py:186} INFO - Started process (PID=34255) to work on /Users/charme/Documents/Gitub_Repositories/MLOps_AMMI_2024/day7/lab/code/airflow/dags/task4.py
[2024-09-19T14:09:55.008+0000] {processor.py:914} INFO - Processing file /Users/charme/Documents/Gitub_Repositories/MLOps_AMMI_2024/day7/lab/code/airflow/dags/task4.py for tasks to queue
[2024-09-19T14:09:55.009+0000] {logging_mixin.py:190} INFO - [2024-09-19T14:09:55.009+0000] {dagbag.py:587} INFO - Filling up the DagBag from /Users/charme/Documents/Gitub_Repositories/MLOps_AMMI_2024/day7/lab/code/airflow/dags/task4.py
[2024-09-19T14:09:55.017+0000] {processor.py:925} INFO - DAG(s) 'xcom_dag' retrieved from /Users/charme/Documents/Gitub_Repositories/MLOps_AMMI_2024/day7/lab/code/airflow/dags/task4.py
[2024-09-19T14:09:55.041+0000] {logging_mixin.py:190} INFO - [2024-09-19T14:09:55.041+0000] {dag.py:3229} INFO - Sync 1 DAGs
[2024-09-19T14:09:55.044+0000] {logging_mixin.py:190} INFO - [2024-09-19T14:09:55.044+0000] {dag.py:4156} INFO - Setting next_dagrun for xcom_dag to None, run_after=None
[2024-09-19T14:09:55.049+0000] {processor.py:208} INFO - Processing /Users/charme/Documents/Gitub_Repositories/MLOps_AMMI_2024/day7/lab/code/airflow/dags/task4.py took 0.043 seconds
[2024-09-19T14:10:25.744+0000] {processor.py:186} INFO - Started process (PID=34325) to work on /Users/charme/Documents/Gitub_Repositories/MLOps_AMMI_2024/day7/lab/code/airflow/dags/task4.py
[2024-09-19T14:10:25.745+0000] {processor.py:914} INFO - Processing file /Users/charme/Documents/Gitub_Repositories/MLOps_AMMI_2024/day7/lab/code/airflow/dags/task4.py for tasks to queue
[2024-09-19T14:10:25.745+0000] {logging_mixin.py:190} INFO - [2024-09-19T14:10:25.745+0000] {dagbag.py:587} INFO - Filling up the DagBag from /Users/charme/Documents/Gitub_Repositories/MLOps_AMMI_2024/day7/lab/code/airflow/dags/task4.py
[2024-09-19T14:10:25.754+0000] {processor.py:925} INFO - DAG(s) 'xcom_dag' retrieved from /Users/charme/Documents/Gitub_Repositories/MLOps_AMMI_2024/day7/lab/code/airflow/dags/task4.py
[2024-09-19T14:10:25.778+0000] {logging_mixin.py:190} INFO - [2024-09-19T14:10:25.778+0000] {dag.py:3229} INFO - Sync 1 DAGs
[2024-09-19T14:10:25.781+0000] {logging_mixin.py:190} INFO - [2024-09-19T14:10:25.781+0000] {dag.py:4156} INFO - Setting next_dagrun for xcom_dag to None, run_after=None
[2024-09-19T14:10:25.786+0000] {processor.py:208} INFO - Processing /Users/charme/Documents/Gitub_Repositories/MLOps_AMMI_2024/day7/lab/code/airflow/dags/task4.py took 0.043 seconds
[2024-09-19T14:10:56.611+0000] {processor.py:186} INFO - Started process (PID=34386) to work on /Users/charme/Documents/Gitub_Repositories/MLOps_AMMI_2024/day7/lab/code/airflow/dags/task4.py
[2024-09-19T14:10:56.611+0000] {processor.py:914} INFO - Processing file /Users/charme/Documents/Gitub_Repositories/MLOps_AMMI_2024/day7/lab/code/airflow/dags/task4.py for tasks to queue
[2024-09-19T14:10:56.611+0000] {logging_mixin.py:190} INFO - [2024-09-19T14:10:56.611+0000] {dagbag.py:587} INFO - Filling up the DagBag from /Users/charme/Documents/Gitub_Repositories/MLOps_AMMI_2024/day7/lab/code/airflow/dags/task4.py
[2024-09-19T14:10:56.620+0000] {processor.py:925} INFO - DAG(s) 'xcom_dag' retrieved from /Users/charme/Documents/Gitub_Repositories/MLOps_AMMI_2024/day7/lab/code/airflow/dags/task4.py
[2024-09-19T14:10:56.644+0000] {logging_mixin.py:190} INFO - [2024-09-19T14:10:56.644+0000] {dag.py:3229} INFO - Sync 1 DAGs
[2024-09-19T14:10:56.647+0000] {logging_mixin.py:190} INFO - [2024-09-19T14:10:56.647+0000] {dag.py:4156} INFO - Setting next_dagrun for xcom_dag to None, run_after=None
[2024-09-19T14:10:56.652+0000] {processor.py:208} INFO - Processing /Users/charme/Documents/Gitub_Repositories/MLOps_AMMI_2024/day7/lab/code/airflow/dags/task4.py took 0.043 seconds
[2024-09-19T14:11:27.386+0000] {processor.py:186} INFO - Started process (PID=34451) to work on /Users/charme/Documents/Gitub_Repositories/MLOps_AMMI_2024/day7/lab/code/airflow/dags/task4.py
[2024-09-19T14:11:27.387+0000] {processor.py:914} INFO - Processing file /Users/charme/Documents/Gitub_Repositories/MLOps_AMMI_2024/day7/lab/code/airflow/dags/task4.py for tasks to queue
[2024-09-19T14:11:27.387+0000] {logging_mixin.py:190} INFO - [2024-09-19T14:11:27.387+0000] {dagbag.py:587} INFO - Filling up the DagBag from /Users/charme/Documents/Gitub_Repositories/MLOps_AMMI_2024/day7/lab/code/airflow/dags/task4.py
[2024-09-19T14:11:27.396+0000] {processor.py:925} INFO - DAG(s) 'xcom_dag' retrieved from /Users/charme/Documents/Gitub_Repositories/MLOps_AMMI_2024/day7/lab/code/airflow/dags/task4.py
[2024-09-19T14:11:27.421+0000] {logging_mixin.py:190} INFO - [2024-09-19T14:11:27.420+0000] {dag.py:3229} INFO - Sync 1 DAGs
[2024-09-19T14:11:27.424+0000] {logging_mixin.py:190} INFO - [2024-09-19T14:11:27.424+0000] {dag.py:4156} INFO - Setting next_dagrun for xcom_dag to None, run_after=None
[2024-09-19T14:11:27.429+0000] {processor.py:208} INFO - Processing /Users/charme/Documents/Gitub_Repositories/MLOps_AMMI_2024/day7/lab/code/airflow/dags/task4.py took 0.044 seconds
[2024-09-19T14:11:58.101+0000] {processor.py:186} INFO - Started process (PID=34512) to work on /Users/charme/Documents/Gitub_Repositories/MLOps_AMMI_2024/day7/lab/code/airflow/dags/task4.py
[2024-09-19T14:11:58.101+0000] {processor.py:914} INFO - Processing file /Users/charme/Documents/Gitub_Repositories/MLOps_AMMI_2024/day7/lab/code/airflow/dags/task4.py for tasks to queue
[2024-09-19T14:11:58.101+0000] {logging_mixin.py:190} INFO - [2024-09-19T14:11:58.101+0000] {dagbag.py:587} INFO - Filling up the DagBag from /Users/charme/Documents/Gitub_Repositories/MLOps_AMMI_2024/day7/lab/code/airflow/dags/task4.py
[2024-09-19T14:11:58.109+0000] {processor.py:925} INFO - DAG(s) 'xcom_dag' retrieved from /Users/charme/Documents/Gitub_Repositories/MLOps_AMMI_2024/day7/lab/code/airflow/dags/task4.py
[2024-09-19T14:11:58.133+0000] {logging_mixin.py:190} INFO - [2024-09-19T14:11:58.133+0000] {dag.py:3229} INFO - Sync 1 DAGs
[2024-09-19T14:11:58.136+0000] {logging_mixin.py:190} INFO - [2024-09-19T14:11:58.136+0000] {dag.py:4156} INFO - Setting next_dagrun for xcom_dag to None, run_after=None
[2024-09-19T14:11:58.141+0000] {processor.py:208} INFO - Processing /Users/charme/Documents/Gitub_Repositories/MLOps_AMMI_2024/day7/lab/code/airflow/dags/task4.py took 0.041 seconds
[2024-09-19T14:12:28.827+0000] {processor.py:186} INFO - Started process (PID=34577) to work on /Users/charme/Documents/Gitub_Repositories/MLOps_AMMI_2024/day7/lab/code/airflow/dags/task4.py
[2024-09-19T14:12:28.828+0000] {processor.py:914} INFO - Processing file /Users/charme/Documents/Gitub_Repositories/MLOps_AMMI_2024/day7/lab/code/airflow/dags/task4.py for tasks to queue
[2024-09-19T14:12:28.828+0000] {logging_mixin.py:190} INFO - [2024-09-19T14:12:28.828+0000] {dagbag.py:587} INFO - Filling up the DagBag from /Users/charme/Documents/Gitub_Repositories/MLOps_AMMI_2024/day7/lab/code/airflow/dags/task4.py
[2024-09-19T14:12:28.837+0000] {processor.py:925} INFO - DAG(s) 'xcom_dag' retrieved from /Users/charme/Documents/Gitub_Repositories/MLOps_AMMI_2024/day7/lab/code/airflow/dags/task4.py
[2024-09-19T14:12:28.863+0000] {logging_mixin.py:190} INFO - [2024-09-19T14:12:28.863+0000] {dag.py:3229} INFO - Sync 1 DAGs
[2024-09-19T14:12:28.866+0000] {logging_mixin.py:190} INFO - [2024-09-19T14:12:28.866+0000] {dag.py:4156} INFO - Setting next_dagrun for xcom_dag to None, run_after=None
[2024-09-19T14:12:28.871+0000] {processor.py:208} INFO - Processing /Users/charme/Documents/Gitub_Repositories/MLOps_AMMI_2024/day7/lab/code/airflow/dags/task4.py took 0.046 seconds
[2024-09-19T14:12:59.542+0000] {processor.py:186} INFO - Started process (PID=34668) to work on /Users/charme/Documents/Gitub_Repositories/MLOps_AMMI_2024/day7/lab/code/airflow/dags/task4.py
[2024-09-19T14:12:59.544+0000] {processor.py:914} INFO - Processing file /Users/charme/Documents/Gitub_Repositories/MLOps_AMMI_2024/day7/lab/code/airflow/dags/task4.py for tasks to queue
[2024-09-19T14:12:59.544+0000] {logging_mixin.py:190} INFO - [2024-09-19T14:12:59.544+0000] {dagbag.py:587} INFO - Filling up the DagBag from /Users/charme/Documents/Gitub_Repositories/MLOps_AMMI_2024/day7/lab/code/airflow/dags/task4.py
[2024-09-19T14:12:59.553+0000] {processor.py:925} INFO - DAG(s) 'xcom_dag' retrieved from /Users/charme/Documents/Gitub_Repositories/MLOps_AMMI_2024/day7/lab/code/airflow/dags/task4.py
[2024-09-19T14:12:59.578+0000] {logging_mixin.py:190} INFO - [2024-09-19T14:12:59.578+0000] {dag.py:3229} INFO - Sync 1 DAGs
[2024-09-19T14:12:59.581+0000] {logging_mixin.py:190} INFO - [2024-09-19T14:12:59.581+0000] {dag.py:4156} INFO - Setting next_dagrun for xcom_dag to None, run_after=None
[2024-09-19T14:12:59.586+0000] {processor.py:208} INFO - Processing /Users/charme/Documents/Gitub_Repositories/MLOps_AMMI_2024/day7/lab/code/airflow/dags/task4.py took 0.044 seconds
[2024-09-19T14:13:30.523+0000] {processor.py:186} INFO - Started process (PID=34746) to work on /Users/charme/Documents/Gitub_Repositories/MLOps_AMMI_2024/day7/lab/code/airflow/dags/task4.py
[2024-09-19T14:13:30.523+0000] {processor.py:914} INFO - Processing file /Users/charme/Documents/Gitub_Repositories/MLOps_AMMI_2024/day7/lab/code/airflow/dags/task4.py for tasks to queue
[2024-09-19T14:13:30.524+0000] {logging_mixin.py:190} INFO - [2024-09-19T14:13:30.524+0000] {dagbag.py:587} INFO - Filling up the DagBag from /Users/charme/Documents/Gitub_Repositories/MLOps_AMMI_2024/day7/lab/code/airflow/dags/task4.py
[2024-09-19T14:13:30.532+0000] {processor.py:925} INFO - DAG(s) 'xcom_dag' retrieved from /Users/charme/Documents/Gitub_Repositories/MLOps_AMMI_2024/day7/lab/code/airflow/dags/task4.py
[2024-09-19T14:13:30.556+0000] {logging_mixin.py:190} INFO - [2024-09-19T14:13:30.556+0000] {dag.py:3229} INFO - Sync 1 DAGs
[2024-09-19T14:13:30.559+0000] {logging_mixin.py:190} INFO - [2024-09-19T14:13:30.559+0000] {dag.py:4156} INFO - Setting next_dagrun for xcom_dag to None, run_after=None
[2024-09-19T14:13:30.563+0000] {processor.py:208} INFO - Processing /Users/charme/Documents/Gitub_Repositories/MLOps_AMMI_2024/day7/lab/code/airflow/dags/task4.py took 0.041 seconds
[2024-09-19T14:14:02.128+0000] {processor.py:186} INFO - Started process (PID=34825) to work on /Users/charme/Documents/Gitub_Repositories/MLOps_AMMI_2024/day7/lab/code/airflow/dags/task4.py
[2024-09-19T14:14:02.129+0000] {processor.py:914} INFO - Processing file /Users/charme/Documents/Gitub_Repositories/MLOps_AMMI_2024/day7/lab/code/airflow/dags/task4.py for tasks to queue
[2024-09-19T14:14:02.130+0000] {logging_mixin.py:190} INFO - [2024-09-19T14:14:02.129+0000] {dagbag.py:587} INFO - Filling up the DagBag from /Users/charme/Documents/Gitub_Repositories/MLOps_AMMI_2024/day7/lab/code/airflow/dags/task4.py
[2024-09-19T14:14:02.139+0000] {processor.py:925} INFO - DAG(s) 'xcom_dag' retrieved from /Users/charme/Documents/Gitub_Repositories/MLOps_AMMI_2024/day7/lab/code/airflow/dags/task4.py
[2024-09-19T14:14:02.164+0000] {logging_mixin.py:190} INFO - [2024-09-19T14:14:02.164+0000] {dag.py:3229} INFO - Sync 1 DAGs
[2024-09-19T14:14:02.167+0000] {logging_mixin.py:190} INFO - [2024-09-19T14:14:02.167+0000] {dag.py:4156} INFO - Setting next_dagrun for xcom_dag to None, run_after=None
[2024-09-19T14:14:02.172+0000] {processor.py:208} INFO - Processing /Users/charme/Documents/Gitub_Repositories/MLOps_AMMI_2024/day7/lab/code/airflow/dags/task4.py took 0.045 seconds
[2024-09-19T14:14:32.851+0000] {processor.py:186} INFO - Started process (PID=34908) to work on /Users/charme/Documents/Gitub_Repositories/MLOps_AMMI_2024/day7/lab/code/airflow/dags/task4.py
[2024-09-19T14:14:32.851+0000] {processor.py:914} INFO - Processing file /Users/charme/Documents/Gitub_Repositories/MLOps_AMMI_2024/day7/lab/code/airflow/dags/task4.py for tasks to queue
[2024-09-19T14:14:32.852+0000] {logging_mixin.py:190} INFO - [2024-09-19T14:14:32.852+0000] {dagbag.py:587} INFO - Filling up the DagBag from /Users/charme/Documents/Gitub_Repositories/MLOps_AMMI_2024/day7/lab/code/airflow/dags/task4.py
[2024-09-19T14:14:32.860+0000] {processor.py:925} INFO - DAG(s) 'xcom_dag' retrieved from /Users/charme/Documents/Gitub_Repositories/MLOps_AMMI_2024/day7/lab/code/airflow/dags/task4.py
[2024-09-19T14:14:32.885+0000] {logging_mixin.py:190} INFO - [2024-09-19T14:14:32.885+0000] {dag.py:3229} INFO - Sync 1 DAGs
[2024-09-19T14:14:32.889+0000] {logging_mixin.py:190} INFO - [2024-09-19T14:14:32.889+0000] {dag.py:4156} INFO - Setting next_dagrun for xcom_dag to None, run_after=None
[2024-09-19T14:14:32.893+0000] {processor.py:208} INFO - Processing /Users/charme/Documents/Gitub_Repositories/MLOps_AMMI_2024/day7/lab/code/airflow/dags/task4.py took 0.044 seconds
[2024-09-19T14:15:03.598+0000] {processor.py:186} INFO - Started process (PID=34994) to work on /Users/charme/Documents/Gitub_Repositories/MLOps_AMMI_2024/day7/lab/code/airflow/dags/task4.py
[2024-09-19T14:15:03.600+0000] {processor.py:914} INFO - Processing file /Users/charme/Documents/Gitub_Repositories/MLOps_AMMI_2024/day7/lab/code/airflow/dags/task4.py for tasks to queue
[2024-09-19T14:15:03.600+0000] {logging_mixin.py:190} INFO - [2024-09-19T14:15:03.600+0000] {dagbag.py:587} INFO - Filling up the DagBag from /Users/charme/Documents/Gitub_Repositories/MLOps_AMMI_2024/day7/lab/code/airflow/dags/task4.py
[2024-09-19T14:15:03.609+0000] {processor.py:925} INFO - DAG(s) 'xcom_dag' retrieved from /Users/charme/Documents/Gitub_Repositories/MLOps_AMMI_2024/day7/lab/code/airflow/dags/task4.py
[2024-09-19T14:15:03.634+0000] {logging_mixin.py:190} INFO - [2024-09-19T14:15:03.634+0000] {dag.py:3229} INFO - Sync 1 DAGs
[2024-09-19T14:15:03.637+0000] {logging_mixin.py:190} INFO - [2024-09-19T14:15:03.637+0000] {dag.py:4156} INFO - Setting next_dagrun for xcom_dag to None, run_after=None
[2024-09-19T14:15:03.642+0000] {processor.py:208} INFO - Processing /Users/charme/Documents/Gitub_Repositories/MLOps_AMMI_2024/day7/lab/code/airflow/dags/task4.py took 0.045 seconds
[2024-09-19T14:15:34.382+0000] {processor.py:186} INFO - Started process (PID=35086) to work on /Users/charme/Documents/Gitub_Repositories/MLOps_AMMI_2024/day7/lab/code/airflow/dags/task4.py
[2024-09-19T14:15:34.383+0000] {processor.py:914} INFO - Processing file /Users/charme/Documents/Gitub_Repositories/MLOps_AMMI_2024/day7/lab/code/airflow/dags/task4.py for tasks to queue
[2024-09-19T14:15:34.383+0000] {logging_mixin.py:190} INFO - [2024-09-19T14:15:34.383+0000] {dagbag.py:587} INFO - Filling up the DagBag from /Users/charme/Documents/Gitub_Repositories/MLOps_AMMI_2024/day7/lab/code/airflow/dags/task4.py
[2024-09-19T14:15:34.392+0000] {processor.py:925} INFO - DAG(s) 'xcom_dag' retrieved from /Users/charme/Documents/Gitub_Repositories/MLOps_AMMI_2024/day7/lab/code/airflow/dags/task4.py
[2024-09-19T14:15:34.415+0000] {logging_mixin.py:190} INFO - [2024-09-19T14:15:34.415+0000] {dag.py:3229} INFO - Sync 1 DAGs
[2024-09-19T14:15:34.418+0000] {logging_mixin.py:190} INFO - [2024-09-19T14:15:34.418+0000] {dag.py:4156} INFO - Setting next_dagrun for xcom_dag to None, run_after=None
[2024-09-19T14:15:34.423+0000] {processor.py:208} INFO - Processing /Users/charme/Documents/Gitub_Repositories/MLOps_AMMI_2024/day7/lab/code/airflow/dags/task4.py took 0.043 seconds
[2024-09-19T14:16:05.073+0000] {processor.py:186} INFO - Started process (PID=35161) to work on /Users/charme/Documents/Gitub_Repositories/MLOps_AMMI_2024/day7/lab/code/airflow/dags/task4.py
[2024-09-19T14:16:05.074+0000] {processor.py:914} INFO - Processing file /Users/charme/Documents/Gitub_Repositories/MLOps_AMMI_2024/day7/lab/code/airflow/dags/task4.py for tasks to queue
[2024-09-19T14:16:05.074+0000] {logging_mixin.py:190} INFO - [2024-09-19T14:16:05.074+0000] {dagbag.py:587} INFO - Filling up the DagBag from /Users/charme/Documents/Gitub_Repositories/MLOps_AMMI_2024/day7/lab/code/airflow/dags/task4.py
[2024-09-19T14:16:05.083+0000] {processor.py:925} INFO - DAG(s) 'xcom_dag' retrieved from /Users/charme/Documents/Gitub_Repositories/MLOps_AMMI_2024/day7/lab/code/airflow/dags/task4.py
[2024-09-19T14:16:05.108+0000] {logging_mixin.py:190} INFO - [2024-09-19T14:16:05.108+0000] {dag.py:3229} INFO - Sync 1 DAGs
[2024-09-19T14:16:05.111+0000] {logging_mixin.py:190} INFO - [2024-09-19T14:16:05.111+0000] {dag.py:4156} INFO - Setting next_dagrun for xcom_dag to None, run_after=None
[2024-09-19T14:16:05.117+0000] {processor.py:208} INFO - Processing /Users/charme/Documents/Gitub_Repositories/MLOps_AMMI_2024/day7/lab/code/airflow/dags/task4.py took 0.045 seconds
[2024-09-19T14:16:35.777+0000] {processor.py:186} INFO - Started process (PID=35244) to work on /Users/charme/Documents/Gitub_Repositories/MLOps_AMMI_2024/day7/lab/code/airflow/dags/task4.py
[2024-09-19T14:16:35.777+0000] {processor.py:914} INFO - Processing file /Users/charme/Documents/Gitub_Repositories/MLOps_AMMI_2024/day7/lab/code/airflow/dags/task4.py for tasks to queue
[2024-09-19T14:16:35.778+0000] {logging_mixin.py:190} INFO - [2024-09-19T14:16:35.778+0000] {dagbag.py:587} INFO - Filling up the DagBag from /Users/charme/Documents/Gitub_Repositories/MLOps_AMMI_2024/day7/lab/code/airflow/dags/task4.py
[2024-09-19T14:16:35.786+0000] {processor.py:925} INFO - DAG(s) 'xcom_dag' retrieved from /Users/charme/Documents/Gitub_Repositories/MLOps_AMMI_2024/day7/lab/code/airflow/dags/task4.py
[2024-09-19T14:16:35.811+0000] {logging_mixin.py:190} INFO - [2024-09-19T14:16:35.810+0000] {dag.py:3229} INFO - Sync 1 DAGs
[2024-09-19T14:16:35.813+0000] {logging_mixin.py:190} INFO - [2024-09-19T14:16:35.813+0000] {dag.py:4156} INFO - Setting next_dagrun for xcom_dag to None, run_after=None
[2024-09-19T14:16:35.819+0000] {processor.py:208} INFO - Processing /Users/charme/Documents/Gitub_Repositories/MLOps_AMMI_2024/day7/lab/code/airflow/dags/task4.py took 0.042 seconds
[2024-09-19T14:17:06.586+0000] {processor.py:186} INFO - Started process (PID=35325) to work on /Users/charme/Documents/Gitub_Repositories/MLOps_AMMI_2024/day7/lab/code/airflow/dags/task4.py
[2024-09-19T14:17:06.587+0000] {processor.py:914} INFO - Processing file /Users/charme/Documents/Gitub_Repositories/MLOps_AMMI_2024/day7/lab/code/airflow/dags/task4.py for tasks to queue
[2024-09-19T14:17:06.587+0000] {logging_mixin.py:190} INFO - [2024-09-19T14:17:06.587+0000] {dagbag.py:587} INFO - Filling up the DagBag from /Users/charme/Documents/Gitub_Repositories/MLOps_AMMI_2024/day7/lab/code/airflow/dags/task4.py
[2024-09-19T14:17:06.596+0000] {processor.py:925} INFO - DAG(s) 'xcom_dag' retrieved from /Users/charme/Documents/Gitub_Repositories/MLOps_AMMI_2024/day7/lab/code/airflow/dags/task4.py
[2024-09-19T14:17:06.624+0000] {logging_mixin.py:190} INFO - [2024-09-19T14:17:06.624+0000] {dag.py:3229} INFO - Sync 1 DAGs
[2024-09-19T14:17:06.627+0000] {logging_mixin.py:190} INFO - [2024-09-19T14:17:06.627+0000] {dag.py:4156} INFO - Setting next_dagrun for xcom_dag to None, run_after=None
[2024-09-19T14:17:06.633+0000] {processor.py:208} INFO - Processing /Users/charme/Documents/Gitub_Repositories/MLOps_AMMI_2024/day7/lab/code/airflow/dags/task4.py took 0.048 seconds
[2024-09-19T14:17:37.256+0000] {processor.py:186} INFO - Started process (PID=35392) to work on /Users/charme/Documents/Gitub_Repositories/MLOps_AMMI_2024/day7/lab/code/airflow/dags/task4.py
[2024-09-19T14:17:37.257+0000] {processor.py:914} INFO - Processing file /Users/charme/Documents/Gitub_Repositories/MLOps_AMMI_2024/day7/lab/code/airflow/dags/task4.py for tasks to queue
[2024-09-19T14:17:37.258+0000] {logging_mixin.py:190} INFO - [2024-09-19T14:17:37.257+0000] {dagbag.py:587} INFO - Filling up the DagBag from /Users/charme/Documents/Gitub_Repositories/MLOps_AMMI_2024/day7/lab/code/airflow/dags/task4.py
[2024-09-19T14:17:37.267+0000] {processor.py:925} INFO - DAG(s) 'xcom_dag' retrieved from /Users/charme/Documents/Gitub_Repositories/MLOps_AMMI_2024/day7/lab/code/airflow/dags/task4.py
[2024-09-19T14:17:37.291+0000] {logging_mixin.py:190} INFO - [2024-09-19T14:17:37.291+0000] {dag.py:3229} INFO - Sync 1 DAGs
[2024-09-19T14:17:37.294+0000] {logging_mixin.py:190} INFO - [2024-09-19T14:17:37.294+0000] {dag.py:4156} INFO - Setting next_dagrun for xcom_dag to None, run_after=None
[2024-09-19T14:17:37.299+0000] {processor.py:208} INFO - Processing /Users/charme/Documents/Gitub_Repositories/MLOps_AMMI_2024/day7/lab/code/airflow/dags/task4.py took 0.044 seconds
[2024-09-19T14:18:07.979+0000] {processor.py:186} INFO - Started process (PID=35486) to work on /Users/charme/Documents/Gitub_Repositories/MLOps_AMMI_2024/day7/lab/code/airflow/dags/task4.py
[2024-09-19T14:18:07.980+0000] {processor.py:914} INFO - Processing file /Users/charme/Documents/Gitub_Repositories/MLOps_AMMI_2024/day7/lab/code/airflow/dags/task4.py for tasks to queue
[2024-09-19T14:18:07.980+0000] {logging_mixin.py:190} INFO - [2024-09-19T14:18:07.980+0000] {dagbag.py:587} INFO - Filling up the DagBag from /Users/charme/Documents/Gitub_Repositories/MLOps_AMMI_2024/day7/lab/code/airflow/dags/task4.py
[2024-09-19T14:18:07.989+0000] {processor.py:925} INFO - DAG(s) 'xcom_dag' retrieved from /Users/charme/Documents/Gitub_Repositories/MLOps_AMMI_2024/day7/lab/code/airflow/dags/task4.py
[2024-09-19T14:18:08.014+0000] {logging_mixin.py:190} INFO - [2024-09-19T14:18:08.014+0000] {dag.py:3229} INFO - Sync 1 DAGs
[2024-09-19T14:18:08.017+0000] {logging_mixin.py:190} INFO - [2024-09-19T14:18:08.017+0000] {dag.py:4156} INFO - Setting next_dagrun for xcom_dag to None, run_after=None
[2024-09-19T14:18:08.022+0000] {processor.py:208} INFO - Processing /Users/charme/Documents/Gitub_Repositories/MLOps_AMMI_2024/day7/lab/code/airflow/dags/task4.py took 0.044 seconds
[2024-09-19T14:18:38.743+0000] {processor.py:186} INFO - Started process (PID=35567) to work on /Users/charme/Documents/Gitub_Repositories/MLOps_AMMI_2024/day7/lab/code/airflow/dags/task4.py
[2024-09-19T14:18:38.743+0000] {processor.py:914} INFO - Processing file /Users/charme/Documents/Gitub_Repositories/MLOps_AMMI_2024/day7/lab/code/airflow/dags/task4.py for tasks to queue
[2024-09-19T14:18:38.744+0000] {logging_mixin.py:190} INFO - [2024-09-19T14:18:38.744+0000] {dagbag.py:587} INFO - Filling up the DagBag from /Users/charme/Documents/Gitub_Repositories/MLOps_AMMI_2024/day7/lab/code/airflow/dags/task4.py
[2024-09-19T14:18:38.753+0000] {processor.py:925} INFO - DAG(s) 'xcom_dag' retrieved from /Users/charme/Documents/Gitub_Repositories/MLOps_AMMI_2024/day7/lab/code/airflow/dags/task4.py
[2024-09-19T14:18:38.778+0000] {logging_mixin.py:190} INFO - [2024-09-19T14:18:38.778+0000] {dag.py:3229} INFO - Sync 1 DAGs
[2024-09-19T14:18:38.781+0000] {logging_mixin.py:190} INFO - [2024-09-19T14:18:38.780+0000] {dag.py:4156} INFO - Setting next_dagrun for xcom_dag to None, run_after=None
[2024-09-19T14:18:38.785+0000] {processor.py:208} INFO - Processing /Users/charme/Documents/Gitub_Repositories/MLOps_AMMI_2024/day7/lab/code/airflow/dags/task4.py took 0.043 seconds
[2024-09-19T14:19:09.697+0000] {processor.py:186} INFO - Started process (PID=35662) to work on /Users/charme/Documents/Gitub_Repositories/MLOps_AMMI_2024/day7/lab/code/airflow/dags/task4.py
[2024-09-19T14:19:09.698+0000] {processor.py:914} INFO - Processing file /Users/charme/Documents/Gitub_Repositories/MLOps_AMMI_2024/day7/lab/code/airflow/dags/task4.py for tasks to queue
[2024-09-19T14:19:09.698+0000] {logging_mixin.py:190} INFO - [2024-09-19T14:19:09.698+0000] {dagbag.py:587} INFO - Filling up the DagBag from /Users/charme/Documents/Gitub_Repositories/MLOps_AMMI_2024/day7/lab/code/airflow/dags/task4.py
[2024-09-19T14:19:09.708+0000] {processor.py:925} INFO - DAG(s) 'xcom_dag' retrieved from /Users/charme/Documents/Gitub_Repositories/MLOps_AMMI_2024/day7/lab/code/airflow/dags/task4.py
[2024-09-19T14:19:09.733+0000] {logging_mixin.py:190} INFO - [2024-09-19T14:19:09.733+0000] {dag.py:3229} INFO - Sync 1 DAGs
[2024-09-19T14:19:09.736+0000] {logging_mixin.py:190} INFO - [2024-09-19T14:19:09.736+0000] {dag.py:4156} INFO - Setting next_dagrun for xcom_dag to None, run_after=None
[2024-09-19T14:19:09.741+0000] {processor.py:208} INFO - Processing /Users/charme/Documents/Gitub_Repositories/MLOps_AMMI_2024/day7/lab/code/airflow/dags/task4.py took 0.046 seconds
[2024-09-19T14:19:42.097+0000] {processor.py:186} INFO - Started process (PID=35764) to work on /Users/charme/Documents/Gitub_Repositories/MLOps_AMMI_2024/day7/lab/code/airflow/dags/task4.py
[2024-09-19T14:19:42.100+0000] {processor.py:914} INFO - Processing file /Users/charme/Documents/Gitub_Repositories/MLOps_AMMI_2024/day7/lab/code/airflow/dags/task4.py for tasks to queue
[2024-09-19T14:19:42.100+0000] {logging_mixin.py:190} INFO - [2024-09-19T14:19:42.100+0000] {dagbag.py:587} INFO - Filling up the DagBag from /Users/charme/Documents/Gitub_Repositories/MLOps_AMMI_2024/day7/lab/code/airflow/dags/task4.py
[2024-09-19T14:19:42.110+0000] {processor.py:925} INFO - DAG(s) 'xcom_dag' retrieved from /Users/charme/Documents/Gitub_Repositories/MLOps_AMMI_2024/day7/lab/code/airflow/dags/task4.py
[2024-09-19T14:19:42.135+0000] {logging_mixin.py:190} INFO - [2024-09-19T14:19:42.135+0000] {dag.py:3229} INFO - Sync 1 DAGs
[2024-09-19T14:19:42.138+0000] {logging_mixin.py:190} INFO - [2024-09-19T14:19:42.138+0000] {dag.py:4156} INFO - Setting next_dagrun for xcom_dag to None, run_after=None
[2024-09-19T14:19:42.144+0000] {processor.py:208} INFO - Processing /Users/charme/Documents/Gitub_Repositories/MLOps_AMMI_2024/day7/lab/code/airflow/dags/task4.py took 0.048 seconds
[2024-09-19T14:20:12.854+0000] {processor.py:186} INFO - Started process (PID=35844) to work on /Users/charme/Documents/Gitub_Repositories/MLOps_AMMI_2024/day7/lab/code/airflow/dags/task4.py
[2024-09-19T14:20:12.855+0000] {processor.py:914} INFO - Processing file /Users/charme/Documents/Gitub_Repositories/MLOps_AMMI_2024/day7/lab/code/airflow/dags/task4.py for tasks to queue
[2024-09-19T14:20:12.855+0000] {logging_mixin.py:190} INFO - [2024-09-19T14:20:12.855+0000] {dagbag.py:587} INFO - Filling up the DagBag from /Users/charme/Documents/Gitub_Repositories/MLOps_AMMI_2024/day7/lab/code/airflow/dags/task4.py
[2024-09-19T14:20:12.864+0000] {processor.py:925} INFO - DAG(s) 'xcom_dag' retrieved from /Users/charme/Documents/Gitub_Repositories/MLOps_AMMI_2024/day7/lab/code/airflow/dags/task4.py
[2024-09-19T14:20:12.889+0000] {logging_mixin.py:190} INFO - [2024-09-19T14:20:12.889+0000] {dag.py:3229} INFO - Sync 1 DAGs
[2024-09-19T14:20:12.892+0000] {logging_mixin.py:190} INFO - [2024-09-19T14:20:12.892+0000] {dag.py:4156} INFO - Setting next_dagrun for xcom_dag to None, run_after=None
[2024-09-19T14:20:12.896+0000] {processor.py:208} INFO - Processing /Users/charme/Documents/Gitub_Repositories/MLOps_AMMI_2024/day7/lab/code/airflow/dags/task4.py took 0.043 seconds
[2024-09-19T14:20:43.807+0000] {processor.py:186} INFO - Started process (PID=35936) to work on /Users/charme/Documents/Gitub_Repositories/MLOps_AMMI_2024/day7/lab/code/airflow/dags/task4.py
[2024-09-19T14:20:43.808+0000] {processor.py:914} INFO - Processing file /Users/charme/Documents/Gitub_Repositories/MLOps_AMMI_2024/day7/lab/code/airflow/dags/task4.py for tasks to queue
[2024-09-19T14:20:43.808+0000] {logging_mixin.py:190} INFO - [2024-09-19T14:20:43.808+0000] {dagbag.py:587} INFO - Filling up the DagBag from /Users/charme/Documents/Gitub_Repositories/MLOps_AMMI_2024/day7/lab/code/airflow/dags/task4.py
[2024-09-19T14:20:43.817+0000] {processor.py:925} INFO - DAG(s) 'xcom_dag' retrieved from /Users/charme/Documents/Gitub_Repositories/MLOps_AMMI_2024/day7/lab/code/airflow/dags/task4.py
[2024-09-19T14:20:43.842+0000] {logging_mixin.py:190} INFO - [2024-09-19T14:20:43.842+0000] {dag.py:3229} INFO - Sync 1 DAGs
[2024-09-19T14:20:43.845+0000] {logging_mixin.py:190} INFO - [2024-09-19T14:20:43.845+0000] {dag.py:4156} INFO - Setting next_dagrun for xcom_dag to None, run_after=None
[2024-09-19T14:20:43.850+0000] {processor.py:208} INFO - Processing /Users/charme/Documents/Gitub_Repositories/MLOps_AMMI_2024/day7/lab/code/airflow/dags/task4.py took 0.044 seconds
[2024-09-19T14:21:15.425+0000] {processor.py:186} INFO - Started process (PID=36038) to work on /Users/charme/Documents/Gitub_Repositories/MLOps_AMMI_2024/day7/lab/code/airflow/dags/task4.py
[2024-09-19T14:21:15.425+0000] {processor.py:914} INFO - Processing file /Users/charme/Documents/Gitub_Repositories/MLOps_AMMI_2024/day7/lab/code/airflow/dags/task4.py for tasks to queue
[2024-09-19T14:21:15.426+0000] {logging_mixin.py:190} INFO - [2024-09-19T14:21:15.426+0000] {dagbag.py:587} INFO - Filling up the DagBag from /Users/charme/Documents/Gitub_Repositories/MLOps_AMMI_2024/day7/lab/code/airflow/dags/task4.py
[2024-09-19T14:21:15.435+0000] {processor.py:925} INFO - DAG(s) 'xcom_dag' retrieved from /Users/charme/Documents/Gitub_Repositories/MLOps_AMMI_2024/day7/lab/code/airflow/dags/task4.py
[2024-09-19T14:21:15.460+0000] {logging_mixin.py:190} INFO - [2024-09-19T14:21:15.460+0000] {dag.py:3229} INFO - Sync 1 DAGs
[2024-09-19T14:21:15.463+0000] {logging_mixin.py:190} INFO - [2024-09-19T14:21:15.462+0000] {dag.py:4156} INFO - Setting next_dagrun for xcom_dag to None, run_after=None
[2024-09-19T14:21:15.468+0000] {processor.py:208} INFO - Processing /Users/charme/Documents/Gitub_Repositories/MLOps_AMMI_2024/day7/lab/code/airflow/dags/task4.py took 0.044 seconds
[2024-09-19T14:21:47.094+0000] {processor.py:186} INFO - Started process (PID=36138) to work on /Users/charme/Documents/Gitub_Repositories/MLOps_AMMI_2024/day7/lab/code/airflow/dags/task4.py
[2024-09-19T14:21:47.095+0000] {processor.py:914} INFO - Processing file /Users/charme/Documents/Gitub_Repositories/MLOps_AMMI_2024/day7/lab/code/airflow/dags/task4.py for tasks to queue
[2024-09-19T14:21:47.095+0000] {logging_mixin.py:190} INFO - [2024-09-19T14:21:47.095+0000] {dagbag.py:587} INFO - Filling up the DagBag from /Users/charme/Documents/Gitub_Repositories/MLOps_AMMI_2024/day7/lab/code/airflow/dags/task4.py
[2024-09-19T14:21:47.104+0000] {processor.py:925} INFO - DAG(s) 'xcom_dag' retrieved from /Users/charme/Documents/Gitub_Repositories/MLOps_AMMI_2024/day7/lab/code/airflow/dags/task4.py
[2024-09-19T14:21:47.128+0000] {logging_mixin.py:190} INFO - [2024-09-19T14:21:47.128+0000] {dag.py:3229} INFO - Sync 1 DAGs
[2024-09-19T14:21:47.131+0000] {logging_mixin.py:190} INFO - [2024-09-19T14:21:47.131+0000] {dag.py:4156} INFO - Setting next_dagrun for xcom_dag to None, run_after=None
[2024-09-19T14:21:47.136+0000] {processor.py:208} INFO - Processing /Users/charme/Documents/Gitub_Repositories/MLOps_AMMI_2024/day7/lab/code/airflow/dags/task4.py took 0.043 seconds
[2024-09-19T14:22:18.390+0000] {processor.py:186} INFO - Started process (PID=36229) to work on /Users/charme/Documents/Gitub_Repositories/MLOps_AMMI_2024/day7/lab/code/airflow/dags/task4.py
[2024-09-19T14:22:18.391+0000] {processor.py:914} INFO - Processing file /Users/charme/Documents/Gitub_Repositories/MLOps_AMMI_2024/day7/lab/code/airflow/dags/task4.py for tasks to queue
[2024-09-19T14:22:18.391+0000] {logging_mixin.py:190} INFO - [2024-09-19T14:22:18.391+0000] {dagbag.py:587} INFO - Filling up the DagBag from /Users/charme/Documents/Gitub_Repositories/MLOps_AMMI_2024/day7/lab/code/airflow/dags/task4.py
[2024-09-19T14:22:18.400+0000] {processor.py:925} INFO - DAG(s) 'xcom_dag' retrieved from /Users/charme/Documents/Gitub_Repositories/MLOps_AMMI_2024/day7/lab/code/airflow/dags/task4.py
[2024-09-19T14:22:18.425+0000] {logging_mixin.py:190} INFO - [2024-09-19T14:22:18.425+0000] {dag.py:3229} INFO - Sync 1 DAGs
[2024-09-19T14:22:18.428+0000] {logging_mixin.py:190} INFO - [2024-09-19T14:22:18.428+0000] {dag.py:4156} INFO - Setting next_dagrun for xcom_dag to None, run_after=None
[2024-09-19T14:22:18.433+0000] {processor.py:208} INFO - Processing /Users/charme/Documents/Gitub_Repositories/MLOps_AMMI_2024/day7/lab/code/airflow/dags/task4.py took 0.044 seconds
[2024-09-19T14:22:49.689+0000] {processor.py:186} INFO - Started process (PID=36308) to work on /Users/charme/Documents/Gitub_Repositories/MLOps_AMMI_2024/day7/lab/code/airflow/dags/task4.py
[2024-09-19T14:22:49.690+0000] {processor.py:914} INFO - Processing file /Users/charme/Documents/Gitub_Repositories/MLOps_AMMI_2024/day7/lab/code/airflow/dags/task4.py for tasks to queue
[2024-09-19T14:22:49.691+0000] {logging_mixin.py:190} INFO - [2024-09-19T14:22:49.690+0000] {dagbag.py:587} INFO - Filling up the DagBag from /Users/charme/Documents/Gitub_Repositories/MLOps_AMMI_2024/day7/lab/code/airflow/dags/task4.py
[2024-09-19T14:22:49.705+0000] {processor.py:925} INFO - DAG(s) 'xcom_dag' retrieved from /Users/charme/Documents/Gitub_Repositories/MLOps_AMMI_2024/day7/lab/code/airflow/dags/task4.py
[2024-09-19T14:22:49.731+0000] {logging_mixin.py:190} INFO - [2024-09-19T14:22:49.731+0000] {dag.py:3229} INFO - Sync 1 DAGs
[2024-09-19T14:22:49.734+0000] {logging_mixin.py:190} INFO - [2024-09-19T14:22:49.734+0000] {dag.py:4156} INFO - Setting next_dagrun for xcom_dag to None, run_after=None
[2024-09-19T14:22:49.739+0000] {processor.py:208} INFO - Processing /Users/charme/Documents/Gitub_Repositories/MLOps_AMMI_2024/day7/lab/code/airflow/dags/task4.py took 0.051 seconds
[2024-09-19T14:23:20.374+0000] {processor.py:186} INFO - Started process (PID=36399) to work on /Users/charme/Documents/Gitub_Repositories/MLOps_AMMI_2024/day7/lab/code/airflow/dags/task4.py
[2024-09-19T14:23:20.375+0000] {processor.py:914} INFO - Processing file /Users/charme/Documents/Gitub_Repositories/MLOps_AMMI_2024/day7/lab/code/airflow/dags/task4.py for tasks to queue
[2024-09-19T14:23:20.376+0000] {logging_mixin.py:190} INFO - [2024-09-19T14:23:20.376+0000] {dagbag.py:587} INFO - Filling up the DagBag from /Users/charme/Documents/Gitub_Repositories/MLOps_AMMI_2024/day7/lab/code/airflow/dags/task4.py
[2024-09-19T14:23:20.385+0000] {processor.py:925} INFO - DAG(s) 'xcom_dag' retrieved from /Users/charme/Documents/Gitub_Repositories/MLOps_AMMI_2024/day7/lab/code/airflow/dags/task4.py
[2024-09-19T14:23:20.408+0000] {logging_mixin.py:190} INFO - [2024-09-19T14:23:20.408+0000] {dag.py:3229} INFO - Sync 1 DAGs
[2024-09-19T14:23:20.411+0000] {logging_mixin.py:190} INFO - [2024-09-19T14:23:20.411+0000] {dag.py:4156} INFO - Setting next_dagrun for xcom_dag to None, run_after=None
[2024-09-19T14:23:20.416+0000] {processor.py:208} INFO - Processing /Users/charme/Documents/Gitub_Repositories/MLOps_AMMI_2024/day7/lab/code/airflow/dags/task4.py took 0.043 seconds
[2024-09-19T14:23:51.425+0000] {processor.py:186} INFO - Started process (PID=36465) to work on /Users/charme/Documents/Gitub_Repositories/MLOps_AMMI_2024/day7/lab/code/airflow/dags/task4.py
[2024-09-19T14:23:51.426+0000] {processor.py:914} INFO - Processing file /Users/charme/Documents/Gitub_Repositories/MLOps_AMMI_2024/day7/lab/code/airflow/dags/task4.py for tasks to queue
[2024-09-19T14:23:51.426+0000] {logging_mixin.py:190} INFO - [2024-09-19T14:23:51.426+0000] {dagbag.py:587} INFO - Filling up the DagBag from /Users/charme/Documents/Gitub_Repositories/MLOps_AMMI_2024/day7/lab/code/airflow/dags/task4.py
[2024-09-19T14:23:51.438+0000] {processor.py:925} INFO - DAG(s) 'xcom_dag' retrieved from /Users/charme/Documents/Gitub_Repositories/MLOps_AMMI_2024/day7/lab/code/airflow/dags/task4.py
[2024-09-19T14:23:51.464+0000] {logging_mixin.py:190} INFO - [2024-09-19T14:23:51.464+0000] {dag.py:3229} INFO - Sync 1 DAGs
[2024-09-19T14:23:51.467+0000] {logging_mixin.py:190} INFO - [2024-09-19T14:23:51.467+0000] {dag.py:4156} INFO - Setting next_dagrun for xcom_dag to None, run_after=None
[2024-09-19T14:23:51.472+0000] {processor.py:208} INFO - Processing /Users/charme/Documents/Gitub_Repositories/MLOps_AMMI_2024/day7/lab/code/airflow/dags/task4.py took 0.048 seconds
[2024-09-19T14:24:22.104+0000] {processor.py:186} INFO - Started process (PID=36553) to work on /Users/charme/Documents/Gitub_Repositories/MLOps_AMMI_2024/day7/lab/code/airflow/dags/task4.py
[2024-09-19T14:24:22.104+0000] {processor.py:914} INFO - Processing file /Users/charme/Documents/Gitub_Repositories/MLOps_AMMI_2024/day7/lab/code/airflow/dags/task4.py for tasks to queue
[2024-09-19T14:24:22.105+0000] {logging_mixin.py:190} INFO - [2024-09-19T14:24:22.104+0000] {dagbag.py:587} INFO - Filling up the DagBag from /Users/charme/Documents/Gitub_Repositories/MLOps_AMMI_2024/day7/lab/code/airflow/dags/task4.py
[2024-09-19T14:24:22.113+0000] {processor.py:925} INFO - DAG(s) 'xcom_dag' retrieved from /Users/charme/Documents/Gitub_Repositories/MLOps_AMMI_2024/day7/lab/code/airflow/dags/task4.py
[2024-09-19T14:24:22.137+0000] {logging_mixin.py:190} INFO - [2024-09-19T14:24:22.137+0000] {dag.py:3229} INFO - Sync 1 DAGs
[2024-09-19T14:24:22.140+0000] {logging_mixin.py:190} INFO - [2024-09-19T14:24:22.140+0000] {dag.py:4156} INFO - Setting next_dagrun for xcom_dag to None, run_after=None
[2024-09-19T14:24:22.145+0000] {processor.py:208} INFO - Processing /Users/charme/Documents/Gitub_Repositories/MLOps_AMMI_2024/day7/lab/code/airflow/dags/task4.py took 0.042 seconds
[2024-09-19T14:24:52.765+0000] {processor.py:186} INFO - Started process (PID=36623) to work on /Users/charme/Documents/Gitub_Repositories/MLOps_AMMI_2024/day7/lab/code/airflow/dags/task4.py
[2024-09-19T14:24:52.766+0000] {processor.py:914} INFO - Processing file /Users/charme/Documents/Gitub_Repositories/MLOps_AMMI_2024/day7/lab/code/airflow/dags/task4.py for tasks to queue
[2024-09-19T14:24:52.766+0000] {logging_mixin.py:190} INFO - [2024-09-19T14:24:52.766+0000] {dagbag.py:587} INFO - Filling up the DagBag from /Users/charme/Documents/Gitub_Repositories/MLOps_AMMI_2024/day7/lab/code/airflow/dags/task4.py
[2024-09-19T14:24:52.775+0000] {processor.py:925} INFO - DAG(s) 'xcom_dag' retrieved from /Users/charme/Documents/Gitub_Repositories/MLOps_AMMI_2024/day7/lab/code/airflow/dags/task4.py
[2024-09-19T14:24:52.800+0000] {logging_mixin.py:190} INFO - [2024-09-19T14:24:52.800+0000] {dag.py:3229} INFO - Sync 1 DAGs
[2024-09-19T14:24:52.803+0000] {logging_mixin.py:190} INFO - [2024-09-19T14:24:52.803+0000] {dag.py:4156} INFO - Setting next_dagrun for xcom_dag to None, run_after=None
[2024-09-19T14:24:52.808+0000] {processor.py:208} INFO - Processing /Users/charme/Documents/Gitub_Repositories/MLOps_AMMI_2024/day7/lab/code/airflow/dags/task4.py took 0.045 seconds
[2024-09-19T14:25:23.537+0000] {processor.py:186} INFO - Started process (PID=36705) to work on /Users/charme/Documents/Gitub_Repositories/MLOps_AMMI_2024/day7/lab/code/airflow/dags/task4.py
[2024-09-19T14:25:23.539+0000] {processor.py:914} INFO - Processing file /Users/charme/Documents/Gitub_Repositories/MLOps_AMMI_2024/day7/lab/code/airflow/dags/task4.py for tasks to queue
[2024-09-19T14:25:23.539+0000] {logging_mixin.py:190} INFO - [2024-09-19T14:25:23.539+0000] {dagbag.py:587} INFO - Filling up the DagBag from /Users/charme/Documents/Gitub_Repositories/MLOps_AMMI_2024/day7/lab/code/airflow/dags/task4.py
[2024-09-19T14:25:23.551+0000] {processor.py:925} INFO - DAG(s) 'xcom_dag' retrieved from /Users/charme/Documents/Gitub_Repositories/MLOps_AMMI_2024/day7/lab/code/airflow/dags/task4.py
[2024-09-19T14:25:23.577+0000] {logging_mixin.py:190} INFO - [2024-09-19T14:25:23.577+0000] {dag.py:3229} INFO - Sync 1 DAGs
[2024-09-19T14:25:23.580+0000] {logging_mixin.py:190} INFO - [2024-09-19T14:25:23.580+0000] {dag.py:4156} INFO - Setting next_dagrun for xcom_dag to None, run_after=None
[2024-09-19T14:25:23.585+0000] {processor.py:208} INFO - Processing /Users/charme/Documents/Gitub_Repositories/MLOps_AMMI_2024/day7/lab/code/airflow/dags/task4.py took 0.049 seconds
[2024-09-19T14:25:54.468+0000] {processor.py:186} INFO - Started process (PID=36789) to work on /Users/charme/Documents/Gitub_Repositories/MLOps_AMMI_2024/day7/lab/code/airflow/dags/task4.py
[2024-09-19T14:25:54.469+0000] {processor.py:914} INFO - Processing file /Users/charme/Documents/Gitub_Repositories/MLOps_AMMI_2024/day7/lab/code/airflow/dags/task4.py for tasks to queue
[2024-09-19T14:25:54.469+0000] {logging_mixin.py:190} INFO - [2024-09-19T14:25:54.469+0000] {dagbag.py:587} INFO - Filling up the DagBag from /Users/charme/Documents/Gitub_Repositories/MLOps_AMMI_2024/day7/lab/code/airflow/dags/task4.py
[2024-09-19T14:25:54.482+0000] {processor.py:925} INFO - DAG(s) 'xcom_dag' retrieved from /Users/charme/Documents/Gitub_Repositories/MLOps_AMMI_2024/day7/lab/code/airflow/dags/task4.py
[2024-09-19T14:25:54.508+0000] {logging_mixin.py:190} INFO - [2024-09-19T14:25:54.508+0000] {dag.py:3229} INFO - Sync 1 DAGs
[2024-09-19T14:25:54.511+0000] {logging_mixin.py:190} INFO - [2024-09-19T14:25:54.511+0000] {dag.py:4156} INFO - Setting next_dagrun for xcom_dag to None, run_after=None
[2024-09-19T14:25:54.516+0000] {processor.py:208} INFO - Processing /Users/charme/Documents/Gitub_Repositories/MLOps_AMMI_2024/day7/lab/code/airflow/dags/task4.py took 0.049 seconds
[2024-09-19T14:26:25.812+0000] {processor.py:186} INFO - Started process (PID=36885) to work on /Users/charme/Documents/Gitub_Repositories/MLOps_AMMI_2024/day7/lab/code/airflow/dags/task4.py
[2024-09-19T14:26:25.812+0000] {processor.py:914} INFO - Processing file /Users/charme/Documents/Gitub_Repositories/MLOps_AMMI_2024/day7/lab/code/airflow/dags/task4.py for tasks to queue
[2024-09-19T14:26:25.813+0000] {logging_mixin.py:190} INFO - [2024-09-19T14:26:25.813+0000] {dagbag.py:587} INFO - Filling up the DagBag from /Users/charme/Documents/Gitub_Repositories/MLOps_AMMI_2024/day7/lab/code/airflow/dags/task4.py
[2024-09-19T14:26:25.821+0000] {processor.py:925} INFO - DAG(s) 'xcom_dag' retrieved from /Users/charme/Documents/Gitub_Repositories/MLOps_AMMI_2024/day7/lab/code/airflow/dags/task4.py
[2024-09-19T14:26:25.844+0000] {logging_mixin.py:190} INFO - [2024-09-19T14:26:25.844+0000] {dag.py:3229} INFO - Sync 1 DAGs
[2024-09-19T14:26:25.847+0000] {logging_mixin.py:190} INFO - [2024-09-19T14:26:25.847+0000] {dag.py:4156} INFO - Setting next_dagrun for xcom_dag to None, run_after=None
[2024-09-19T14:26:25.852+0000] {processor.py:208} INFO - Processing /Users/charme/Documents/Gitub_Repositories/MLOps_AMMI_2024/day7/lab/code/airflow/dags/task4.py took 0.041 seconds
[2024-09-19T14:26:56.477+0000] {processor.py:186} INFO - Started process (PID=36947) to work on /Users/charme/Documents/Gitub_Repositories/MLOps_AMMI_2024/day7/lab/code/airflow/dags/task4.py
[2024-09-19T14:26:56.477+0000] {processor.py:914} INFO - Processing file /Users/charme/Documents/Gitub_Repositories/MLOps_AMMI_2024/day7/lab/code/airflow/dags/task4.py for tasks to queue
[2024-09-19T14:26:56.478+0000] {logging_mixin.py:190} INFO - [2024-09-19T14:26:56.478+0000] {dagbag.py:587} INFO - Filling up the DagBag from /Users/charme/Documents/Gitub_Repositories/MLOps_AMMI_2024/day7/lab/code/airflow/dags/task4.py
[2024-09-19T14:26:56.486+0000] {processor.py:925} INFO - DAG(s) 'xcom_dag' retrieved from /Users/charme/Documents/Gitub_Repositories/MLOps_AMMI_2024/day7/lab/code/airflow/dags/task4.py
[2024-09-19T14:26:56.510+0000] {logging_mixin.py:190} INFO - [2024-09-19T14:26:56.510+0000] {dag.py:3229} INFO - Sync 1 DAGs
[2024-09-19T14:26:56.513+0000] {logging_mixin.py:190} INFO - [2024-09-19T14:26:56.513+0000] {dag.py:4156} INFO - Setting next_dagrun for xcom_dag to None, run_after=None
[2024-09-19T14:26:56.518+0000] {processor.py:208} INFO - Processing /Users/charme/Documents/Gitub_Repositories/MLOps_AMMI_2024/day7/lab/code/airflow/dags/task4.py took 0.042 seconds
[2024-09-19T14:27:27.398+0000] {processor.py:186} INFO - Started process (PID=37009) to work on /Users/charme/Documents/Gitub_Repositories/MLOps_AMMI_2024/day7/lab/code/airflow/dags/task4.py
[2024-09-19T14:27:27.399+0000] {processor.py:914} INFO - Processing file /Users/charme/Documents/Gitub_Repositories/MLOps_AMMI_2024/day7/lab/code/airflow/dags/task4.py for tasks to queue
[2024-09-19T14:27:27.399+0000] {logging_mixin.py:190} INFO - [2024-09-19T14:27:27.399+0000] {dagbag.py:587} INFO - Filling up the DagBag from /Users/charme/Documents/Gitub_Repositories/MLOps_AMMI_2024/day7/lab/code/airflow/dags/task4.py
[2024-09-19T14:27:27.407+0000] {processor.py:925} INFO - DAG(s) 'xcom_dag' retrieved from /Users/charme/Documents/Gitub_Repositories/MLOps_AMMI_2024/day7/lab/code/airflow/dags/task4.py
[2024-09-19T14:27:27.432+0000] {logging_mixin.py:190} INFO - [2024-09-19T14:27:27.432+0000] {dag.py:3229} INFO - Sync 1 DAGs
[2024-09-19T14:27:27.435+0000] {logging_mixin.py:190} INFO - [2024-09-19T14:27:27.435+0000] {dag.py:4156} INFO - Setting next_dagrun for xcom_dag to None, run_after=None
[2024-09-19T14:27:27.440+0000] {processor.py:208} INFO - Processing /Users/charme/Documents/Gitub_Repositories/MLOps_AMMI_2024/day7/lab/code/airflow/dags/task4.py took 0.043 seconds
[2024-09-19T14:27:58.554+0000] {processor.py:186} INFO - Started process (PID=37089) to work on /Users/charme/Documents/Gitub_Repositories/MLOps_AMMI_2024/day7/lab/code/airflow/dags/task4.py
[2024-09-19T14:27:58.555+0000] {processor.py:914} INFO - Processing file /Users/charme/Documents/Gitub_Repositories/MLOps_AMMI_2024/day7/lab/code/airflow/dags/task4.py for tasks to queue
[2024-09-19T14:27:58.556+0000] {logging_mixin.py:190} INFO - [2024-09-19T14:27:58.556+0000] {dagbag.py:587} INFO - Filling up the DagBag from /Users/charme/Documents/Gitub_Repositories/MLOps_AMMI_2024/day7/lab/code/airflow/dags/task4.py
[2024-09-19T14:27:58.570+0000] {processor.py:925} INFO - DAG(s) 'xcom_dag' retrieved from /Users/charme/Documents/Gitub_Repositories/MLOps_AMMI_2024/day7/lab/code/airflow/dags/task4.py
[2024-09-19T14:27:58.597+0000] {logging_mixin.py:190} INFO - [2024-09-19T14:27:58.596+0000] {dag.py:3229} INFO - Sync 1 DAGs
[2024-09-19T14:27:58.600+0000] {logging_mixin.py:190} INFO - [2024-09-19T14:27:58.599+0000] {dag.py:4156} INFO - Setting next_dagrun for xcom_dag to None, run_after=None
[2024-09-19T14:27:58.605+0000] {processor.py:208} INFO - Processing /Users/charme/Documents/Gitub_Repositories/MLOps_AMMI_2024/day7/lab/code/airflow/dags/task4.py took 0.052 seconds
[2024-09-19T14:28:29.381+0000] {processor.py:186} INFO - Started process (PID=37180) to work on /Users/charme/Documents/Gitub_Repositories/MLOps_AMMI_2024/day7/lab/code/airflow/dags/task4.py
[2024-09-19T14:28:29.381+0000] {processor.py:914} INFO - Processing file /Users/charme/Documents/Gitub_Repositories/MLOps_AMMI_2024/day7/lab/code/airflow/dags/task4.py for tasks to queue
[2024-09-19T14:28:29.381+0000] {logging_mixin.py:190} INFO - [2024-09-19T14:28:29.381+0000] {dagbag.py:587} INFO - Filling up the DagBag from /Users/charme/Documents/Gitub_Repositories/MLOps_AMMI_2024/day7/lab/code/airflow/dags/task4.py
[2024-09-19T14:28:29.390+0000] {processor.py:925} INFO - DAG(s) 'xcom_dag' retrieved from /Users/charme/Documents/Gitub_Repositories/MLOps_AMMI_2024/day7/lab/code/airflow/dags/task4.py
[2024-09-19T14:28:29.413+0000] {logging_mixin.py:190} INFO - [2024-09-19T14:28:29.413+0000] {dag.py:3229} INFO - Sync 1 DAGs
[2024-09-19T14:28:29.416+0000] {logging_mixin.py:190} INFO - [2024-09-19T14:28:29.416+0000] {dag.py:4156} INFO - Setting next_dagrun for xcom_dag to None, run_after=None
[2024-09-19T14:28:29.421+0000] {processor.py:208} INFO - Processing /Users/charme/Documents/Gitub_Repositories/MLOps_AMMI_2024/day7/lab/code/airflow/dags/task4.py took 0.042 seconds
[2024-09-19T14:29:00.114+0000] {processor.py:186} INFO - Started process (PID=37247) to work on /Users/charme/Documents/Gitub_Repositories/MLOps_AMMI_2024/day7/lab/code/airflow/dags/task4.py
[2024-09-19T14:29:00.114+0000] {processor.py:914} INFO - Processing file /Users/charme/Documents/Gitub_Repositories/MLOps_AMMI_2024/day7/lab/code/airflow/dags/task4.py for tasks to queue
[2024-09-19T14:29:00.114+0000] {logging_mixin.py:190} INFO - [2024-09-19T14:29:00.114+0000] {dagbag.py:587} INFO - Filling up the DagBag from /Users/charme/Documents/Gitub_Repositories/MLOps_AMMI_2024/day7/lab/code/airflow/dags/task4.py
[2024-09-19T14:29:00.123+0000] {processor.py:925} INFO - DAG(s) 'xcom_dag' retrieved from /Users/charme/Documents/Gitub_Repositories/MLOps_AMMI_2024/day7/lab/code/airflow/dags/task4.py
[2024-09-19T14:29:00.148+0000] {logging_mixin.py:190} INFO - [2024-09-19T14:29:00.148+0000] {dag.py:3229} INFO - Sync 1 DAGs
[2024-09-19T14:29:00.151+0000] {logging_mixin.py:190} INFO - [2024-09-19T14:29:00.151+0000] {dag.py:4156} INFO - Setting next_dagrun for xcom_dag to None, run_after=None
[2024-09-19T14:29:00.156+0000] {processor.py:208} INFO - Processing /Users/charme/Documents/Gitub_Repositories/MLOps_AMMI_2024/day7/lab/code/airflow/dags/task4.py took 0.044 seconds
[2024-09-19T14:29:31.550+0000] {processor.py:186} INFO - Started process (PID=37337) to work on /Users/charme/Documents/Gitub_Repositories/MLOps_AMMI_2024/day7/lab/code/airflow/dags/task4.py
[2024-09-19T14:29:31.551+0000] {processor.py:914} INFO - Processing file /Users/charme/Documents/Gitub_Repositories/MLOps_AMMI_2024/day7/lab/code/airflow/dags/task4.py for tasks to queue
[2024-09-19T14:29:31.551+0000] {logging_mixin.py:190} INFO - [2024-09-19T14:29:31.551+0000] {dagbag.py:587} INFO - Filling up the DagBag from /Users/charme/Documents/Gitub_Repositories/MLOps_AMMI_2024/day7/lab/code/airflow/dags/task4.py
[2024-09-19T14:29:31.566+0000] {processor.py:925} INFO - DAG(s) 'xcom_dag' retrieved from /Users/charme/Documents/Gitub_Repositories/MLOps_AMMI_2024/day7/lab/code/airflow/dags/task4.py
[2024-09-19T14:29:31.593+0000] {logging_mixin.py:190} INFO - [2024-09-19T14:29:31.593+0000] {dag.py:3229} INFO - Sync 1 DAGs
[2024-09-19T14:29:31.596+0000] {logging_mixin.py:190} INFO - [2024-09-19T14:29:31.596+0000] {dag.py:4156} INFO - Setting next_dagrun for xcom_dag to None, run_after=None
[2024-09-19T14:29:31.601+0000] {processor.py:208} INFO - Processing /Users/charme/Documents/Gitub_Repositories/MLOps_AMMI_2024/day7/lab/code/airflow/dags/task4.py took 0.052 seconds
[2024-09-19T14:30:02.496+0000] {processor.py:186} INFO - Started process (PID=37408) to work on /Users/charme/Documents/Gitub_Repositories/MLOps_AMMI_2024/day7/lab/code/airflow/dags/task4.py
[2024-09-19T14:30:02.497+0000] {processor.py:914} INFO - Processing file /Users/charme/Documents/Gitub_Repositories/MLOps_AMMI_2024/day7/lab/code/airflow/dags/task4.py for tasks to queue
[2024-09-19T14:30:02.497+0000] {logging_mixin.py:190} INFO - [2024-09-19T14:30:02.497+0000] {dagbag.py:587} INFO - Filling up the DagBag from /Users/charme/Documents/Gitub_Repositories/MLOps_AMMI_2024/day7/lab/code/airflow/dags/task4.py
[2024-09-19T14:30:02.510+0000] {processor.py:925} INFO - DAG(s) 'xcom_dag' retrieved from /Users/charme/Documents/Gitub_Repositories/MLOps_AMMI_2024/day7/lab/code/airflow/dags/task4.py
[2024-09-19T14:30:02.536+0000] {logging_mixin.py:190} INFO - [2024-09-19T14:30:02.536+0000] {dag.py:3229} INFO - Sync 1 DAGs
[2024-09-19T14:30:02.539+0000] {logging_mixin.py:190} INFO - [2024-09-19T14:30:02.539+0000] {dag.py:4156} INFO - Setting next_dagrun for xcom_dag to None, run_after=None
[2024-09-19T14:30:02.545+0000] {processor.py:208} INFO - Processing /Users/charme/Documents/Gitub_Repositories/MLOps_AMMI_2024/day7/lab/code/airflow/dags/task4.py took 0.050 seconds
[2024-09-19T14:30:33.213+0000] {processor.py:186} INFO - Started process (PID=37477) to work on /Users/charme/Documents/Gitub_Repositories/MLOps_AMMI_2024/day7/lab/code/airflow/dags/task4.py
[2024-09-19T14:30:33.214+0000] {processor.py:914} INFO - Processing file /Users/charme/Documents/Gitub_Repositories/MLOps_AMMI_2024/day7/lab/code/airflow/dags/task4.py for tasks to queue
[2024-09-19T14:30:33.214+0000] {logging_mixin.py:190} INFO - [2024-09-19T14:30:33.214+0000] {dagbag.py:587} INFO - Filling up the DagBag from /Users/charme/Documents/Gitub_Repositories/MLOps_AMMI_2024/day7/lab/code/airflow/dags/task4.py
[2024-09-19T14:30:33.222+0000] {processor.py:925} INFO - DAG(s) 'xcom_dag' retrieved from /Users/charme/Documents/Gitub_Repositories/MLOps_AMMI_2024/day7/lab/code/airflow/dags/task4.py
[2024-09-19T14:30:33.246+0000] {logging_mixin.py:190} INFO - [2024-09-19T14:30:33.245+0000] {dag.py:3229} INFO - Sync 1 DAGs
[2024-09-19T14:30:33.248+0000] {logging_mixin.py:190} INFO - [2024-09-19T14:30:33.248+0000] {dag.py:4156} INFO - Setting next_dagrun for xcom_dag to None, run_after=None
[2024-09-19T14:30:33.254+0000] {processor.py:208} INFO - Processing /Users/charme/Documents/Gitub_Repositories/MLOps_AMMI_2024/day7/lab/code/airflow/dags/task4.py took 0.041 seconds
[2024-09-19T14:31:03.936+0000] {processor.py:186} INFO - Started process (PID=37572) to work on /Users/charme/Documents/Gitub_Repositories/MLOps_AMMI_2024/day7/lab/code/airflow/dags/task4.py
[2024-09-19T14:31:03.936+0000] {processor.py:914} INFO - Processing file /Users/charme/Documents/Gitub_Repositories/MLOps_AMMI_2024/day7/lab/code/airflow/dags/task4.py for tasks to queue
[2024-09-19T14:31:03.936+0000] {logging_mixin.py:190} INFO - [2024-09-19T14:31:03.936+0000] {dagbag.py:587} INFO - Filling up the DagBag from /Users/charme/Documents/Gitub_Repositories/MLOps_AMMI_2024/day7/lab/code/airflow/dags/task4.py
[2024-09-19T14:31:03.947+0000] {processor.py:925} INFO - DAG(s) 'xcom_dag' retrieved from /Users/charme/Documents/Gitub_Repositories/MLOps_AMMI_2024/day7/lab/code/airflow/dags/task4.py
[2024-09-19T14:31:03.972+0000] {logging_mixin.py:190} INFO - [2024-09-19T14:31:03.972+0000] {dag.py:3229} INFO - Sync 1 DAGs
[2024-09-19T14:31:03.975+0000] {logging_mixin.py:190} INFO - [2024-09-19T14:31:03.975+0000] {dag.py:4156} INFO - Setting next_dagrun for xcom_dag to None, run_after=None
[2024-09-19T14:31:03.980+0000] {processor.py:208} INFO - Processing /Users/charme/Documents/Gitub_Repositories/MLOps_AMMI_2024/day7/lab/code/airflow/dags/task4.py took 0.045 seconds
[2024-09-19T14:31:34.594+0000] {processor.py:186} INFO - Started process (PID=37663) to work on /Users/charme/Documents/Gitub_Repositories/MLOps_AMMI_2024/day7/lab/code/airflow/dags/task4.py
[2024-09-19T14:31:34.594+0000] {processor.py:914} INFO - Processing file /Users/charme/Documents/Gitub_Repositories/MLOps_AMMI_2024/day7/lab/code/airflow/dags/task4.py for tasks to queue
[2024-09-19T14:31:34.594+0000] {logging_mixin.py:190} INFO - [2024-09-19T14:31:34.594+0000] {dagbag.py:587} INFO - Filling up the DagBag from /Users/charme/Documents/Gitub_Repositories/MLOps_AMMI_2024/day7/lab/code/airflow/dags/task4.py
[2024-09-19T14:31:34.603+0000] {processor.py:925} INFO - DAG(s) 'xcom_dag' retrieved from /Users/charme/Documents/Gitub_Repositories/MLOps_AMMI_2024/day7/lab/code/airflow/dags/task4.py
[2024-09-19T14:31:34.627+0000] {logging_mixin.py:190} INFO - [2024-09-19T14:31:34.627+0000] {dag.py:3229} INFO - Sync 1 DAGs
[2024-09-19T14:31:34.630+0000] {logging_mixin.py:190} INFO - [2024-09-19T14:31:34.630+0000] {dag.py:4156} INFO - Setting next_dagrun for xcom_dag to None, run_after=None
[2024-09-19T14:31:34.635+0000] {processor.py:208} INFO - Processing /Users/charme/Documents/Gitub_Repositories/MLOps_AMMI_2024/day7/lab/code/airflow/dags/task4.py took 0.043 seconds
[2024-09-19T14:32:05.437+0000] {processor.py:186} INFO - Started process (PID=37749) to work on /Users/charme/Documents/Gitub_Repositories/MLOps_AMMI_2024/day7/lab/code/airflow/dags/task4.py
[2024-09-19T14:32:05.438+0000] {processor.py:914} INFO - Processing file /Users/charme/Documents/Gitub_Repositories/MLOps_AMMI_2024/day7/lab/code/airflow/dags/task4.py for tasks to queue
[2024-09-19T14:32:05.438+0000] {logging_mixin.py:190} INFO - [2024-09-19T14:32:05.438+0000] {dagbag.py:587} INFO - Filling up the DagBag from /Users/charme/Documents/Gitub_Repositories/MLOps_AMMI_2024/day7/lab/code/airflow/dags/task4.py
[2024-09-19T14:32:05.447+0000] {processor.py:925} INFO - DAG(s) 'xcom_dag' retrieved from /Users/charme/Documents/Gitub_Repositories/MLOps_AMMI_2024/day7/lab/code/airflow/dags/task4.py
[2024-09-19T14:32:05.472+0000] {logging_mixin.py:190} INFO - [2024-09-19T14:32:05.472+0000] {dag.py:3229} INFO - Sync 1 DAGs
[2024-09-19T14:32:05.474+0000] {logging_mixin.py:190} INFO - [2024-09-19T14:32:05.474+0000] {dag.py:4156} INFO - Setting next_dagrun for xcom_dag to None, run_after=None
[2024-09-19T14:32:05.480+0000] {processor.py:208} INFO - Processing /Users/charme/Documents/Gitub_Repositories/MLOps_AMMI_2024/day7/lab/code/airflow/dags/task4.py took 0.043 seconds
[2024-09-19T14:32:36.380+0000] {processor.py:186} INFO - Started process (PID=37859) to work on /Users/charme/Documents/Gitub_Repositories/MLOps_AMMI_2024/day7/lab/code/airflow/dags/task4.py
[2024-09-19T14:32:36.381+0000] {processor.py:914} INFO - Processing file /Users/charme/Documents/Gitub_Repositories/MLOps_AMMI_2024/day7/lab/code/airflow/dags/task4.py for tasks to queue
[2024-09-19T14:32:36.382+0000] {logging_mixin.py:190} INFO - [2024-09-19T14:32:36.382+0000] {dagbag.py:587} INFO - Filling up the DagBag from /Users/charme/Documents/Gitub_Repositories/MLOps_AMMI_2024/day7/lab/code/airflow/dags/task4.py
[2024-09-19T14:32:36.394+0000] {processor.py:925} INFO - DAG(s) 'xcom_dag' retrieved from /Users/charme/Documents/Gitub_Repositories/MLOps_AMMI_2024/day7/lab/code/airflow/dags/task4.py
[2024-09-19T14:32:36.420+0000] {logging_mixin.py:190} INFO - [2024-09-19T14:32:36.420+0000] {dag.py:3229} INFO - Sync 1 DAGs
[2024-09-19T14:32:36.423+0000] {logging_mixin.py:190} INFO - [2024-09-19T14:32:36.423+0000] {dag.py:4156} INFO - Setting next_dagrun for xcom_dag to None, run_after=None
[2024-09-19T14:32:36.428+0000] {processor.py:208} INFO - Processing /Users/charme/Documents/Gitub_Repositories/MLOps_AMMI_2024/day7/lab/code/airflow/dags/task4.py took 0.049 seconds
[2024-09-19T14:33:07.163+0000] {processor.py:186} INFO - Started process (PID=37943) to work on /Users/charme/Documents/Gitub_Repositories/MLOps_AMMI_2024/day7/lab/code/airflow/dags/task4.py
[2024-09-19T14:33:07.165+0000] {processor.py:914} INFO - Processing file /Users/charme/Documents/Gitub_Repositories/MLOps_AMMI_2024/day7/lab/code/airflow/dags/task4.py for tasks to queue
[2024-09-19T14:33:07.165+0000] {logging_mixin.py:190} INFO - [2024-09-19T14:33:07.165+0000] {dagbag.py:587} INFO - Filling up the DagBag from /Users/charme/Documents/Gitub_Repositories/MLOps_AMMI_2024/day7/lab/code/airflow/dags/task4.py
[2024-09-19T14:33:07.174+0000] {processor.py:925} INFO - DAG(s) 'xcom_dag' retrieved from /Users/charme/Documents/Gitub_Repositories/MLOps_AMMI_2024/day7/lab/code/airflow/dags/task4.py
[2024-09-19T14:33:07.198+0000] {logging_mixin.py:190} INFO - [2024-09-19T14:33:07.198+0000] {dag.py:3229} INFO - Sync 1 DAGs
[2024-09-19T14:33:07.200+0000] {logging_mixin.py:190} INFO - [2024-09-19T14:33:07.200+0000] {dag.py:4156} INFO - Setting next_dagrun for xcom_dag to None, run_after=None
[2024-09-19T14:33:07.205+0000] {processor.py:208} INFO - Processing /Users/charme/Documents/Gitub_Repositories/MLOps_AMMI_2024/day7/lab/code/airflow/dags/task4.py took 0.044 seconds
[2024-09-19T14:33:38.019+0000] {processor.py:186} INFO - Started process (PID=38026) to work on /Users/charme/Documents/Gitub_Repositories/MLOps_AMMI_2024/day7/lab/code/airflow/dags/task4.py
[2024-09-19T14:33:38.020+0000] {processor.py:914} INFO - Processing file /Users/charme/Documents/Gitub_Repositories/MLOps_AMMI_2024/day7/lab/code/airflow/dags/task4.py for tasks to queue
[2024-09-19T14:33:38.020+0000] {logging_mixin.py:190} INFO - [2024-09-19T14:33:38.020+0000] {dagbag.py:587} INFO - Filling up the DagBag from /Users/charme/Documents/Gitub_Repositories/MLOps_AMMI_2024/day7/lab/code/airflow/dags/task4.py
[2024-09-19T14:33:38.028+0000] {processor.py:925} INFO - DAG(s) 'xcom_dag' retrieved from /Users/charme/Documents/Gitub_Repositories/MLOps_AMMI_2024/day7/lab/code/airflow/dags/task4.py
[2024-09-19T14:33:38.053+0000] {logging_mixin.py:190} INFO - [2024-09-19T14:33:38.053+0000] {dag.py:3229} INFO - Sync 1 DAGs
[2024-09-19T14:33:38.056+0000] {logging_mixin.py:190} INFO - [2024-09-19T14:33:38.056+0000] {dag.py:4156} INFO - Setting next_dagrun for xcom_dag to None, run_after=None
[2024-09-19T14:33:38.061+0000] {processor.py:208} INFO - Processing /Users/charme/Documents/Gitub_Repositories/MLOps_AMMI_2024/day7/lab/code/airflow/dags/task4.py took 0.043 seconds
[2024-09-19T14:34:08.892+0000] {processor.py:186} INFO - Started process (PID=38113) to work on /Users/charme/Documents/Gitub_Repositories/MLOps_AMMI_2024/day7/lab/code/airflow/dags/task4.py
[2024-09-19T14:34:08.893+0000] {processor.py:914} INFO - Processing file /Users/charme/Documents/Gitub_Repositories/MLOps_AMMI_2024/day7/lab/code/airflow/dags/task4.py for tasks to queue
[2024-09-19T14:34:08.893+0000] {logging_mixin.py:190} INFO - [2024-09-19T14:34:08.893+0000] {dagbag.py:587} INFO - Filling up the DagBag from /Users/charme/Documents/Gitub_Repositories/MLOps_AMMI_2024/day7/lab/code/airflow/dags/task4.py
[2024-09-19T14:34:08.906+0000] {processor.py:925} INFO - DAG(s) 'xcom_dag' retrieved from /Users/charme/Documents/Gitub_Repositories/MLOps_AMMI_2024/day7/lab/code/airflow/dags/task4.py
[2024-09-19T14:34:08.933+0000] {logging_mixin.py:190} INFO - [2024-09-19T14:34:08.933+0000] {dag.py:3229} INFO - Sync 1 DAGs
[2024-09-19T14:34:08.936+0000] {logging_mixin.py:190} INFO - [2024-09-19T14:34:08.936+0000] {dag.py:4156} INFO - Setting next_dagrun for xcom_dag to None, run_after=None
[2024-09-19T14:34:08.941+0000] {processor.py:208} INFO - Processing /Users/charme/Documents/Gitub_Repositories/MLOps_AMMI_2024/day7/lab/code/airflow/dags/task4.py took 0.050 seconds
[2024-09-19T14:34:39.807+0000] {processor.py:186} INFO - Started process (PID=38183) to work on /Users/charme/Documents/Gitub_Repositories/MLOps_AMMI_2024/day7/lab/code/airflow/dags/task4.py
[2024-09-19T14:34:39.808+0000] {processor.py:914} INFO - Processing file /Users/charme/Documents/Gitub_Repositories/MLOps_AMMI_2024/day7/lab/code/airflow/dags/task4.py for tasks to queue
[2024-09-19T14:34:39.809+0000] {logging_mixin.py:190} INFO - [2024-09-19T14:34:39.809+0000] {dagbag.py:587} INFO - Filling up the DagBag from /Users/charme/Documents/Gitub_Repositories/MLOps_AMMI_2024/day7/lab/code/airflow/dags/task4.py
[2024-09-19T14:34:39.817+0000] {processor.py:925} INFO - DAG(s) 'xcom_dag' retrieved from /Users/charme/Documents/Gitub_Repositories/MLOps_AMMI_2024/day7/lab/code/airflow/dags/task4.py
[2024-09-19T14:34:39.841+0000] {logging_mixin.py:190} INFO - [2024-09-19T14:34:39.841+0000] {dag.py:3229} INFO - Sync 1 DAGs
[2024-09-19T14:34:39.844+0000] {logging_mixin.py:190} INFO - [2024-09-19T14:34:39.844+0000] {dag.py:4156} INFO - Setting next_dagrun for xcom_dag to None, run_after=None
[2024-09-19T14:34:39.849+0000] {processor.py:208} INFO - Processing /Users/charme/Documents/Gitub_Repositories/MLOps_AMMI_2024/day7/lab/code/airflow/dags/task4.py took 0.043 seconds
[2024-09-19T14:35:10.962+0000] {processor.py:186} INFO - Started process (PID=38251) to work on /Users/charme/Documents/Gitub_Repositories/MLOps_AMMI_2024/day7/lab/code/airflow/dags/task4.py
[2024-09-19T14:35:10.963+0000] {processor.py:914} INFO - Processing file /Users/charme/Documents/Gitub_Repositories/MLOps_AMMI_2024/day7/lab/code/airflow/dags/task4.py for tasks to queue
[2024-09-19T14:35:10.963+0000] {logging_mixin.py:190} INFO - [2024-09-19T14:35:10.963+0000] {dagbag.py:587} INFO - Filling up the DagBag from /Users/charme/Documents/Gitub_Repositories/MLOps_AMMI_2024/day7/lab/code/airflow/dags/task4.py
[2024-09-19T14:35:10.975+0000] {processor.py:925} INFO - DAG(s) 'xcom_dag' retrieved from /Users/charme/Documents/Gitub_Repositories/MLOps_AMMI_2024/day7/lab/code/airflow/dags/task4.py
[2024-09-19T14:35:11.001+0000] {logging_mixin.py:190} INFO - [2024-09-19T14:35:11.001+0000] {dag.py:3229} INFO - Sync 1 DAGs
[2024-09-19T14:35:11.004+0000] {logging_mixin.py:190} INFO - [2024-09-19T14:35:11.004+0000] {dag.py:4156} INFO - Setting next_dagrun for xcom_dag to None, run_after=None
[2024-09-19T14:35:11.010+0000] {processor.py:208} INFO - Processing /Users/charme/Documents/Gitub_Repositories/MLOps_AMMI_2024/day7/lab/code/airflow/dags/task4.py took 0.049 seconds
[2024-09-19T14:35:41.709+0000] {processor.py:186} INFO - Started process (PID=38314) to work on /Users/charme/Documents/Gitub_Repositories/MLOps_AMMI_2024/day7/lab/code/airflow/dags/task4.py
[2024-09-19T14:35:41.710+0000] {processor.py:914} INFO - Processing file /Users/charme/Documents/Gitub_Repositories/MLOps_AMMI_2024/day7/lab/code/airflow/dags/task4.py for tasks to queue
[2024-09-19T14:35:41.710+0000] {logging_mixin.py:190} INFO - [2024-09-19T14:35:41.710+0000] {dagbag.py:587} INFO - Filling up the DagBag from /Users/charme/Documents/Gitub_Repositories/MLOps_AMMI_2024/day7/lab/code/airflow/dags/task4.py
[2024-09-19T14:35:41.719+0000] {processor.py:925} INFO - DAG(s) 'xcom_dag' retrieved from /Users/charme/Documents/Gitub_Repositories/MLOps_AMMI_2024/day7/lab/code/airflow/dags/task4.py
[2024-09-19T14:35:41.742+0000] {logging_mixin.py:190} INFO - [2024-09-19T14:35:41.742+0000] {dag.py:3229} INFO - Sync 1 DAGs
[2024-09-19T14:35:41.745+0000] {logging_mixin.py:190} INFO - [2024-09-19T14:35:41.745+0000] {dag.py:4156} INFO - Setting next_dagrun for xcom_dag to None, run_after=None
[2024-09-19T14:35:41.750+0000] {processor.py:208} INFO - Processing /Users/charme/Documents/Gitub_Repositories/MLOps_AMMI_2024/day7/lab/code/airflow/dags/task4.py took 0.042 seconds
[2024-09-19T14:36:12.662+0000] {processor.py:186} INFO - Started process (PID=38381) to work on /Users/charme/Documents/Gitub_Repositories/MLOps_AMMI_2024/day7/lab/code/airflow/dags/task4.py
[2024-09-19T14:36:12.663+0000] {processor.py:914} INFO - Processing file /Users/charme/Documents/Gitub_Repositories/MLOps_AMMI_2024/day7/lab/code/airflow/dags/task4.py for tasks to queue
[2024-09-19T14:36:12.664+0000] {logging_mixin.py:190} INFO - [2024-09-19T14:36:12.664+0000] {dagbag.py:587} INFO - Filling up the DagBag from /Users/charme/Documents/Gitub_Repositories/MLOps_AMMI_2024/day7/lab/code/airflow/dags/task4.py
[2024-09-19T14:36:12.672+0000] {processor.py:925} INFO - DAG(s) 'xcom_dag' retrieved from /Users/charme/Documents/Gitub_Repositories/MLOps_AMMI_2024/day7/lab/code/airflow/dags/task4.py
[2024-09-19T14:36:12.696+0000] {logging_mixin.py:190} INFO - [2024-09-19T14:36:12.696+0000] {dag.py:3229} INFO - Sync 1 DAGs
[2024-09-19T14:36:12.699+0000] {logging_mixin.py:190} INFO - [2024-09-19T14:36:12.699+0000] {dag.py:4156} INFO - Setting next_dagrun for xcom_dag to None, run_after=None
[2024-09-19T14:36:12.704+0000] {processor.py:208} INFO - Processing /Users/charme/Documents/Gitub_Repositories/MLOps_AMMI_2024/day7/lab/code/airflow/dags/task4.py took 0.042 seconds
[2024-09-19T14:36:43.881+0000] {processor.py:186} INFO - Started process (PID=38442) to work on /Users/charme/Documents/Gitub_Repositories/MLOps_AMMI_2024/day7/lab/code/airflow/dags/task4.py
[2024-09-19T14:36:43.881+0000] {processor.py:914} INFO - Processing file /Users/charme/Documents/Gitub_Repositories/MLOps_AMMI_2024/day7/lab/code/airflow/dags/task4.py for tasks to queue
[2024-09-19T14:36:43.881+0000] {logging_mixin.py:190} INFO - [2024-09-19T14:36:43.881+0000] {dagbag.py:587} INFO - Filling up the DagBag from /Users/charme/Documents/Gitub_Repositories/MLOps_AMMI_2024/day7/lab/code/airflow/dags/task4.py
[2024-09-19T14:36:43.890+0000] {processor.py:925} INFO - DAG(s) 'xcom_dag' retrieved from /Users/charme/Documents/Gitub_Repositories/MLOps_AMMI_2024/day7/lab/code/airflow/dags/task4.py
[2024-09-19T14:36:43.914+0000] {logging_mixin.py:190} INFO - [2024-09-19T14:36:43.914+0000] {dag.py:3229} INFO - Sync 1 DAGs
[2024-09-19T14:36:43.917+0000] {logging_mixin.py:190} INFO - [2024-09-19T14:36:43.917+0000] {dag.py:4156} INFO - Setting next_dagrun for xcom_dag to None, run_after=None
[2024-09-19T14:36:43.922+0000] {processor.py:208} INFO - Processing /Users/charme/Documents/Gitub_Repositories/MLOps_AMMI_2024/day7/lab/code/airflow/dags/task4.py took 0.043 seconds
[2024-09-19T14:37:14.521+0000] {processor.py:186} INFO - Started process (PID=38510) to work on /Users/charme/Documents/Gitub_Repositories/MLOps_AMMI_2024/day7/lab/code/airflow/dags/task4.py
[2024-09-19T14:37:14.521+0000] {processor.py:914} INFO - Processing file /Users/charme/Documents/Gitub_Repositories/MLOps_AMMI_2024/day7/lab/code/airflow/dags/task4.py for tasks to queue
[2024-09-19T14:37:14.521+0000] {logging_mixin.py:190} INFO - [2024-09-19T14:37:14.521+0000] {dagbag.py:587} INFO - Filling up the DagBag from /Users/charme/Documents/Gitub_Repositories/MLOps_AMMI_2024/day7/lab/code/airflow/dags/task4.py
[2024-09-19T14:37:14.530+0000] {processor.py:925} INFO - DAG(s) 'xcom_dag' retrieved from /Users/charme/Documents/Gitub_Repositories/MLOps_AMMI_2024/day7/lab/code/airflow/dags/task4.py
[2024-09-19T14:37:14.553+0000] {logging_mixin.py:190} INFO - [2024-09-19T14:37:14.553+0000] {dag.py:3229} INFO - Sync 1 DAGs
[2024-09-19T14:37:14.556+0000] {logging_mixin.py:190} INFO - [2024-09-19T14:37:14.556+0000] {dag.py:4156} INFO - Setting next_dagrun for xcom_dag to None, run_after=None
[2024-09-19T14:37:14.561+0000] {processor.py:208} INFO - Processing /Users/charme/Documents/Gitub_Repositories/MLOps_AMMI_2024/day7/lab/code/airflow/dags/task4.py took 0.041 seconds
[2024-09-19T14:37:45.742+0000] {processor.py:186} INFO - Started process (PID=38573) to work on /Users/charme/Documents/Gitub_Repositories/MLOps_AMMI_2024/day7/lab/code/airflow/dags/task4.py
[2024-09-19T14:37:45.743+0000] {processor.py:914} INFO - Processing file /Users/charme/Documents/Gitub_Repositories/MLOps_AMMI_2024/day7/lab/code/airflow/dags/task4.py for tasks to queue
[2024-09-19T14:37:45.743+0000] {logging_mixin.py:190} INFO - [2024-09-19T14:37:45.743+0000] {dagbag.py:587} INFO - Filling up the DagBag from /Users/charme/Documents/Gitub_Repositories/MLOps_AMMI_2024/day7/lab/code/airflow/dags/task4.py
[2024-09-19T14:37:45.752+0000] {processor.py:925} INFO - DAG(s) 'xcom_dag' retrieved from /Users/charme/Documents/Gitub_Repositories/MLOps_AMMI_2024/day7/lab/code/airflow/dags/task4.py
[2024-09-19T14:37:45.775+0000] {logging_mixin.py:190} INFO - [2024-09-19T14:37:45.775+0000] {dag.py:3229} INFO - Sync 1 DAGs
[2024-09-19T14:37:45.778+0000] {logging_mixin.py:190} INFO - [2024-09-19T14:37:45.778+0000] {dag.py:4156} INFO - Setting next_dagrun for xcom_dag to None, run_after=None
[2024-09-19T14:37:45.783+0000] {processor.py:208} INFO - Processing /Users/charme/Documents/Gitub_Repositories/MLOps_AMMI_2024/day7/lab/code/airflow/dags/task4.py took 0.042 seconds
[2024-09-19T14:38:16.564+0000] {processor.py:186} INFO - Started process (PID=38639) to work on /Users/charme/Documents/Gitub_Repositories/MLOps_AMMI_2024/day7/lab/code/airflow/dags/task4.py
[2024-09-19T14:38:16.565+0000] {processor.py:914} INFO - Processing file /Users/charme/Documents/Gitub_Repositories/MLOps_AMMI_2024/day7/lab/code/airflow/dags/task4.py for tasks to queue
[2024-09-19T14:38:16.565+0000] {logging_mixin.py:190} INFO - [2024-09-19T14:38:16.565+0000] {dagbag.py:587} INFO - Filling up the DagBag from /Users/charme/Documents/Gitub_Repositories/MLOps_AMMI_2024/day7/lab/code/airflow/dags/task4.py
[2024-09-19T14:38:16.574+0000] {processor.py:925} INFO - DAG(s) 'xcom_dag' retrieved from /Users/charme/Documents/Gitub_Repositories/MLOps_AMMI_2024/day7/lab/code/airflow/dags/task4.py
[2024-09-19T14:38:16.598+0000] {logging_mixin.py:190} INFO - [2024-09-19T14:38:16.598+0000] {dag.py:3229} INFO - Sync 1 DAGs
[2024-09-19T14:38:16.601+0000] {logging_mixin.py:190} INFO - [2024-09-19T14:38:16.601+0000] {dag.py:4156} INFO - Setting next_dagrun for xcom_dag to None, run_after=None
[2024-09-19T14:38:16.606+0000] {processor.py:208} INFO - Processing /Users/charme/Documents/Gitub_Repositories/MLOps_AMMI_2024/day7/lab/code/airflow/dags/task4.py took 0.043 seconds
[2024-09-19T14:38:47.669+0000] {processor.py:186} INFO - Started process (PID=38706) to work on /Users/charme/Documents/Gitub_Repositories/MLOps_AMMI_2024/day7/lab/code/airflow/dags/task4.py
[2024-09-19T14:38:47.670+0000] {processor.py:914} INFO - Processing file /Users/charme/Documents/Gitub_Repositories/MLOps_AMMI_2024/day7/lab/code/airflow/dags/task4.py for tasks to queue
[2024-09-19T14:38:47.670+0000] {logging_mixin.py:190} INFO - [2024-09-19T14:38:47.670+0000] {dagbag.py:587} INFO - Filling up the DagBag from /Users/charme/Documents/Gitub_Repositories/MLOps_AMMI_2024/day7/lab/code/airflow/dags/task4.py
[2024-09-19T14:38:47.678+0000] {processor.py:925} INFO - DAG(s) 'xcom_dag' retrieved from /Users/charme/Documents/Gitub_Repositories/MLOps_AMMI_2024/day7/lab/code/airflow/dags/task4.py
[2024-09-19T14:38:47.703+0000] {logging_mixin.py:190} INFO - [2024-09-19T14:38:47.703+0000] {dag.py:3229} INFO - Sync 1 DAGs
[2024-09-19T14:38:47.710+0000] {logging_mixin.py:190} INFO - [2024-09-19T14:38:47.710+0000] {dag.py:4156} INFO - Setting next_dagrun for xcom_dag to None, run_after=None
[2024-09-19T14:38:47.716+0000] {processor.py:208} INFO - Processing /Users/charme/Documents/Gitub_Repositories/MLOps_AMMI_2024/day7/lab/code/airflow/dags/task4.py took 0.049 seconds
[2024-09-19T14:39:18.373+0000] {processor.py:186} INFO - Started process (PID=38786) to work on /Users/charme/Documents/Gitub_Repositories/MLOps_AMMI_2024/day7/lab/code/airflow/dags/task4.py
[2024-09-19T14:39:18.374+0000] {processor.py:914} INFO - Processing file /Users/charme/Documents/Gitub_Repositories/MLOps_AMMI_2024/day7/lab/code/airflow/dags/task4.py for tasks to queue
[2024-09-19T14:39:18.374+0000] {logging_mixin.py:190} INFO - [2024-09-19T14:39:18.374+0000] {dagbag.py:587} INFO - Filling up the DagBag from /Users/charme/Documents/Gitub_Repositories/MLOps_AMMI_2024/day7/lab/code/airflow/dags/task4.py
[2024-09-19T14:39:18.383+0000] {processor.py:925} INFO - DAG(s) 'xcom_dag' retrieved from /Users/charme/Documents/Gitub_Repositories/MLOps_AMMI_2024/day7/lab/code/airflow/dags/task4.py
[2024-09-19T14:39:18.409+0000] {logging_mixin.py:190} INFO - [2024-09-19T14:39:18.409+0000] {dag.py:3229} INFO - Sync 1 DAGs
[2024-09-19T14:39:18.412+0000] {logging_mixin.py:190} INFO - [2024-09-19T14:39:18.412+0000] {dag.py:4156} INFO - Setting next_dagrun for xcom_dag to None, run_after=None
[2024-09-19T14:39:18.416+0000] {processor.py:208} INFO - Processing /Users/charme/Documents/Gitub_Repositories/MLOps_AMMI_2024/day7/lab/code/airflow/dags/task4.py took 0.044 seconds
