[2024-09-19T14:08:50.213+0000] {processor.py:186} INFO - Started process (PID=34111) to work on /Users/charme/Documents/Gitub_Repositories/MLOps_AMMI_2024/day7/lab/code/airflow/dags/task3.py
[2024-09-19T14:08:50.214+0000] {processor.py:914} INFO - Processing file /Users/charme/Documents/Gitub_Repositories/MLOps_AMMI_2024/day7/lab/code/airflow/dags/task3.py for tasks to queue
[2024-09-19T14:08:50.215+0000] {logging_mixin.py:190} INFO - [2024-09-19T14:08:50.214+0000] {dagbag.py:587} INFO - Filling up the DagBag from /Users/charme/Documents/Gitub_Repositories/MLOps_AMMI_2024/day7/lab/code/airflow/dags/task3.py
[2024-09-19T14:08:50.227+0000] {processor.py:925} INFO - DAG(s) 'simple_dag_every_5_minutes' retrieved from /Users/charme/Documents/Gitub_Repositories/MLOps_AMMI_2024/day7/lab/code/airflow/dags/task3.py
[2024-09-19T14:08:50.292+0000] {logging_mixin.py:190} INFO - [2024-09-19T14:08:50.292+0000] {override.py:1900} INFO - Created Permission View: can delete on DAG:simple_dag_every_5_minutes
[2024-09-19T14:08:50.294+0000] {logging_mixin.py:190} INFO - [2024-09-19T14:08:50.294+0000] {override.py:1900} INFO - Created Permission View: can edit on DAG:simple_dag_every_5_minutes
[2024-09-19T14:08:50.296+0000] {logging_mixin.py:190} INFO - [2024-09-19T14:08:50.296+0000] {override.py:1900} INFO - Created Permission View: can read on DAG:simple_dag_every_5_minutes
[2024-09-19T14:08:50.298+0000] {logging_mixin.py:190} INFO - [2024-09-19T14:08:50.298+0000] {override.py:1900} INFO - Created Permission View: can delete on DAG Run:simple_dag_every_5_minutes
[2024-09-19T14:08:50.299+0000] {logging_mixin.py:190} INFO - [2024-09-19T14:08:50.299+0000] {override.py:1900} INFO - Created Permission View: can create on DAG Run:simple_dag_every_5_minutes
[2024-09-19T14:08:50.301+0000] {logging_mixin.py:190} INFO - [2024-09-19T14:08:50.300+0000] {override.py:1900} INFO - Created Permission View: menu access on DAG Run:simple_dag_every_5_minutes
[2024-09-19T14:08:50.302+0000] {logging_mixin.py:190} INFO - [2024-09-19T14:08:50.302+0000] {override.py:1900} INFO - Created Permission View: can read on DAG Run:simple_dag_every_5_minutes
[2024-09-19T14:08:50.302+0000] {logging_mixin.py:190} INFO - [2024-09-19T14:08:50.302+0000] {dag.py:3229} INFO - Sync 1 DAGs
[2024-09-19T14:08:50.305+0000] {logging_mixin.py:190} INFO - [2024-09-19T14:08:50.305+0000] {dag.py:3252} INFO - Creating ORM DAG for simple_dag_every_5_minutes
[2024-09-19T14:08:50.308+0000] {logging_mixin.py:190} INFO - [2024-09-19T14:08:50.308+0000] {dag.py:4156} INFO - Setting next_dagrun for simple_dag_every_5_minutes to 2023-09-18 00:00:00+00:00, run_after=2023-09-18 00:05:00+00:00
[2024-09-19T14:08:50.313+0000] {processor.py:208} INFO - Processing /Users/charme/Documents/Gitub_Repositories/MLOps_AMMI_2024/day7/lab/code/airflow/dags/task3.py took 0.100 seconds
[2024-09-19T14:09:21.514+0000] {processor.py:186} INFO - Started process (PID=34189) to work on /Users/charme/Documents/Gitub_Repositories/MLOps_AMMI_2024/day7/lab/code/airflow/dags/task3.py
[2024-09-19T14:09:21.515+0000] {processor.py:914} INFO - Processing file /Users/charme/Documents/Gitub_Repositories/MLOps_AMMI_2024/day7/lab/code/airflow/dags/task3.py for tasks to queue
[2024-09-19T14:09:21.516+0000] {logging_mixin.py:190} INFO - [2024-09-19T14:09:21.515+0000] {dagbag.py:587} INFO - Filling up the DagBag from /Users/charme/Documents/Gitub_Repositories/MLOps_AMMI_2024/day7/lab/code/airflow/dags/task3.py
[2024-09-19T14:09:21.524+0000] {processor.py:925} INFO - DAG(s) 'simple_dag_every_5_minutes' retrieved from /Users/charme/Documents/Gitub_Repositories/MLOps_AMMI_2024/day7/lab/code/airflow/dags/task3.py
[2024-09-19T14:09:21.548+0000] {logging_mixin.py:190} INFO - [2024-09-19T14:09:21.548+0000] {dag.py:3229} INFO - Sync 1 DAGs
[2024-09-19T14:09:21.553+0000] {logging_mixin.py:190} INFO - [2024-09-19T14:09:21.553+0000] {dag.py:4156} INFO - Setting next_dagrun for simple_dag_every_5_minutes to 2023-09-18 00:00:00+00:00, run_after=2023-09-18 00:05:00+00:00
[2024-09-19T14:09:21.558+0000] {processor.py:208} INFO - Processing /Users/charme/Documents/Gitub_Repositories/MLOps_AMMI_2024/day7/lab/code/airflow/dags/task3.py took 0.044 seconds
[2024-09-19T14:09:53.161+0000] {processor.py:186} INFO - Started process (PID=34254) to work on /Users/charme/Documents/Gitub_Repositories/MLOps_AMMI_2024/day7/lab/code/airflow/dags/task3.py
[2024-09-19T14:09:53.162+0000] {processor.py:914} INFO - Processing file /Users/charme/Documents/Gitub_Repositories/MLOps_AMMI_2024/day7/lab/code/airflow/dags/task3.py for tasks to queue
[2024-09-19T14:09:53.162+0000] {logging_mixin.py:190} INFO - [2024-09-19T14:09:53.162+0000] {dagbag.py:587} INFO - Filling up the DagBag from /Users/charme/Documents/Gitub_Repositories/MLOps_AMMI_2024/day7/lab/code/airflow/dags/task3.py
[2024-09-19T14:09:53.174+0000] {processor.py:925} INFO - DAG(s) 'simple_dag_every_5_minutes' retrieved from /Users/charme/Documents/Gitub_Repositories/MLOps_AMMI_2024/day7/lab/code/airflow/dags/task3.py
[2024-09-19T14:09:53.200+0000] {logging_mixin.py:190} INFO - [2024-09-19T14:09:53.200+0000] {dag.py:3229} INFO - Sync 1 DAGs
[2024-09-19T14:09:53.205+0000] {logging_mixin.py:190} INFO - [2024-09-19T14:09:53.205+0000] {dag.py:4156} INFO - Setting next_dagrun for simple_dag_every_5_minutes to 2023-09-18 00:00:00+00:00, run_after=2023-09-18 00:05:00+00:00
[2024-09-19T14:09:53.210+0000] {processor.py:208} INFO - Processing /Users/charme/Documents/Gitub_Repositories/MLOps_AMMI_2024/day7/lab/code/airflow/dags/task3.py took 0.050 seconds
[2024-09-19T14:10:24.084+0000] {processor.py:186} INFO - Started process (PID=34320) to work on /Users/charme/Documents/Gitub_Repositories/MLOps_AMMI_2024/day7/lab/code/airflow/dags/task3.py
[2024-09-19T14:10:24.085+0000] {processor.py:914} INFO - Processing file /Users/charme/Documents/Gitub_Repositories/MLOps_AMMI_2024/day7/lab/code/airflow/dags/task3.py for tasks to queue
[2024-09-19T14:10:24.086+0000] {logging_mixin.py:190} INFO - [2024-09-19T14:10:24.086+0000] {dagbag.py:587} INFO - Filling up the DagBag from /Users/charme/Documents/Gitub_Repositories/MLOps_AMMI_2024/day7/lab/code/airflow/dags/task3.py
[2024-09-19T14:10:24.098+0000] {processor.py:925} INFO - DAG(s) 'simple_dag_every_5_minutes' retrieved from /Users/charme/Documents/Gitub_Repositories/MLOps_AMMI_2024/day7/lab/code/airflow/dags/task3.py
[2024-09-19T14:10:24.124+0000] {logging_mixin.py:190} INFO - [2024-09-19T14:10:24.124+0000] {dag.py:3229} INFO - Sync 1 DAGs
[2024-09-19T14:10:24.130+0000] {logging_mixin.py:190} INFO - [2024-09-19T14:10:24.130+0000] {dag.py:4156} INFO - Setting next_dagrun for simple_dag_every_5_minutes to 2023-09-18 00:00:00+00:00, run_after=2023-09-18 00:05:00+00:00
[2024-09-19T14:10:24.135+0000] {processor.py:208} INFO - Processing /Users/charme/Documents/Gitub_Repositories/MLOps_AMMI_2024/day7/lab/code/airflow/dags/task3.py took 0.052 seconds
[2024-09-19T14:10:54.922+0000] {processor.py:186} INFO - Started process (PID=34385) to work on /Users/charme/Documents/Gitub_Repositories/MLOps_AMMI_2024/day7/lab/code/airflow/dags/task3.py
[2024-09-19T14:10:54.923+0000] {processor.py:914} INFO - Processing file /Users/charme/Documents/Gitub_Repositories/MLOps_AMMI_2024/day7/lab/code/airflow/dags/task3.py for tasks to queue
[2024-09-19T14:10:54.923+0000] {logging_mixin.py:190} INFO - [2024-09-19T14:10:54.923+0000] {dagbag.py:587} INFO - Filling up the DagBag from /Users/charme/Documents/Gitub_Repositories/MLOps_AMMI_2024/day7/lab/code/airflow/dags/task3.py
[2024-09-19T14:10:54.934+0000] {processor.py:925} INFO - DAG(s) 'simple_dag_every_5_minutes' retrieved from /Users/charme/Documents/Gitub_Repositories/MLOps_AMMI_2024/day7/lab/code/airflow/dags/task3.py
[2024-09-19T14:10:54.961+0000] {logging_mixin.py:190} INFO - [2024-09-19T14:10:54.961+0000] {dag.py:3229} INFO - Sync 1 DAGs
[2024-09-19T14:10:54.967+0000] {logging_mixin.py:190} INFO - [2024-09-19T14:10:54.967+0000] {dag.py:4156} INFO - Setting next_dagrun for simple_dag_every_5_minutes to 2023-09-18 00:00:00+00:00, run_after=2023-09-18 00:05:00+00:00
[2024-09-19T14:10:54.972+0000] {processor.py:208} INFO - Processing /Users/charme/Documents/Gitub_Repositories/MLOps_AMMI_2024/day7/lab/code/airflow/dags/task3.py took 0.051 seconds
[2024-09-19T14:11:25.686+0000] {processor.py:186} INFO - Started process (PID=34446) to work on /Users/charme/Documents/Gitub_Repositories/MLOps_AMMI_2024/day7/lab/code/airflow/dags/task3.py
[2024-09-19T14:11:25.686+0000] {processor.py:914} INFO - Processing file /Users/charme/Documents/Gitub_Repositories/MLOps_AMMI_2024/day7/lab/code/airflow/dags/task3.py for tasks to queue
[2024-09-19T14:11:25.687+0000] {logging_mixin.py:190} INFO - [2024-09-19T14:11:25.687+0000] {dagbag.py:587} INFO - Filling up the DagBag from /Users/charme/Documents/Gitub_Repositories/MLOps_AMMI_2024/day7/lab/code/airflow/dags/task3.py
[2024-09-19T14:11:25.695+0000] {processor.py:925} INFO - DAG(s) 'simple_dag_every_5_minutes' retrieved from /Users/charme/Documents/Gitub_Repositories/MLOps_AMMI_2024/day7/lab/code/airflow/dags/task3.py
[2024-09-19T14:11:25.722+0000] {logging_mixin.py:190} INFO - [2024-09-19T14:11:25.722+0000] {dag.py:3229} INFO - Sync 1 DAGs
[2024-09-19T14:11:25.728+0000] {logging_mixin.py:190} INFO - [2024-09-19T14:11:25.727+0000] {dag.py:4156} INFO - Setting next_dagrun for simple_dag_every_5_minutes to 2023-09-18 00:00:00+00:00, run_after=2023-09-18 00:05:00+00:00
[2024-09-19T14:11:25.733+0000] {processor.py:208} INFO - Processing /Users/charme/Documents/Gitub_Repositories/MLOps_AMMI_2024/day7/lab/code/airflow/dags/task3.py took 0.048 seconds
[2024-09-19T14:11:56.438+0000] {processor.py:186} INFO - Started process (PID=34507) to work on /Users/charme/Documents/Gitub_Repositories/MLOps_AMMI_2024/day7/lab/code/airflow/dags/task3.py
[2024-09-19T14:11:56.439+0000] {processor.py:914} INFO - Processing file /Users/charme/Documents/Gitub_Repositories/MLOps_AMMI_2024/day7/lab/code/airflow/dags/task3.py for tasks to queue
[2024-09-19T14:11:56.439+0000] {logging_mixin.py:190} INFO - [2024-09-19T14:11:56.439+0000] {dagbag.py:587} INFO - Filling up the DagBag from /Users/charme/Documents/Gitub_Repositories/MLOps_AMMI_2024/day7/lab/code/airflow/dags/task3.py
[2024-09-19T14:11:56.447+0000] {processor.py:925} INFO - DAG(s) 'simple_dag_every_5_minutes' retrieved from /Users/charme/Documents/Gitub_Repositories/MLOps_AMMI_2024/day7/lab/code/airflow/dags/task3.py
[2024-09-19T14:11:56.471+0000] {logging_mixin.py:190} INFO - [2024-09-19T14:11:56.470+0000] {dag.py:3229} INFO - Sync 1 DAGs
[2024-09-19T14:11:56.475+0000] {logging_mixin.py:190} INFO - [2024-09-19T14:11:56.475+0000] {dag.py:4156} INFO - Setting next_dagrun for simple_dag_every_5_minutes to 2023-09-18 00:00:00+00:00, run_after=2023-09-18 00:05:00+00:00
[2024-09-19T14:11:56.480+0000] {processor.py:208} INFO - Processing /Users/charme/Documents/Gitub_Repositories/MLOps_AMMI_2024/day7/lab/code/airflow/dags/task3.py took 0.043 seconds
[2024-09-19T14:12:27.171+0000] {processor.py:186} INFO - Started process (PID=34572) to work on /Users/charme/Documents/Gitub_Repositories/MLOps_AMMI_2024/day7/lab/code/airflow/dags/task3.py
[2024-09-19T14:12:27.171+0000] {processor.py:914} INFO - Processing file /Users/charme/Documents/Gitub_Repositories/MLOps_AMMI_2024/day7/lab/code/airflow/dags/task3.py for tasks to queue
[2024-09-19T14:12:27.171+0000] {logging_mixin.py:190} INFO - [2024-09-19T14:12:27.171+0000] {dagbag.py:587} INFO - Filling up the DagBag from /Users/charme/Documents/Gitub_Repositories/MLOps_AMMI_2024/day7/lab/code/airflow/dags/task3.py
[2024-09-19T14:12:27.180+0000] {processor.py:925} INFO - DAG(s) 'simple_dag_every_5_minutes' retrieved from /Users/charme/Documents/Gitub_Repositories/MLOps_AMMI_2024/day7/lab/code/airflow/dags/task3.py
[2024-09-19T14:12:27.203+0000] {logging_mixin.py:190} INFO - [2024-09-19T14:12:27.203+0000] {dag.py:3229} INFO - Sync 1 DAGs
[2024-09-19T14:12:27.208+0000] {logging_mixin.py:190} INFO - [2024-09-19T14:12:27.208+0000] {dag.py:4156} INFO - Setting next_dagrun for simple_dag_every_5_minutes to 2023-09-18 00:00:00+00:00, run_after=2023-09-18 00:05:00+00:00
[2024-09-19T14:12:27.214+0000] {processor.py:208} INFO - Processing /Users/charme/Documents/Gitub_Repositories/MLOps_AMMI_2024/day7/lab/code/airflow/dags/task3.py took 0.044 seconds
[2024-09-19T14:12:57.894+0000] {processor.py:186} INFO - Started process (PID=34663) to work on /Users/charme/Documents/Gitub_Repositories/MLOps_AMMI_2024/day7/lab/code/airflow/dags/task3.py
[2024-09-19T14:12:57.895+0000] {processor.py:914} INFO - Processing file /Users/charme/Documents/Gitub_Repositories/MLOps_AMMI_2024/day7/lab/code/airflow/dags/task3.py for tasks to queue
[2024-09-19T14:12:57.895+0000] {logging_mixin.py:190} INFO - [2024-09-19T14:12:57.895+0000] {dagbag.py:587} INFO - Filling up the DagBag from /Users/charme/Documents/Gitub_Repositories/MLOps_AMMI_2024/day7/lab/code/airflow/dags/task3.py
[2024-09-19T14:12:57.904+0000] {processor.py:925} INFO - DAG(s) 'simple_dag_every_5_minutes' retrieved from /Users/charme/Documents/Gitub_Repositories/MLOps_AMMI_2024/day7/lab/code/airflow/dags/task3.py
[2024-09-19T14:12:57.928+0000] {logging_mixin.py:190} INFO - [2024-09-19T14:12:57.928+0000] {dag.py:3229} INFO - Sync 1 DAGs
[2024-09-19T14:12:57.933+0000] {logging_mixin.py:190} INFO - [2024-09-19T14:12:57.933+0000] {dag.py:4156} INFO - Setting next_dagrun for simple_dag_every_5_minutes to 2023-09-18 00:00:00+00:00, run_after=2023-09-18 00:05:00+00:00
[2024-09-19T14:12:57.938+0000] {processor.py:208} INFO - Processing /Users/charme/Documents/Gitub_Repositories/MLOps_AMMI_2024/day7/lab/code/airflow/dags/task3.py took 0.045 seconds
[2024-09-19T14:13:28.640+0000] {processor.py:186} INFO - Started process (PID=34740) to work on /Users/charme/Documents/Gitub_Repositories/MLOps_AMMI_2024/day7/lab/code/airflow/dags/task3.py
[2024-09-19T14:13:28.640+0000] {processor.py:914} INFO - Processing file /Users/charme/Documents/Gitub_Repositories/MLOps_AMMI_2024/day7/lab/code/airflow/dags/task3.py for tasks to queue
[2024-09-19T14:13:28.640+0000] {logging_mixin.py:190} INFO - [2024-09-19T14:13:28.640+0000] {dagbag.py:587} INFO - Filling up the DagBag from /Users/charme/Documents/Gitub_Repositories/MLOps_AMMI_2024/day7/lab/code/airflow/dags/task3.py
[2024-09-19T14:13:28.649+0000] {processor.py:925} INFO - DAG(s) 'simple_dag_every_5_minutes' retrieved from /Users/charme/Documents/Gitub_Repositories/MLOps_AMMI_2024/day7/lab/code/airflow/dags/task3.py
[2024-09-19T14:13:28.673+0000] {logging_mixin.py:190} INFO - [2024-09-19T14:13:28.673+0000] {dag.py:3229} INFO - Sync 1 DAGs
[2024-09-19T14:13:28.678+0000] {logging_mixin.py:190} INFO - [2024-09-19T14:13:28.678+0000] {dag.py:4156} INFO - Setting next_dagrun for simple_dag_every_5_minutes to 2023-09-18 00:00:00+00:00, run_after=2023-09-18 00:05:00+00:00
[2024-09-19T14:13:28.683+0000] {processor.py:208} INFO - Processing /Users/charme/Documents/Gitub_Repositories/MLOps_AMMI_2024/day7/lab/code/airflow/dags/task3.py took 0.044 seconds
[2024-09-19T14:13:59.409+0000] {processor.py:186} INFO - Started process (PID=34817) to work on /Users/charme/Documents/Gitub_Repositories/MLOps_AMMI_2024/day7/lab/code/airflow/dags/task3.py
[2024-09-19T14:13:59.410+0000] {processor.py:914} INFO - Processing file /Users/charme/Documents/Gitub_Repositories/MLOps_AMMI_2024/day7/lab/code/airflow/dags/task3.py for tasks to queue
[2024-09-19T14:13:59.410+0000] {logging_mixin.py:190} INFO - [2024-09-19T14:13:59.410+0000] {dagbag.py:587} INFO - Filling up the DagBag from /Users/charme/Documents/Gitub_Repositories/MLOps_AMMI_2024/day7/lab/code/airflow/dags/task3.py
[2024-09-19T14:13:59.419+0000] {processor.py:925} INFO - DAG(s) 'simple_dag_every_5_minutes' retrieved from /Users/charme/Documents/Gitub_Repositories/MLOps_AMMI_2024/day7/lab/code/airflow/dags/task3.py
[2024-09-19T14:13:59.443+0000] {logging_mixin.py:190} INFO - [2024-09-19T14:13:59.443+0000] {dag.py:3229} INFO - Sync 1 DAGs
[2024-09-19T14:13:59.449+0000] {logging_mixin.py:190} INFO - [2024-09-19T14:13:59.449+0000] {dag.py:4156} INFO - Setting next_dagrun for simple_dag_every_5_minutes to 2023-09-18 00:00:00+00:00, run_after=2023-09-18 00:05:00+00:00
[2024-09-19T14:13:59.454+0000] {processor.py:208} INFO - Processing /Users/charme/Documents/Gitub_Repositories/MLOps_AMMI_2024/day7/lab/code/airflow/dags/task3.py took 0.046 seconds
[2024-09-19T14:14:30.146+0000] {processor.py:186} INFO - Started process (PID=34900) to work on /Users/charme/Documents/Gitub_Repositories/MLOps_AMMI_2024/day7/lab/code/airflow/dags/task3.py
[2024-09-19T14:14:30.147+0000] {processor.py:914} INFO - Processing file /Users/charme/Documents/Gitub_Repositories/MLOps_AMMI_2024/day7/lab/code/airflow/dags/task3.py for tasks to queue
[2024-09-19T14:14:30.147+0000] {logging_mixin.py:190} INFO - [2024-09-19T14:14:30.147+0000] {dagbag.py:587} INFO - Filling up the DagBag from /Users/charme/Documents/Gitub_Repositories/MLOps_AMMI_2024/day7/lab/code/airflow/dags/task3.py
[2024-09-19T14:14:30.156+0000] {processor.py:925} INFO - DAG(s) 'simple_dag_every_5_minutes' retrieved from /Users/charme/Documents/Gitub_Repositories/MLOps_AMMI_2024/day7/lab/code/airflow/dags/task3.py
[2024-09-19T14:14:30.180+0000] {logging_mixin.py:190} INFO - [2024-09-19T14:14:30.179+0000] {dag.py:3229} INFO - Sync 1 DAGs
[2024-09-19T14:14:30.184+0000] {logging_mixin.py:190} INFO - [2024-09-19T14:14:30.184+0000] {dag.py:4156} INFO - Setting next_dagrun for simple_dag_every_5_minutes to 2023-09-18 00:00:00+00:00, run_after=2023-09-18 00:05:00+00:00
[2024-09-19T14:14:30.190+0000] {processor.py:208} INFO - Processing /Users/charme/Documents/Gitub_Repositories/MLOps_AMMI_2024/day7/lab/code/airflow/dags/task3.py took 0.044 seconds
[2024-09-19T14:15:00.894+0000] {processor.py:186} INFO - Started process (PID=34989) to work on /Users/charme/Documents/Gitub_Repositories/MLOps_AMMI_2024/day7/lab/code/airflow/dags/task3.py
[2024-09-19T14:15:00.895+0000] {processor.py:914} INFO - Processing file /Users/charme/Documents/Gitub_Repositories/MLOps_AMMI_2024/day7/lab/code/airflow/dags/task3.py for tasks to queue
[2024-09-19T14:15:00.895+0000] {logging_mixin.py:190} INFO - [2024-09-19T14:15:00.895+0000] {dagbag.py:587} INFO - Filling up the DagBag from /Users/charme/Documents/Gitub_Repositories/MLOps_AMMI_2024/day7/lab/code/airflow/dags/task3.py
[2024-09-19T14:15:00.904+0000] {processor.py:925} INFO - DAG(s) 'simple_dag_every_5_minutes' retrieved from /Users/charme/Documents/Gitub_Repositories/MLOps_AMMI_2024/day7/lab/code/airflow/dags/task3.py
[2024-09-19T14:15:00.930+0000] {logging_mixin.py:190} INFO - [2024-09-19T14:15:00.930+0000] {dag.py:3229} INFO - Sync 1 DAGs
[2024-09-19T14:15:00.936+0000] {logging_mixin.py:190} INFO - [2024-09-19T14:15:00.936+0000] {dag.py:4156} INFO - Setting next_dagrun for simple_dag_every_5_minutes to 2023-09-18 00:00:00+00:00, run_after=2023-09-18 00:05:00+00:00
[2024-09-19T14:15:00.941+0000] {processor.py:208} INFO - Processing /Users/charme/Documents/Gitub_Repositories/MLOps_AMMI_2024/day7/lab/code/airflow/dags/task3.py took 0.048 seconds
[2024-09-19T14:15:31.692+0000] {processor.py:186} INFO - Started process (PID=35077) to work on /Users/charme/Documents/Gitub_Repositories/MLOps_AMMI_2024/day7/lab/code/airflow/dags/task3.py
[2024-09-19T14:15:31.693+0000] {processor.py:914} INFO - Processing file /Users/charme/Documents/Gitub_Repositories/MLOps_AMMI_2024/day7/lab/code/airflow/dags/task3.py for tasks to queue
[2024-09-19T14:15:31.694+0000] {logging_mixin.py:190} INFO - [2024-09-19T14:15:31.693+0000] {dagbag.py:587} INFO - Filling up the DagBag from /Users/charme/Documents/Gitub_Repositories/MLOps_AMMI_2024/day7/lab/code/airflow/dags/task3.py
[2024-09-19T14:15:31.702+0000] {processor.py:925} INFO - DAG(s) 'simple_dag_every_5_minutes' retrieved from /Users/charme/Documents/Gitub_Repositories/MLOps_AMMI_2024/day7/lab/code/airflow/dags/task3.py
[2024-09-19T14:15:31.726+0000] {logging_mixin.py:190} INFO - [2024-09-19T14:15:31.726+0000] {dag.py:3229} INFO - Sync 1 DAGs
[2024-09-19T14:15:31.731+0000] {logging_mixin.py:190} INFO - [2024-09-19T14:15:31.731+0000] {dag.py:4156} INFO - Setting next_dagrun for simple_dag_every_5_minutes to 2023-09-18 00:00:00+00:00, run_after=2023-09-18 00:05:00+00:00
[2024-09-19T14:15:31.736+0000] {processor.py:208} INFO - Processing /Users/charme/Documents/Gitub_Repositories/MLOps_AMMI_2024/day7/lab/code/airflow/dags/task3.py took 0.045 seconds
[2024-09-19T14:16:03.396+0000] {processor.py:186} INFO - Started process (PID=35149) to work on /Users/charme/Documents/Gitub_Repositories/MLOps_AMMI_2024/day7/lab/code/airflow/dags/task3.py
[2024-09-19T14:16:03.397+0000] {processor.py:914} INFO - Processing file /Users/charme/Documents/Gitub_Repositories/MLOps_AMMI_2024/day7/lab/code/airflow/dags/task3.py for tasks to queue
[2024-09-19T14:16:03.398+0000] {logging_mixin.py:190} INFO - [2024-09-19T14:16:03.397+0000] {dagbag.py:587} INFO - Filling up the DagBag from /Users/charme/Documents/Gitub_Repositories/MLOps_AMMI_2024/day7/lab/code/airflow/dags/task3.py
[2024-09-19T14:16:03.414+0000] {processor.py:925} INFO - DAG(s) 'simple_dag_every_5_minutes' retrieved from /Users/charme/Documents/Gitub_Repositories/MLOps_AMMI_2024/day7/lab/code/airflow/dags/task3.py
[2024-09-19T14:16:03.442+0000] {logging_mixin.py:190} INFO - [2024-09-19T14:16:03.442+0000] {dag.py:3229} INFO - Sync 1 DAGs
[2024-09-19T14:16:03.448+0000] {logging_mixin.py:190} INFO - [2024-09-19T14:16:03.448+0000] {dag.py:4156} INFO - Setting next_dagrun for simple_dag_every_5_minutes to 2023-09-18 00:00:00+00:00, run_after=2023-09-18 00:05:00+00:00
[2024-09-19T14:16:03.453+0000] {processor.py:208} INFO - Processing /Users/charme/Documents/Gitub_Repositories/MLOps_AMMI_2024/day7/lab/code/airflow/dags/task3.py took 0.058 seconds
[2024-09-19T14:16:34.149+0000] {processor.py:186} INFO - Started process (PID=35239) to work on /Users/charme/Documents/Gitub_Repositories/MLOps_AMMI_2024/day7/lab/code/airflow/dags/task3.py
[2024-09-19T14:16:34.149+0000] {processor.py:914} INFO - Processing file /Users/charme/Documents/Gitub_Repositories/MLOps_AMMI_2024/day7/lab/code/airflow/dags/task3.py for tasks to queue
[2024-09-19T14:16:34.149+0000] {logging_mixin.py:190} INFO - [2024-09-19T14:16:34.149+0000] {dagbag.py:587} INFO - Filling up the DagBag from /Users/charme/Documents/Gitub_Repositories/MLOps_AMMI_2024/day7/lab/code/airflow/dags/task3.py
[2024-09-19T14:16:34.158+0000] {processor.py:925} INFO - DAG(s) 'simple_dag_every_5_minutes' retrieved from /Users/charme/Documents/Gitub_Repositories/MLOps_AMMI_2024/day7/lab/code/airflow/dags/task3.py
[2024-09-19T14:16:34.183+0000] {logging_mixin.py:190} INFO - [2024-09-19T14:16:34.182+0000] {dag.py:3229} INFO - Sync 1 DAGs
[2024-09-19T14:16:34.187+0000] {logging_mixin.py:190} INFO - [2024-09-19T14:16:34.187+0000] {dag.py:4156} INFO - Setting next_dagrun for simple_dag_every_5_minutes to 2023-09-18 00:00:00+00:00, run_after=2023-09-18 00:05:00+00:00
[2024-09-19T14:16:34.192+0000] {processor.py:208} INFO - Processing /Users/charme/Documents/Gitub_Repositories/MLOps_AMMI_2024/day7/lab/code/airflow/dags/task3.py took 0.045 seconds
[2024-09-19T14:17:04.901+0000] {processor.py:186} INFO - Started process (PID=35320) to work on /Users/charme/Documents/Gitub_Repositories/MLOps_AMMI_2024/day7/lab/code/airflow/dags/task3.py
[2024-09-19T14:17:04.902+0000] {processor.py:914} INFO - Processing file /Users/charme/Documents/Gitub_Repositories/MLOps_AMMI_2024/day7/lab/code/airflow/dags/task3.py for tasks to queue
[2024-09-19T14:17:04.902+0000] {logging_mixin.py:190} INFO - [2024-09-19T14:17:04.902+0000] {dagbag.py:587} INFO - Filling up the DagBag from /Users/charme/Documents/Gitub_Repositories/MLOps_AMMI_2024/day7/lab/code/airflow/dags/task3.py
[2024-09-19T14:17:04.910+0000] {processor.py:925} INFO - DAG(s) 'simple_dag_every_5_minutes' retrieved from /Users/charme/Documents/Gitub_Repositories/MLOps_AMMI_2024/day7/lab/code/airflow/dags/task3.py
[2024-09-19T14:17:04.934+0000] {logging_mixin.py:190} INFO - [2024-09-19T14:17:04.934+0000] {dag.py:3229} INFO - Sync 1 DAGs
[2024-09-19T14:17:04.939+0000] {logging_mixin.py:190} INFO - [2024-09-19T14:17:04.939+0000] {dag.py:4156} INFO - Setting next_dagrun for simple_dag_every_5_minutes to 2023-09-18 00:00:00+00:00, run_after=2023-09-18 00:05:00+00:00
[2024-09-19T14:17:04.944+0000] {processor.py:208} INFO - Processing /Users/charme/Documents/Gitub_Repositories/MLOps_AMMI_2024/day7/lab/code/airflow/dags/task3.py took 0.044 seconds
[2024-09-19T14:17:35.623+0000] {processor.py:186} INFO - Started process (PID=35388) to work on /Users/charme/Documents/Gitub_Repositories/MLOps_AMMI_2024/day7/lab/code/airflow/dags/task3.py
[2024-09-19T14:17:35.623+0000] {processor.py:914} INFO - Processing file /Users/charme/Documents/Gitub_Repositories/MLOps_AMMI_2024/day7/lab/code/airflow/dags/task3.py for tasks to queue
[2024-09-19T14:17:35.623+0000] {logging_mixin.py:190} INFO - [2024-09-19T14:17:35.623+0000] {dagbag.py:587} INFO - Filling up the DagBag from /Users/charme/Documents/Gitub_Repositories/MLOps_AMMI_2024/day7/lab/code/airflow/dags/task3.py
[2024-09-19T14:17:35.633+0000] {processor.py:925} INFO - DAG(s) 'simple_dag_every_5_minutes' retrieved from /Users/charme/Documents/Gitub_Repositories/MLOps_AMMI_2024/day7/lab/code/airflow/dags/task3.py
[2024-09-19T14:17:35.657+0000] {logging_mixin.py:190} INFO - [2024-09-19T14:17:35.657+0000] {dag.py:3229} INFO - Sync 1 DAGs
[2024-09-19T14:17:35.662+0000] {logging_mixin.py:190} INFO - [2024-09-19T14:17:35.662+0000] {dag.py:4156} INFO - Setting next_dagrun for simple_dag_every_5_minutes to 2023-09-18 00:00:00+00:00, run_after=2023-09-18 00:05:00+00:00
[2024-09-19T14:17:35.667+0000] {processor.py:208} INFO - Processing /Users/charme/Documents/Gitub_Repositories/MLOps_AMMI_2024/day7/lab/code/airflow/dags/task3.py took 0.045 seconds
[2024-09-19T14:18:06.371+0000] {processor.py:186} INFO - Started process (PID=35466) to work on /Users/charme/Documents/Gitub_Repositories/MLOps_AMMI_2024/day7/lab/code/airflow/dags/task3.py
[2024-09-19T14:18:06.372+0000] {processor.py:914} INFO - Processing file /Users/charme/Documents/Gitub_Repositories/MLOps_AMMI_2024/day7/lab/code/airflow/dags/task3.py for tasks to queue
[2024-09-19T14:18:06.373+0000] {logging_mixin.py:190} INFO - [2024-09-19T14:18:06.373+0000] {dagbag.py:587} INFO - Filling up the DagBag from /Users/charme/Documents/Gitub_Repositories/MLOps_AMMI_2024/day7/lab/code/airflow/dags/task3.py
[2024-09-19T14:18:06.382+0000] {processor.py:925} INFO - DAG(s) 'simple_dag_every_5_minutes' retrieved from /Users/charme/Documents/Gitub_Repositories/MLOps_AMMI_2024/day7/lab/code/airflow/dags/task3.py
[2024-09-19T14:18:06.407+0000] {logging_mixin.py:190} INFO - [2024-09-19T14:18:06.407+0000] {dag.py:3229} INFO - Sync 1 DAGs
[2024-09-19T14:18:06.412+0000] {logging_mixin.py:190} INFO - [2024-09-19T14:18:06.412+0000] {dag.py:4156} INFO - Setting next_dagrun for simple_dag_every_5_minutes to 2023-09-18 00:00:00+00:00, run_after=2023-09-18 00:05:00+00:00
[2024-09-19T14:18:06.416+0000] {processor.py:208} INFO - Processing /Users/charme/Documents/Gitub_Repositories/MLOps_AMMI_2024/day7/lab/code/airflow/dags/task3.py took 0.046 seconds
[2024-09-19T14:18:37.074+0000] {processor.py:186} INFO - Started process (PID=35562) to work on /Users/charme/Documents/Gitub_Repositories/MLOps_AMMI_2024/day7/lab/code/airflow/dags/task3.py
[2024-09-19T14:18:37.074+0000] {processor.py:914} INFO - Processing file /Users/charme/Documents/Gitub_Repositories/MLOps_AMMI_2024/day7/lab/code/airflow/dags/task3.py for tasks to queue
[2024-09-19T14:18:37.074+0000] {logging_mixin.py:190} INFO - [2024-09-19T14:18:37.074+0000] {dagbag.py:587} INFO - Filling up the DagBag from /Users/charme/Documents/Gitub_Repositories/MLOps_AMMI_2024/day7/lab/code/airflow/dags/task3.py
[2024-09-19T14:18:37.083+0000] {processor.py:925} INFO - DAG(s) 'simple_dag_every_5_minutes' retrieved from /Users/charme/Documents/Gitub_Repositories/MLOps_AMMI_2024/day7/lab/code/airflow/dags/task3.py
[2024-09-19T14:18:37.107+0000] {logging_mixin.py:190} INFO - [2024-09-19T14:18:37.107+0000] {dag.py:3229} INFO - Sync 1 DAGs
[2024-09-19T14:18:37.113+0000] {logging_mixin.py:190} INFO - [2024-09-19T14:18:37.113+0000] {dag.py:4156} INFO - Setting next_dagrun for simple_dag_every_5_minutes to 2023-09-18 00:00:00+00:00, run_after=2023-09-18 00:05:00+00:00
[2024-09-19T14:18:37.118+0000] {processor.py:208} INFO - Processing /Users/charme/Documents/Gitub_Repositories/MLOps_AMMI_2024/day7/lab/code/airflow/dags/task3.py took 0.046 seconds
[2024-09-19T14:19:08.046+0000] {processor.py:186} INFO - Started process (PID=35657) to work on /Users/charme/Documents/Gitub_Repositories/MLOps_AMMI_2024/day7/lab/code/airflow/dags/task3.py
[2024-09-19T14:19:08.047+0000] {processor.py:914} INFO - Processing file /Users/charme/Documents/Gitub_Repositories/MLOps_AMMI_2024/day7/lab/code/airflow/dags/task3.py for tasks to queue
[2024-09-19T14:19:08.048+0000] {logging_mixin.py:190} INFO - [2024-09-19T14:19:08.047+0000] {dagbag.py:587} INFO - Filling up the DagBag from /Users/charme/Documents/Gitub_Repositories/MLOps_AMMI_2024/day7/lab/code/airflow/dags/task3.py
[2024-09-19T14:19:08.063+0000] {processor.py:925} INFO - DAG(s) 'simple_dag_every_5_minutes' retrieved from /Users/charme/Documents/Gitub_Repositories/MLOps_AMMI_2024/day7/lab/code/airflow/dags/task3.py
[2024-09-19T14:19:08.090+0000] {logging_mixin.py:190} INFO - [2024-09-19T14:19:08.090+0000] {dag.py:3229} INFO - Sync 1 DAGs
[2024-09-19T14:19:08.095+0000] {logging_mixin.py:190} INFO - [2024-09-19T14:19:08.095+0000] {dag.py:4156} INFO - Setting next_dagrun for simple_dag_every_5_minutes to 2023-09-18 00:00:00+00:00, run_after=2023-09-18 00:05:00+00:00
[2024-09-19T14:19:08.101+0000] {processor.py:208} INFO - Processing /Users/charme/Documents/Gitub_Repositories/MLOps_AMMI_2024/day7/lab/code/airflow/dags/task3.py took 0.055 seconds
[2024-09-19T14:19:40.539+0000] {processor.py:186} INFO - Started process (PID=35756) to work on /Users/charme/Documents/Gitub_Repositories/MLOps_AMMI_2024/day7/lab/code/airflow/dags/task3.py
[2024-09-19T14:19:40.540+0000] {processor.py:914} INFO - Processing file /Users/charme/Documents/Gitub_Repositories/MLOps_AMMI_2024/day7/lab/code/airflow/dags/task3.py for tasks to queue
[2024-09-19T14:19:40.540+0000] {logging_mixin.py:190} INFO - [2024-09-19T14:19:40.540+0000] {dagbag.py:587} INFO - Filling up the DagBag from /Users/charme/Documents/Gitub_Repositories/MLOps_AMMI_2024/day7/lab/code/airflow/dags/task3.py
[2024-09-19T14:19:40.549+0000] {processor.py:925} INFO - DAG(s) 'simple_dag_every_5_minutes' retrieved from /Users/charme/Documents/Gitub_Repositories/MLOps_AMMI_2024/day7/lab/code/airflow/dags/task3.py
[2024-09-19T14:19:40.574+0000] {logging_mixin.py:190} INFO - [2024-09-19T14:19:40.574+0000] {dag.py:3229} INFO - Sync 1 DAGs
[2024-09-19T14:19:40.583+0000] {logging_mixin.py:190} INFO - [2024-09-19T14:19:40.583+0000] {dag.py:4156} INFO - Setting next_dagrun for simple_dag_every_5_minutes to 2023-09-18 00:00:00+00:00, run_after=2023-09-18 00:05:00+00:00
[2024-09-19T14:19:40.605+0000] {processor.py:208} INFO - Processing /Users/charme/Documents/Gitub_Repositories/MLOps_AMMI_2024/day7/lab/code/airflow/dags/task3.py took 0.067 seconds
[2024-09-19T14:20:11.217+0000] {processor.py:186} INFO - Started process (PID=35843) to work on /Users/charme/Documents/Gitub_Repositories/MLOps_AMMI_2024/day7/lab/code/airflow/dags/task3.py
[2024-09-19T14:20:11.217+0000] {processor.py:914} INFO - Processing file /Users/charme/Documents/Gitub_Repositories/MLOps_AMMI_2024/day7/lab/code/airflow/dags/task3.py for tasks to queue
[2024-09-19T14:20:11.217+0000] {logging_mixin.py:190} INFO - [2024-09-19T14:20:11.217+0000] {dagbag.py:587} INFO - Filling up the DagBag from /Users/charme/Documents/Gitub_Repositories/MLOps_AMMI_2024/day7/lab/code/airflow/dags/task3.py
[2024-09-19T14:20:11.226+0000] {processor.py:925} INFO - DAG(s) 'simple_dag_every_5_minutes' retrieved from /Users/charme/Documents/Gitub_Repositories/MLOps_AMMI_2024/day7/lab/code/airflow/dags/task3.py
[2024-09-19T14:20:11.251+0000] {logging_mixin.py:190} INFO - [2024-09-19T14:20:11.251+0000] {dag.py:3229} INFO - Sync 1 DAGs
[2024-09-19T14:20:11.256+0000] {logging_mixin.py:190} INFO - [2024-09-19T14:20:11.256+0000] {dag.py:4156} INFO - Setting next_dagrun for simple_dag_every_5_minutes to 2023-09-18 00:00:00+00:00, run_after=2023-09-18 00:05:00+00:00
[2024-09-19T14:20:11.261+0000] {processor.py:208} INFO - Processing /Users/charme/Documents/Gitub_Repositories/MLOps_AMMI_2024/day7/lab/code/airflow/dags/task3.py took 0.045 seconds
[2024-09-19T14:20:41.987+0000] {processor.py:186} INFO - Started process (PID=35930) to work on /Users/charme/Documents/Gitub_Repositories/MLOps_AMMI_2024/day7/lab/code/airflow/dags/task3.py
[2024-09-19T14:20:41.988+0000] {processor.py:914} INFO - Processing file /Users/charme/Documents/Gitub_Repositories/MLOps_AMMI_2024/day7/lab/code/airflow/dags/task3.py for tasks to queue
[2024-09-19T14:20:41.988+0000] {logging_mixin.py:190} INFO - [2024-09-19T14:20:41.988+0000] {dagbag.py:587} INFO - Filling up the DagBag from /Users/charme/Documents/Gitub_Repositories/MLOps_AMMI_2024/day7/lab/code/airflow/dags/task3.py
[2024-09-19T14:20:41.997+0000] {processor.py:925} INFO - DAG(s) 'simple_dag_every_5_minutes' retrieved from /Users/charme/Documents/Gitub_Repositories/MLOps_AMMI_2024/day7/lab/code/airflow/dags/task3.py
[2024-09-19T14:20:42.022+0000] {logging_mixin.py:190} INFO - [2024-09-19T14:20:42.022+0000] {dag.py:3229} INFO - Sync 1 DAGs
[2024-09-19T14:20:42.027+0000] {logging_mixin.py:190} INFO - [2024-09-19T14:20:42.027+0000] {dag.py:4156} INFO - Setting next_dagrun for simple_dag_every_5_minutes to 2023-09-18 00:00:00+00:00, run_after=2023-09-18 00:05:00+00:00
[2024-09-19T14:20:42.033+0000] {processor.py:208} INFO - Processing /Users/charme/Documents/Gitub_Repositories/MLOps_AMMI_2024/day7/lab/code/airflow/dags/task3.py took 0.047 seconds
[2024-09-19T14:21:12.732+0000] {processor.py:186} INFO - Started process (PID=36033) to work on /Users/charme/Documents/Gitub_Repositories/MLOps_AMMI_2024/day7/lab/code/airflow/dags/task3.py
[2024-09-19T14:21:12.733+0000] {processor.py:914} INFO - Processing file /Users/charme/Documents/Gitub_Repositories/MLOps_AMMI_2024/day7/lab/code/airflow/dags/task3.py for tasks to queue
[2024-09-19T14:21:12.734+0000] {logging_mixin.py:190} INFO - [2024-09-19T14:21:12.734+0000] {dagbag.py:587} INFO - Filling up the DagBag from /Users/charme/Documents/Gitub_Repositories/MLOps_AMMI_2024/day7/lab/code/airflow/dags/task3.py
[2024-09-19T14:21:12.743+0000] {processor.py:925} INFO - DAG(s) 'simple_dag_every_5_minutes' retrieved from /Users/charme/Documents/Gitub_Repositories/MLOps_AMMI_2024/day7/lab/code/airflow/dags/task3.py
[2024-09-19T14:21:12.768+0000] {logging_mixin.py:190} INFO - [2024-09-19T14:21:12.768+0000] {dag.py:3229} INFO - Sync 1 DAGs
[2024-09-19T14:21:12.774+0000] {logging_mixin.py:190} INFO - [2024-09-19T14:21:12.774+0000] {dag.py:4156} INFO - Setting next_dagrun for simple_dag_every_5_minutes to 2023-09-18 00:00:00+00:00, run_after=2023-09-18 00:05:00+00:00
[2024-09-19T14:21:12.779+0000] {processor.py:208} INFO - Processing /Users/charme/Documents/Gitub_Repositories/MLOps_AMMI_2024/day7/lab/code/airflow/dags/task3.py took 0.048 seconds
[2024-09-19T14:21:21.203+0000] {processor.py:186} INFO - Started process (PID=36072) to work on /Users/charme/Documents/Gitub_Repositories/MLOps_AMMI_2024/day7/lab/code/airflow/dags/task3.py
[2024-09-19T14:21:21.203+0000] {processor.py:914} INFO - Processing file /Users/charme/Documents/Gitub_Repositories/MLOps_AMMI_2024/day7/lab/code/airflow/dags/task3.py for tasks to queue
[2024-09-19T14:21:21.203+0000] {logging_mixin.py:190} INFO - [2024-09-19T14:21:21.203+0000] {dagbag.py:587} INFO - Filling up the DagBag from /Users/charme/Documents/Gitub_Repositories/MLOps_AMMI_2024/day7/lab/code/airflow/dags/task3.py
[2024-09-19T14:21:21.214+0000] {processor.py:925} INFO - DAG(s) 'simple_dag_every_5_minutes' retrieved from /Users/charme/Documents/Gitub_Repositories/MLOps_AMMI_2024/day7/lab/code/airflow/dags/task3.py
[2024-09-19T14:21:21.239+0000] {logging_mixin.py:190} INFO - [2024-09-19T14:21:21.239+0000] {dag.py:3229} INFO - Sync 1 DAGs
[2024-09-19T14:21:21.246+0000] {logging_mixin.py:190} INFO - [2024-09-19T14:21:21.246+0000] {dag.py:4156} INFO - Setting next_dagrun for simple_dag_every_5_minutes to 2023-09-18 00:00:00+00:00, run_after=2023-09-18 00:05:00+00:00
[2024-09-19T14:21:21.256+0000] {processor.py:208} INFO - Processing /Users/charme/Documents/Gitub_Repositories/MLOps_AMMI_2024/day7/lab/code/airflow/dags/task3.py took 0.054 seconds
[2024-09-19T14:21:52.697+0000] {processor.py:186} INFO - Started process (PID=36148) to work on /Users/charme/Documents/Gitub_Repositories/MLOps_AMMI_2024/day7/lab/code/airflow/dags/task3.py
[2024-09-19T14:21:52.698+0000] {processor.py:914} INFO - Processing file /Users/charme/Documents/Gitub_Repositories/MLOps_AMMI_2024/day7/lab/code/airflow/dags/task3.py for tasks to queue
[2024-09-19T14:21:52.698+0000] {logging_mixin.py:190} INFO - [2024-09-19T14:21:52.698+0000] {dagbag.py:587} INFO - Filling up the DagBag from /Users/charme/Documents/Gitub_Repositories/MLOps_AMMI_2024/day7/lab/code/airflow/dags/task3.py
[2024-09-19T14:21:52.707+0000] {processor.py:925} INFO - DAG(s) 'simple_dag_every_5_minutes' retrieved from /Users/charme/Documents/Gitub_Repositories/MLOps_AMMI_2024/day7/lab/code/airflow/dags/task3.py
[2024-09-19T14:21:52.732+0000] {logging_mixin.py:190} INFO - [2024-09-19T14:21:52.732+0000] {dag.py:3229} INFO - Sync 1 DAGs
[2024-09-19T14:21:52.738+0000] {logging_mixin.py:190} INFO - [2024-09-19T14:21:52.737+0000] {dag.py:4156} INFO - Setting next_dagrun for simple_dag_every_5_minutes to 2023-09-18 00:00:00+00:00, run_after=2023-09-18 00:05:00+00:00
[2024-09-19T14:21:52.743+0000] {processor.py:208} INFO - Processing /Users/charme/Documents/Gitub_Repositories/MLOps_AMMI_2024/day7/lab/code/airflow/dags/task3.py took 0.047 seconds
[2024-09-19T14:22:23.455+0000] {processor.py:186} INFO - Started process (PID=36242) to work on /Users/charme/Documents/Gitub_Repositories/MLOps_AMMI_2024/day7/lab/code/airflow/dags/task3.py
[2024-09-19T14:22:23.455+0000] {processor.py:914} INFO - Processing file /Users/charme/Documents/Gitub_Repositories/MLOps_AMMI_2024/day7/lab/code/airflow/dags/task3.py for tasks to queue
[2024-09-19T14:22:23.456+0000] {logging_mixin.py:190} INFO - [2024-09-19T14:22:23.456+0000] {dagbag.py:587} INFO - Filling up the DagBag from /Users/charme/Documents/Gitub_Repositories/MLOps_AMMI_2024/day7/lab/code/airflow/dags/task3.py
[2024-09-19T14:22:23.465+0000] {processor.py:925} INFO - DAG(s) 'simple_dag_every_5_minutes' retrieved from /Users/charme/Documents/Gitub_Repositories/MLOps_AMMI_2024/day7/lab/code/airflow/dags/task3.py
[2024-09-19T14:22:23.490+0000] {logging_mixin.py:190} INFO - [2024-09-19T14:22:23.489+0000] {dag.py:3229} INFO - Sync 1 DAGs
[2024-09-19T14:22:23.494+0000] {logging_mixin.py:190} INFO - [2024-09-19T14:22:23.494+0000] {dag.py:4156} INFO - Setting next_dagrun for simple_dag_every_5_minutes to 2023-09-18 00:00:00+00:00, run_after=2023-09-18 00:05:00+00:00
[2024-09-19T14:22:23.500+0000] {processor.py:208} INFO - Processing /Users/charme/Documents/Gitub_Repositories/MLOps_AMMI_2024/day7/lab/code/airflow/dags/task3.py took 0.046 seconds
[2024-09-19T14:22:54.500+0000] {processor.py:186} INFO - Started process (PID=36321) to work on /Users/charme/Documents/Gitub_Repositories/MLOps_AMMI_2024/day7/lab/code/airflow/dags/task3.py
[2024-09-19T14:22:54.501+0000] {processor.py:914} INFO - Processing file /Users/charme/Documents/Gitub_Repositories/MLOps_AMMI_2024/day7/lab/code/airflow/dags/task3.py for tasks to queue
[2024-09-19T14:22:54.502+0000] {logging_mixin.py:190} INFO - [2024-09-19T14:22:54.502+0000] {dagbag.py:587} INFO - Filling up the DagBag from /Users/charme/Documents/Gitub_Repositories/MLOps_AMMI_2024/day7/lab/code/airflow/dags/task3.py
[2024-09-19T14:22:54.511+0000] {processor.py:925} INFO - DAG(s) 'simple_dag_every_5_minutes' retrieved from /Users/charme/Documents/Gitub_Repositories/MLOps_AMMI_2024/day7/lab/code/airflow/dags/task3.py
[2024-09-19T14:22:54.537+0000] {logging_mixin.py:190} INFO - [2024-09-19T14:22:54.537+0000] {dag.py:3229} INFO - Sync 1 DAGs
[2024-09-19T14:22:54.543+0000] {logging_mixin.py:190} INFO - [2024-09-19T14:22:54.543+0000] {dag.py:4156} INFO - Setting next_dagrun for simple_dag_every_5_minutes to 2023-09-18 00:00:00+00:00, run_after=2023-09-18 00:05:00+00:00
[2024-09-19T14:22:54.548+0000] {processor.py:208} INFO - Processing /Users/charme/Documents/Gitub_Repositories/MLOps_AMMI_2024/day7/lab/code/airflow/dags/task3.py took 0.049 seconds
[2024-09-19T14:23:25.384+0000] {processor.py:186} INFO - Started process (PID=36409) to work on /Users/charme/Documents/Gitub_Repositories/MLOps_AMMI_2024/day7/lab/code/airflow/dags/task3.py
[2024-09-19T14:23:25.385+0000] {processor.py:914} INFO - Processing file /Users/charme/Documents/Gitub_Repositories/MLOps_AMMI_2024/day7/lab/code/airflow/dags/task3.py for tasks to queue
[2024-09-19T14:23:25.385+0000] {logging_mixin.py:190} INFO - [2024-09-19T14:23:25.385+0000] {dagbag.py:587} INFO - Filling up the DagBag from /Users/charme/Documents/Gitub_Repositories/MLOps_AMMI_2024/day7/lab/code/airflow/dags/task3.py
[2024-09-19T14:23:25.393+0000] {processor.py:925} INFO - DAG(s) 'simple_dag_every_5_minutes' retrieved from /Users/charme/Documents/Gitub_Repositories/MLOps_AMMI_2024/day7/lab/code/airflow/dags/task3.py
[2024-09-19T14:23:25.418+0000] {logging_mixin.py:190} INFO - [2024-09-19T14:23:25.418+0000] {dag.py:3229} INFO - Sync 1 DAGs
[2024-09-19T14:23:25.424+0000] {logging_mixin.py:190} INFO - [2024-09-19T14:23:25.424+0000] {dag.py:4156} INFO - Setting next_dagrun for simple_dag_every_5_minutes to 2023-09-18 00:00:00+00:00, run_after=2023-09-18 00:05:00+00:00
[2024-09-19T14:23:25.429+0000] {processor.py:208} INFO - Processing /Users/charme/Documents/Gitub_Repositories/MLOps_AMMI_2024/day7/lab/code/airflow/dags/task3.py took 0.046 seconds
[2024-09-19T14:23:56.280+0000] {processor.py:186} INFO - Started process (PID=36495) to work on /Users/charme/Documents/Gitub_Repositories/MLOps_AMMI_2024/day7/lab/code/airflow/dags/task3.py
[2024-09-19T14:23:56.282+0000] {processor.py:914} INFO - Processing file /Users/charme/Documents/Gitub_Repositories/MLOps_AMMI_2024/day7/lab/code/airflow/dags/task3.py for tasks to queue
[2024-09-19T14:23:56.282+0000] {logging_mixin.py:190} INFO - [2024-09-19T14:23:56.282+0000] {dagbag.py:587} INFO - Filling up the DagBag from /Users/charme/Documents/Gitub_Repositories/MLOps_AMMI_2024/day7/lab/code/airflow/dags/task3.py
[2024-09-19T14:23:56.292+0000] {processor.py:925} INFO - DAG(s) 'simple_dag_every_5_minutes' retrieved from /Users/charme/Documents/Gitub_Repositories/MLOps_AMMI_2024/day7/lab/code/airflow/dags/task3.py
[2024-09-19T14:23:56.317+0000] {logging_mixin.py:190} INFO - [2024-09-19T14:23:56.317+0000] {dag.py:3229} INFO - Sync 1 DAGs
[2024-09-19T14:23:56.322+0000] {logging_mixin.py:190} INFO - [2024-09-19T14:23:56.322+0000] {dag.py:4156} INFO - Setting next_dagrun for simple_dag_every_5_minutes to 2023-09-18 00:00:00+00:00, run_after=2023-09-18 00:05:00+00:00
[2024-09-19T14:23:56.327+0000] {processor.py:208} INFO - Processing /Users/charme/Documents/Gitub_Repositories/MLOps_AMMI_2024/day7/lab/code/airflow/dags/task3.py took 0.048 seconds
[2024-09-19T14:24:27.725+0000] {processor.py:186} INFO - Started process (PID=36564) to work on /Users/charme/Documents/Gitub_Repositories/MLOps_AMMI_2024/day7/lab/code/airflow/dags/task3.py
[2024-09-19T14:24:27.726+0000] {processor.py:914} INFO - Processing file /Users/charme/Documents/Gitub_Repositories/MLOps_AMMI_2024/day7/lab/code/airflow/dags/task3.py for tasks to queue
[2024-09-19T14:24:27.726+0000] {logging_mixin.py:190} INFO - [2024-09-19T14:24:27.726+0000] {dagbag.py:587} INFO - Filling up the DagBag from /Users/charme/Documents/Gitub_Repositories/MLOps_AMMI_2024/day7/lab/code/airflow/dags/task3.py
[2024-09-19T14:24:27.737+0000] {processor.py:925} INFO - DAG(s) 'simple_dag_every_5_minutes' retrieved from /Users/charme/Documents/Gitub_Repositories/MLOps_AMMI_2024/day7/lab/code/airflow/dags/task3.py
[2024-09-19T14:24:27.764+0000] {logging_mixin.py:190} INFO - [2024-09-19T14:24:27.764+0000] {dag.py:3229} INFO - Sync 1 DAGs
[2024-09-19T14:24:27.770+0000] {logging_mixin.py:190} INFO - [2024-09-19T14:24:27.770+0000] {dag.py:4156} INFO - Setting next_dagrun for simple_dag_every_5_minutes to 2023-09-18 00:00:00+00:00, run_after=2023-09-18 00:05:00+00:00
[2024-09-19T14:24:27.776+0000] {processor.py:208} INFO - Processing /Users/charme/Documents/Gitub_Repositories/MLOps_AMMI_2024/day7/lab/code/airflow/dags/task3.py took 0.053 seconds
[2024-09-19T14:24:58.476+0000] {processor.py:186} INFO - Started process (PID=36639) to work on /Users/charme/Documents/Gitub_Repositories/MLOps_AMMI_2024/day7/lab/code/airflow/dags/task3.py
[2024-09-19T14:24:58.477+0000] {processor.py:914} INFO - Processing file /Users/charme/Documents/Gitub_Repositories/MLOps_AMMI_2024/day7/lab/code/airflow/dags/task3.py for tasks to queue
[2024-09-19T14:24:58.478+0000] {logging_mixin.py:190} INFO - [2024-09-19T14:24:58.478+0000] {dagbag.py:587} INFO - Filling up the DagBag from /Users/charme/Documents/Gitub_Repositories/MLOps_AMMI_2024/day7/lab/code/airflow/dags/task3.py
[2024-09-19T14:24:58.486+0000] {processor.py:925} INFO - DAG(s) 'simple_dag_every_5_minutes' retrieved from /Users/charme/Documents/Gitub_Repositories/MLOps_AMMI_2024/day7/lab/code/airflow/dags/task3.py
[2024-09-19T14:24:58.510+0000] {logging_mixin.py:190} INFO - [2024-09-19T14:24:58.509+0000] {dag.py:3229} INFO - Sync 1 DAGs
[2024-09-19T14:24:58.515+0000] {logging_mixin.py:190} INFO - [2024-09-19T14:24:58.515+0000] {dag.py:4156} INFO - Setting next_dagrun for simple_dag_every_5_minutes to 2023-09-18 00:00:00+00:00, run_after=2023-09-18 00:05:00+00:00
[2024-09-19T14:24:58.519+0000] {processor.py:208} INFO - Processing /Users/charme/Documents/Gitub_Repositories/MLOps_AMMI_2024/day7/lab/code/airflow/dags/task3.py took 0.044 seconds
[2024-09-19T14:25:29.335+0000] {processor.py:186} INFO - Started process (PID=36723) to work on /Users/charme/Documents/Gitub_Repositories/MLOps_AMMI_2024/day7/lab/code/airflow/dags/task3.py
[2024-09-19T14:25:29.336+0000] {processor.py:914} INFO - Processing file /Users/charme/Documents/Gitub_Repositories/MLOps_AMMI_2024/day7/lab/code/airflow/dags/task3.py for tasks to queue
[2024-09-19T14:25:29.337+0000] {logging_mixin.py:190} INFO - [2024-09-19T14:25:29.337+0000] {dagbag.py:587} INFO - Filling up the DagBag from /Users/charme/Documents/Gitub_Repositories/MLOps_AMMI_2024/day7/lab/code/airflow/dags/task3.py
[2024-09-19T14:25:29.345+0000] {processor.py:925} INFO - DAG(s) 'simple_dag_every_5_minutes' retrieved from /Users/charme/Documents/Gitub_Repositories/MLOps_AMMI_2024/day7/lab/code/airflow/dags/task3.py
[2024-09-19T14:25:29.370+0000] {logging_mixin.py:190} INFO - [2024-09-19T14:25:29.370+0000] {dag.py:3229} INFO - Sync 1 DAGs
[2024-09-19T14:25:29.375+0000] {logging_mixin.py:190} INFO - [2024-09-19T14:25:29.375+0000] {dag.py:4156} INFO - Setting next_dagrun for simple_dag_every_5_minutes to 2023-09-18 00:00:00+00:00, run_after=2023-09-18 00:05:00+00:00
[2024-09-19T14:25:29.379+0000] {processor.py:208} INFO - Processing /Users/charme/Documents/Gitub_Repositories/MLOps_AMMI_2024/day7/lab/code/airflow/dags/task3.py took 0.045 seconds
[2024-09-19T14:26:00.034+0000] {processor.py:186} INFO - Started process (PID=36806) to work on /Users/charme/Documents/Gitub_Repositories/MLOps_AMMI_2024/day7/lab/code/airflow/dags/task3.py
[2024-09-19T14:26:00.036+0000] {processor.py:914} INFO - Processing file /Users/charme/Documents/Gitub_Repositories/MLOps_AMMI_2024/day7/lab/code/airflow/dags/task3.py for tasks to queue
[2024-09-19T14:26:00.036+0000] {logging_mixin.py:190} INFO - [2024-09-19T14:26:00.036+0000] {dagbag.py:587} INFO - Filling up the DagBag from /Users/charme/Documents/Gitub_Repositories/MLOps_AMMI_2024/day7/lab/code/airflow/dags/task3.py
[2024-09-19T14:26:00.045+0000] {processor.py:925} INFO - DAG(s) 'simple_dag_every_5_minutes' retrieved from /Users/charme/Documents/Gitub_Repositories/MLOps_AMMI_2024/day7/lab/code/airflow/dags/task3.py
[2024-09-19T14:26:00.070+0000] {logging_mixin.py:190} INFO - [2024-09-19T14:26:00.070+0000] {dag.py:3229} INFO - Sync 1 DAGs
[2024-09-19T14:26:00.075+0000] {logging_mixin.py:190} INFO - [2024-09-19T14:26:00.075+0000] {dag.py:4156} INFO - Setting next_dagrun for simple_dag_every_5_minutes to 2023-09-18 00:00:00+00:00, run_after=2023-09-18 00:05:00+00:00
[2024-09-19T14:26:00.080+0000] {processor.py:208} INFO - Processing /Users/charme/Documents/Gitub_Repositories/MLOps_AMMI_2024/day7/lab/code/airflow/dags/task3.py took 0.046 seconds
[2024-09-19T14:26:30.855+0000] {processor.py:186} INFO - Started process (PID=36896) to work on /Users/charme/Documents/Gitub_Repositories/MLOps_AMMI_2024/day7/lab/code/airflow/dags/task3.py
[2024-09-19T14:26:30.856+0000] {processor.py:914} INFO - Processing file /Users/charme/Documents/Gitub_Repositories/MLOps_AMMI_2024/day7/lab/code/airflow/dags/task3.py for tasks to queue
[2024-09-19T14:26:30.856+0000] {logging_mixin.py:190} INFO - [2024-09-19T14:26:30.856+0000] {dagbag.py:587} INFO - Filling up the DagBag from /Users/charme/Documents/Gitub_Repositories/MLOps_AMMI_2024/day7/lab/code/airflow/dags/task3.py
[2024-09-19T14:26:30.864+0000] {processor.py:925} INFO - DAG(s) 'simple_dag_every_5_minutes' retrieved from /Users/charme/Documents/Gitub_Repositories/MLOps_AMMI_2024/day7/lab/code/airflow/dags/task3.py
[2024-09-19T14:26:30.888+0000] {logging_mixin.py:190} INFO - [2024-09-19T14:26:30.888+0000] {dag.py:3229} INFO - Sync 1 DAGs
[2024-09-19T14:26:30.893+0000] {logging_mixin.py:190} INFO - [2024-09-19T14:26:30.893+0000] {dag.py:4156} INFO - Setting next_dagrun for simple_dag_every_5_minutes to 2023-09-18 00:00:00+00:00, run_after=2023-09-18 00:05:00+00:00
[2024-09-19T14:26:30.898+0000] {processor.py:208} INFO - Processing /Users/charme/Documents/Gitub_Repositories/MLOps_AMMI_2024/day7/lab/code/airflow/dags/task3.py took 0.044 seconds
[2024-09-19T14:27:01.602+0000] {processor.py:186} INFO - Started process (PID=36958) to work on /Users/charme/Documents/Gitub_Repositories/MLOps_AMMI_2024/day7/lab/code/airflow/dags/task3.py
[2024-09-19T14:27:01.603+0000] {processor.py:914} INFO - Processing file /Users/charme/Documents/Gitub_Repositories/MLOps_AMMI_2024/day7/lab/code/airflow/dags/task3.py for tasks to queue
[2024-09-19T14:27:01.603+0000] {logging_mixin.py:190} INFO - [2024-09-19T14:27:01.603+0000] {dagbag.py:587} INFO - Filling up the DagBag from /Users/charme/Documents/Gitub_Repositories/MLOps_AMMI_2024/day7/lab/code/airflow/dags/task3.py
[2024-09-19T14:27:01.612+0000] {processor.py:925} INFO - DAG(s) 'simple_dag_every_5_minutes' retrieved from /Users/charme/Documents/Gitub_Repositories/MLOps_AMMI_2024/day7/lab/code/airflow/dags/task3.py
[2024-09-19T14:27:01.638+0000] {logging_mixin.py:190} INFO - [2024-09-19T14:27:01.638+0000] {dag.py:3229} INFO - Sync 1 DAGs
[2024-09-19T14:27:01.643+0000] {logging_mixin.py:190} INFO - [2024-09-19T14:27:01.643+0000] {dag.py:4156} INFO - Setting next_dagrun for simple_dag_every_5_minutes to 2023-09-18 00:00:00+00:00, run_after=2023-09-18 00:05:00+00:00
[2024-09-19T14:27:01.649+0000] {processor.py:208} INFO - Processing /Users/charme/Documents/Gitub_Repositories/MLOps_AMMI_2024/day7/lab/code/airflow/dags/task3.py took 0.048 seconds
[2024-09-19T14:27:32.452+0000] {processor.py:186} INFO - Started process (PID=37024) to work on /Users/charme/Documents/Gitub_Repositories/MLOps_AMMI_2024/day7/lab/code/airflow/dags/task3.py
[2024-09-19T14:27:32.452+0000] {processor.py:914} INFO - Processing file /Users/charme/Documents/Gitub_Repositories/MLOps_AMMI_2024/day7/lab/code/airflow/dags/task3.py for tasks to queue
[2024-09-19T14:27:32.453+0000] {logging_mixin.py:190} INFO - [2024-09-19T14:27:32.453+0000] {dagbag.py:587} INFO - Filling up the DagBag from /Users/charme/Documents/Gitub_Repositories/MLOps_AMMI_2024/day7/lab/code/airflow/dags/task3.py
[2024-09-19T14:27:32.461+0000] {processor.py:925} INFO - DAG(s) 'simple_dag_every_5_minutes' retrieved from /Users/charme/Documents/Gitub_Repositories/MLOps_AMMI_2024/day7/lab/code/airflow/dags/task3.py
[2024-09-19T14:27:32.484+0000] {logging_mixin.py:190} INFO - [2024-09-19T14:27:32.484+0000] {dag.py:3229} INFO - Sync 1 DAGs
[2024-09-19T14:27:32.489+0000] {logging_mixin.py:190} INFO - [2024-09-19T14:27:32.489+0000] {dag.py:4156} INFO - Setting next_dagrun for simple_dag_every_5_minutes to 2023-09-18 00:00:00+00:00, run_after=2023-09-18 00:05:00+00:00
[2024-09-19T14:27:32.494+0000] {processor.py:208} INFO - Processing /Users/charme/Documents/Gitub_Repositories/MLOps_AMMI_2024/day7/lab/code/airflow/dags/task3.py took 0.043 seconds
[2024-09-19T14:28:03.331+0000] {processor.py:186} INFO - Started process (PID=37103) to work on /Users/charme/Documents/Gitub_Repositories/MLOps_AMMI_2024/day7/lab/code/airflow/dags/task3.py
[2024-09-19T14:28:03.331+0000] {processor.py:914} INFO - Processing file /Users/charme/Documents/Gitub_Repositories/MLOps_AMMI_2024/day7/lab/code/airflow/dags/task3.py for tasks to queue
[2024-09-19T14:28:03.332+0000] {logging_mixin.py:190} INFO - [2024-09-19T14:28:03.331+0000] {dagbag.py:587} INFO - Filling up the DagBag from /Users/charme/Documents/Gitub_Repositories/MLOps_AMMI_2024/day7/lab/code/airflow/dags/task3.py
[2024-09-19T14:28:03.340+0000] {processor.py:925} INFO - DAG(s) 'simple_dag_every_5_minutes' retrieved from /Users/charme/Documents/Gitub_Repositories/MLOps_AMMI_2024/day7/lab/code/airflow/dags/task3.py
[2024-09-19T14:28:03.364+0000] {logging_mixin.py:190} INFO - [2024-09-19T14:28:03.364+0000] {dag.py:3229} INFO - Sync 1 DAGs
[2024-09-19T14:28:03.369+0000] {logging_mixin.py:190} INFO - [2024-09-19T14:28:03.369+0000] {dag.py:4156} INFO - Setting next_dagrun for simple_dag_every_5_minutes to 2023-09-18 00:00:00+00:00, run_after=2023-09-18 00:05:00+00:00
[2024-09-19T14:28:03.374+0000] {processor.py:208} INFO - Processing /Users/charme/Documents/Gitub_Repositories/MLOps_AMMI_2024/day7/lab/code/airflow/dags/task3.py took 0.044 seconds
[2024-09-19T14:28:34.209+0000] {processor.py:186} INFO - Started process (PID=37197) to work on /Users/charme/Documents/Gitub_Repositories/MLOps_AMMI_2024/day7/lab/code/airflow/dags/task3.py
[2024-09-19T14:28:34.210+0000] {processor.py:914} INFO - Processing file /Users/charme/Documents/Gitub_Repositories/MLOps_AMMI_2024/day7/lab/code/airflow/dags/task3.py for tasks to queue
[2024-09-19T14:28:34.210+0000] {logging_mixin.py:190} INFO - [2024-09-19T14:28:34.210+0000] {dagbag.py:587} INFO - Filling up the DagBag from /Users/charme/Documents/Gitub_Repositories/MLOps_AMMI_2024/day7/lab/code/airflow/dags/task3.py
[2024-09-19T14:28:34.218+0000] {processor.py:925} INFO - DAG(s) 'simple_dag_every_5_minutes' retrieved from /Users/charme/Documents/Gitub_Repositories/MLOps_AMMI_2024/day7/lab/code/airflow/dags/task3.py
[2024-09-19T14:28:34.242+0000] {logging_mixin.py:190} INFO - [2024-09-19T14:28:34.242+0000] {dag.py:3229} INFO - Sync 1 DAGs
[2024-09-19T14:28:34.247+0000] {logging_mixin.py:190} INFO - [2024-09-19T14:28:34.247+0000] {dag.py:4156} INFO - Setting next_dagrun for simple_dag_every_5_minutes to 2023-09-18 00:00:00+00:00, run_after=2023-09-18 00:05:00+00:00
[2024-09-19T14:28:34.252+0000] {processor.py:208} INFO - Processing /Users/charme/Documents/Gitub_Repositories/MLOps_AMMI_2024/day7/lab/code/airflow/dags/task3.py took 0.044 seconds
[2024-09-19T14:29:05.133+0000] {processor.py:186} INFO - Started process (PID=37258) to work on /Users/charme/Documents/Gitub_Repositories/MLOps_AMMI_2024/day7/lab/code/airflow/dags/task3.py
[2024-09-19T14:29:05.133+0000] {processor.py:914} INFO - Processing file /Users/charme/Documents/Gitub_Repositories/MLOps_AMMI_2024/day7/lab/code/airflow/dags/task3.py for tasks to queue
[2024-09-19T14:29:05.134+0000] {logging_mixin.py:190} INFO - [2024-09-19T14:29:05.133+0000] {dagbag.py:587} INFO - Filling up the DagBag from /Users/charme/Documents/Gitub_Repositories/MLOps_AMMI_2024/day7/lab/code/airflow/dags/task3.py
[2024-09-19T14:29:05.143+0000] {processor.py:925} INFO - DAG(s) 'simple_dag_every_5_minutes' retrieved from /Users/charme/Documents/Gitub_Repositories/MLOps_AMMI_2024/day7/lab/code/airflow/dags/task3.py
[2024-09-19T14:29:05.168+0000] {logging_mixin.py:190} INFO - [2024-09-19T14:29:05.168+0000] {dag.py:3229} INFO - Sync 1 DAGs
[2024-09-19T14:29:05.173+0000] {logging_mixin.py:190} INFO - [2024-09-19T14:29:05.173+0000] {dag.py:4156} INFO - Setting next_dagrun for simple_dag_every_5_minutes to 2023-09-18 00:00:00+00:00, run_after=2023-09-18 00:05:00+00:00
[2024-09-19T14:29:05.178+0000] {processor.py:208} INFO - Processing /Users/charme/Documents/Gitub_Repositories/MLOps_AMMI_2024/day7/lab/code/airflow/dags/task3.py took 0.046 seconds
[2024-09-19T14:29:36.335+0000] {processor.py:186} INFO - Started process (PID=37351) to work on /Users/charme/Documents/Gitub_Repositories/MLOps_AMMI_2024/day7/lab/code/airflow/dags/task3.py
[2024-09-19T14:29:36.336+0000] {processor.py:914} INFO - Processing file /Users/charme/Documents/Gitub_Repositories/MLOps_AMMI_2024/day7/lab/code/airflow/dags/task3.py for tasks to queue
[2024-09-19T14:29:36.336+0000] {logging_mixin.py:190} INFO - [2024-09-19T14:29:36.336+0000] {dagbag.py:587} INFO - Filling up the DagBag from /Users/charme/Documents/Gitub_Repositories/MLOps_AMMI_2024/day7/lab/code/airflow/dags/task3.py
[2024-09-19T14:29:36.345+0000] {processor.py:925} INFO - DAG(s) 'simple_dag_every_5_minutes' retrieved from /Users/charme/Documents/Gitub_Repositories/MLOps_AMMI_2024/day7/lab/code/airflow/dags/task3.py
[2024-09-19T14:29:36.370+0000] {logging_mixin.py:190} INFO - [2024-09-19T14:29:36.370+0000] {dag.py:3229} INFO - Sync 1 DAGs
[2024-09-19T14:29:36.375+0000] {logging_mixin.py:190} INFO - [2024-09-19T14:29:36.375+0000] {dag.py:4156} INFO - Setting next_dagrun for simple_dag_every_5_minutes to 2023-09-18 00:00:00+00:00, run_after=2023-09-18 00:05:00+00:00
[2024-09-19T14:29:36.380+0000] {processor.py:208} INFO - Processing /Users/charme/Documents/Gitub_Repositories/MLOps_AMMI_2024/day7/lab/code/airflow/dags/task3.py took 0.045 seconds
[2024-09-19T14:30:07.193+0000] {processor.py:186} INFO - Started process (PID=37420) to work on /Users/charme/Documents/Gitub_Repositories/MLOps_AMMI_2024/day7/lab/code/airflow/dags/task3.py
[2024-09-19T14:30:07.193+0000] {processor.py:914} INFO - Processing file /Users/charme/Documents/Gitub_Repositories/MLOps_AMMI_2024/day7/lab/code/airflow/dags/task3.py for tasks to queue
[2024-09-19T14:30:07.194+0000] {logging_mixin.py:190} INFO - [2024-09-19T14:30:07.194+0000] {dagbag.py:587} INFO - Filling up the DagBag from /Users/charme/Documents/Gitub_Repositories/MLOps_AMMI_2024/day7/lab/code/airflow/dags/task3.py
[2024-09-19T14:30:07.202+0000] {processor.py:925} INFO - DAG(s) 'simple_dag_every_5_minutes' retrieved from /Users/charme/Documents/Gitub_Repositories/MLOps_AMMI_2024/day7/lab/code/airflow/dags/task3.py
[2024-09-19T14:30:07.227+0000] {logging_mixin.py:190} INFO - [2024-09-19T14:30:07.227+0000] {dag.py:3229} INFO - Sync 1 DAGs
[2024-09-19T14:30:07.232+0000] {logging_mixin.py:190} INFO - [2024-09-19T14:30:07.232+0000] {dag.py:4156} INFO - Setting next_dagrun for simple_dag_every_5_minutes to 2023-09-18 00:00:00+00:00, run_after=2023-09-18 00:05:00+00:00
[2024-09-19T14:30:07.237+0000] {processor.py:208} INFO - Processing /Users/charme/Documents/Gitub_Repositories/MLOps_AMMI_2024/day7/lab/code/airflow/dags/task3.py took 0.045 seconds
[2024-09-19T14:30:37.926+0000] {processor.py:186} INFO - Started process (PID=37489) to work on /Users/charme/Documents/Gitub_Repositories/MLOps_AMMI_2024/day7/lab/code/airflow/dags/task3.py
[2024-09-19T14:30:37.927+0000] {processor.py:914} INFO - Processing file /Users/charme/Documents/Gitub_Repositories/MLOps_AMMI_2024/day7/lab/code/airflow/dags/task3.py for tasks to queue
[2024-09-19T14:30:37.927+0000] {logging_mixin.py:190} INFO - [2024-09-19T14:30:37.927+0000] {dagbag.py:587} INFO - Filling up the DagBag from /Users/charme/Documents/Gitub_Repositories/MLOps_AMMI_2024/day7/lab/code/airflow/dags/task3.py
[2024-09-19T14:30:37.936+0000] {processor.py:925} INFO - DAG(s) 'simple_dag_every_5_minutes' retrieved from /Users/charme/Documents/Gitub_Repositories/MLOps_AMMI_2024/day7/lab/code/airflow/dags/task3.py
[2024-09-19T14:30:37.961+0000] {logging_mixin.py:190} INFO - [2024-09-19T14:30:37.961+0000] {dag.py:3229} INFO - Sync 1 DAGs
[2024-09-19T14:30:37.966+0000] {logging_mixin.py:190} INFO - [2024-09-19T14:30:37.966+0000] {dag.py:4156} INFO - Setting next_dagrun for simple_dag_every_5_minutes to 2023-09-18 00:00:00+00:00, run_after=2023-09-18 00:05:00+00:00
[2024-09-19T14:30:37.971+0000] {processor.py:208} INFO - Processing /Users/charme/Documents/Gitub_Repositories/MLOps_AMMI_2024/day7/lab/code/airflow/dags/task3.py took 0.046 seconds
[2024-09-19T14:31:08.722+0000] {processor.py:186} INFO - Started process (PID=37587) to work on /Users/charme/Documents/Gitub_Repositories/MLOps_AMMI_2024/day7/lab/code/airflow/dags/task3.py
[2024-09-19T14:31:08.723+0000] {processor.py:914} INFO - Processing file /Users/charme/Documents/Gitub_Repositories/MLOps_AMMI_2024/day7/lab/code/airflow/dags/task3.py for tasks to queue
[2024-09-19T14:31:08.723+0000] {logging_mixin.py:190} INFO - [2024-09-19T14:31:08.723+0000] {dagbag.py:587} INFO - Filling up the DagBag from /Users/charme/Documents/Gitub_Repositories/MLOps_AMMI_2024/day7/lab/code/airflow/dags/task3.py
[2024-09-19T14:31:08.732+0000] {processor.py:925} INFO - DAG(s) 'simple_dag_every_5_minutes' retrieved from /Users/charme/Documents/Gitub_Repositories/MLOps_AMMI_2024/day7/lab/code/airflow/dags/task3.py
[2024-09-19T14:31:08.757+0000] {logging_mixin.py:190} INFO - [2024-09-19T14:31:08.757+0000] {dag.py:3229} INFO - Sync 1 DAGs
[2024-09-19T14:31:08.762+0000] {logging_mixin.py:190} INFO - [2024-09-19T14:31:08.762+0000] {dag.py:4156} INFO - Setting next_dagrun for simple_dag_every_5_minutes to 2023-09-18 00:00:00+00:00, run_after=2023-09-18 00:05:00+00:00
[2024-09-19T14:31:08.768+0000] {processor.py:208} INFO - Processing /Users/charme/Documents/Gitub_Repositories/MLOps_AMMI_2024/day7/lab/code/airflow/dags/task3.py took 0.047 seconds
[2024-09-19T14:31:39.612+0000] {processor.py:186} INFO - Started process (PID=37681) to work on /Users/charme/Documents/Gitub_Repositories/MLOps_AMMI_2024/day7/lab/code/airflow/dags/task3.py
[2024-09-19T14:31:39.612+0000] {processor.py:914} INFO - Processing file /Users/charme/Documents/Gitub_Repositories/MLOps_AMMI_2024/day7/lab/code/airflow/dags/task3.py for tasks to queue
[2024-09-19T14:31:39.612+0000] {logging_mixin.py:190} INFO - [2024-09-19T14:31:39.612+0000] {dagbag.py:587} INFO - Filling up the DagBag from /Users/charme/Documents/Gitub_Repositories/MLOps_AMMI_2024/day7/lab/code/airflow/dags/task3.py
[2024-09-19T14:31:39.621+0000] {processor.py:925} INFO - DAG(s) 'simple_dag_every_5_minutes' retrieved from /Users/charme/Documents/Gitub_Repositories/MLOps_AMMI_2024/day7/lab/code/airflow/dags/task3.py
[2024-09-19T14:31:39.646+0000] {logging_mixin.py:190} INFO - [2024-09-19T14:31:39.645+0000] {dag.py:3229} INFO - Sync 1 DAGs
[2024-09-19T14:31:39.650+0000] {logging_mixin.py:190} INFO - [2024-09-19T14:31:39.650+0000] {dag.py:4156} INFO - Setting next_dagrun for simple_dag_every_5_minutes to 2023-09-18 00:00:00+00:00, run_after=2023-09-18 00:05:00+00:00
[2024-09-19T14:31:39.655+0000] {processor.py:208} INFO - Processing /Users/charme/Documents/Gitub_Repositories/MLOps_AMMI_2024/day7/lab/code/airflow/dags/task3.py took 0.045 seconds
[2024-09-19T14:32:10.459+0000] {processor.py:186} INFO - Started process (PID=37767) to work on /Users/charme/Documents/Gitub_Repositories/MLOps_AMMI_2024/day7/lab/code/airflow/dags/task3.py
[2024-09-19T14:32:10.459+0000] {processor.py:914} INFO - Processing file /Users/charme/Documents/Gitub_Repositories/MLOps_AMMI_2024/day7/lab/code/airflow/dags/task3.py for tasks to queue
[2024-09-19T14:32:10.459+0000] {logging_mixin.py:190} INFO - [2024-09-19T14:32:10.459+0000] {dagbag.py:587} INFO - Filling up the DagBag from /Users/charme/Documents/Gitub_Repositories/MLOps_AMMI_2024/day7/lab/code/airflow/dags/task3.py
[2024-09-19T14:32:10.468+0000] {processor.py:925} INFO - DAG(s) 'simple_dag_every_5_minutes' retrieved from /Users/charme/Documents/Gitub_Repositories/MLOps_AMMI_2024/day7/lab/code/airflow/dags/task3.py
[2024-09-19T14:32:10.492+0000] {logging_mixin.py:190} INFO - [2024-09-19T14:32:10.492+0000] {dag.py:3229} INFO - Sync 1 DAGs
[2024-09-19T14:32:10.497+0000] {logging_mixin.py:190} INFO - [2024-09-19T14:32:10.497+0000] {dag.py:4156} INFO - Setting next_dagrun for simple_dag_every_5_minutes to 2023-09-18 00:00:00+00:00, run_after=2023-09-18 00:05:00+00:00
[2024-09-19T14:32:10.502+0000] {processor.py:208} INFO - Processing /Users/charme/Documents/Gitub_Repositories/MLOps_AMMI_2024/day7/lab/code/airflow/dags/task3.py took 0.044 seconds
[2024-09-19T14:32:41.312+0000] {processor.py:186} INFO - Started process (PID=37878) to work on /Users/charme/Documents/Gitub_Repositories/MLOps_AMMI_2024/day7/lab/code/airflow/dags/task3.py
[2024-09-19T14:32:41.314+0000] {processor.py:914} INFO - Processing file /Users/charme/Documents/Gitub_Repositories/MLOps_AMMI_2024/day7/lab/code/airflow/dags/task3.py for tasks to queue
[2024-09-19T14:32:41.314+0000] {logging_mixin.py:190} INFO - [2024-09-19T14:32:41.314+0000] {dagbag.py:587} INFO - Filling up the DagBag from /Users/charme/Documents/Gitub_Repositories/MLOps_AMMI_2024/day7/lab/code/airflow/dags/task3.py
[2024-09-19T14:32:41.323+0000] {processor.py:925} INFO - DAG(s) 'simple_dag_every_5_minutes' retrieved from /Users/charme/Documents/Gitub_Repositories/MLOps_AMMI_2024/day7/lab/code/airflow/dags/task3.py
[2024-09-19T14:32:41.348+0000] {logging_mixin.py:190} INFO - [2024-09-19T14:32:41.348+0000] {dag.py:3229} INFO - Sync 1 DAGs
[2024-09-19T14:32:41.353+0000] {logging_mixin.py:190} INFO - [2024-09-19T14:32:41.353+0000] {dag.py:4156} INFO - Setting next_dagrun for simple_dag_every_5_minutes to 2023-09-18 00:00:00+00:00, run_after=2023-09-18 00:05:00+00:00
[2024-09-19T14:32:41.358+0000] {processor.py:208} INFO - Processing /Users/charme/Documents/Gitub_Repositories/MLOps_AMMI_2024/day7/lab/code/airflow/dags/task3.py took 0.047 seconds
[2024-09-19T14:33:12.189+0000] {processor.py:186} INFO - Started process (PID=37958) to work on /Users/charme/Documents/Gitub_Repositories/MLOps_AMMI_2024/day7/lab/code/airflow/dags/task3.py
[2024-09-19T14:33:12.190+0000] {processor.py:914} INFO - Processing file /Users/charme/Documents/Gitub_Repositories/MLOps_AMMI_2024/day7/lab/code/airflow/dags/task3.py for tasks to queue
[2024-09-19T14:33:12.191+0000] {logging_mixin.py:190} INFO - [2024-09-19T14:33:12.191+0000] {dagbag.py:587} INFO - Filling up the DagBag from /Users/charme/Documents/Gitub_Repositories/MLOps_AMMI_2024/day7/lab/code/airflow/dags/task3.py
[2024-09-19T14:33:12.200+0000] {processor.py:925} INFO - DAG(s) 'simple_dag_every_5_minutes' retrieved from /Users/charme/Documents/Gitub_Repositories/MLOps_AMMI_2024/day7/lab/code/airflow/dags/task3.py
[2024-09-19T14:33:12.224+0000] {logging_mixin.py:190} INFO - [2024-09-19T14:33:12.224+0000] {dag.py:3229} INFO - Sync 1 DAGs
[2024-09-19T14:33:12.229+0000] {logging_mixin.py:190} INFO - [2024-09-19T14:33:12.229+0000] {dag.py:4156} INFO - Setting next_dagrun for simple_dag_every_5_minutes to 2023-09-18 00:00:00+00:00, run_after=2023-09-18 00:05:00+00:00
[2024-09-19T14:33:12.234+0000] {processor.py:208} INFO - Processing /Users/charme/Documents/Gitub_Repositories/MLOps_AMMI_2024/day7/lab/code/airflow/dags/task3.py took 0.046 seconds
[2024-09-19T14:33:43.081+0000] {processor.py:186} INFO - Started process (PID=38044) to work on /Users/charme/Documents/Gitub_Repositories/MLOps_AMMI_2024/day7/lab/code/airflow/dags/task3.py
[2024-09-19T14:33:43.081+0000] {processor.py:914} INFO - Processing file /Users/charme/Documents/Gitub_Repositories/MLOps_AMMI_2024/day7/lab/code/airflow/dags/task3.py for tasks to queue
[2024-09-19T14:33:43.081+0000] {logging_mixin.py:190} INFO - [2024-09-19T14:33:43.081+0000] {dagbag.py:587} INFO - Filling up the DagBag from /Users/charme/Documents/Gitub_Repositories/MLOps_AMMI_2024/day7/lab/code/airflow/dags/task3.py
[2024-09-19T14:33:43.090+0000] {processor.py:925} INFO - DAG(s) 'simple_dag_every_5_minutes' retrieved from /Users/charme/Documents/Gitub_Repositories/MLOps_AMMI_2024/day7/lab/code/airflow/dags/task3.py
[2024-09-19T14:33:43.115+0000] {logging_mixin.py:190} INFO - [2024-09-19T14:33:43.115+0000] {dag.py:3229} INFO - Sync 1 DAGs
[2024-09-19T14:33:43.120+0000] {logging_mixin.py:190} INFO - [2024-09-19T14:33:43.120+0000] {dag.py:4156} INFO - Setting next_dagrun for simple_dag_every_5_minutes to 2023-09-18 00:00:00+00:00, run_after=2023-09-18 00:05:00+00:00
[2024-09-19T14:33:43.125+0000] {processor.py:208} INFO - Processing /Users/charme/Documents/Gitub_Repositories/MLOps_AMMI_2024/day7/lab/code/airflow/dags/task3.py took 0.046 seconds
[2024-09-19T14:34:13.996+0000] {processor.py:186} INFO - Started process (PID=38127) to work on /Users/charme/Documents/Gitub_Repositories/MLOps_AMMI_2024/day7/lab/code/airflow/dags/task3.py
[2024-09-19T14:34:13.997+0000] {processor.py:914} INFO - Processing file /Users/charme/Documents/Gitub_Repositories/MLOps_AMMI_2024/day7/lab/code/airflow/dags/task3.py for tasks to queue
[2024-09-19T14:34:13.997+0000] {logging_mixin.py:190} INFO - [2024-09-19T14:34:13.997+0000] {dagbag.py:587} INFO - Filling up the DagBag from /Users/charme/Documents/Gitub_Repositories/MLOps_AMMI_2024/day7/lab/code/airflow/dags/task3.py
[2024-09-19T14:34:14.008+0000] {processor.py:925} INFO - DAG(s) 'simple_dag_every_5_minutes' retrieved from /Users/charme/Documents/Gitub_Repositories/MLOps_AMMI_2024/day7/lab/code/airflow/dags/task3.py
[2024-09-19T14:34:14.034+0000] {logging_mixin.py:190} INFO - [2024-09-19T14:34:14.034+0000] {dag.py:3229} INFO - Sync 1 DAGs
[2024-09-19T14:34:14.039+0000] {logging_mixin.py:190} INFO - [2024-09-19T14:34:14.039+0000] {dag.py:4156} INFO - Setting next_dagrun for simple_dag_every_5_minutes to 2023-09-18 00:00:00+00:00, run_after=2023-09-18 00:05:00+00:00
[2024-09-19T14:34:14.044+0000] {processor.py:208} INFO - Processing /Users/charme/Documents/Gitub_Repositories/MLOps_AMMI_2024/day7/lab/code/airflow/dags/task3.py took 0.049 seconds
[2024-09-19T14:34:44.836+0000] {processor.py:186} INFO - Started process (PID=38198) to work on /Users/charme/Documents/Gitub_Repositories/MLOps_AMMI_2024/day7/lab/code/airflow/dags/task3.py
[2024-09-19T14:34:44.837+0000] {processor.py:914} INFO - Processing file /Users/charme/Documents/Gitub_Repositories/MLOps_AMMI_2024/day7/lab/code/airflow/dags/task3.py for tasks to queue
[2024-09-19T14:34:44.837+0000] {logging_mixin.py:190} INFO - [2024-09-19T14:34:44.837+0000] {dagbag.py:587} INFO - Filling up the DagBag from /Users/charme/Documents/Gitub_Repositories/MLOps_AMMI_2024/day7/lab/code/airflow/dags/task3.py
[2024-09-19T14:34:44.845+0000] {processor.py:925} INFO - DAG(s) 'simple_dag_every_5_minutes' retrieved from /Users/charme/Documents/Gitub_Repositories/MLOps_AMMI_2024/day7/lab/code/airflow/dags/task3.py
[2024-09-19T14:34:44.869+0000] {logging_mixin.py:190} INFO - [2024-09-19T14:34:44.869+0000] {dag.py:3229} INFO - Sync 1 DAGs
[2024-09-19T14:34:44.874+0000] {logging_mixin.py:190} INFO - [2024-09-19T14:34:44.874+0000] {dag.py:4156} INFO - Setting next_dagrun for simple_dag_every_5_minutes to 2023-09-18 00:00:00+00:00, run_after=2023-09-18 00:05:00+00:00
[2024-09-19T14:34:44.879+0000] {processor.py:208} INFO - Processing /Users/charme/Documents/Gitub_Repositories/MLOps_AMMI_2024/day7/lab/code/airflow/dags/task3.py took 0.044 seconds
[2024-09-19T14:35:15.785+0000] {processor.py:186} INFO - Started process (PID=38262) to work on /Users/charme/Documents/Gitub_Repositories/MLOps_AMMI_2024/day7/lab/code/airflow/dags/task3.py
[2024-09-19T14:35:15.786+0000] {processor.py:914} INFO - Processing file /Users/charme/Documents/Gitub_Repositories/MLOps_AMMI_2024/day7/lab/code/airflow/dags/task3.py for tasks to queue
[2024-09-19T14:35:15.787+0000] {logging_mixin.py:190} INFO - [2024-09-19T14:35:15.787+0000] {dagbag.py:587} INFO - Filling up the DagBag from /Users/charme/Documents/Gitub_Repositories/MLOps_AMMI_2024/day7/lab/code/airflow/dags/task3.py
[2024-09-19T14:35:15.795+0000] {processor.py:925} INFO - DAG(s) 'simple_dag_every_5_minutes' retrieved from /Users/charme/Documents/Gitub_Repositories/MLOps_AMMI_2024/day7/lab/code/airflow/dags/task3.py
[2024-09-19T14:35:15.819+0000] {logging_mixin.py:190} INFO - [2024-09-19T14:35:15.819+0000] {dag.py:3229} INFO - Sync 1 DAGs
[2024-09-19T14:35:15.824+0000] {logging_mixin.py:190} INFO - [2024-09-19T14:35:15.824+0000] {dag.py:4156} INFO - Setting next_dagrun for simple_dag_every_5_minutes to 2023-09-18 00:00:00+00:00, run_after=2023-09-18 00:05:00+00:00
[2024-09-19T14:35:15.829+0000] {processor.py:208} INFO - Processing /Users/charme/Documents/Gitub_Repositories/MLOps_AMMI_2024/day7/lab/code/airflow/dags/task3.py took 0.044 seconds
[2024-09-19T14:35:46.499+0000] {processor.py:186} INFO - Started process (PID=38328) to work on /Users/charme/Documents/Gitub_Repositories/MLOps_AMMI_2024/day7/lab/code/airflow/dags/task3.py
[2024-09-19T14:35:46.500+0000] {processor.py:914} INFO - Processing file /Users/charme/Documents/Gitub_Repositories/MLOps_AMMI_2024/day7/lab/code/airflow/dags/task3.py for tasks to queue
[2024-09-19T14:35:46.500+0000] {logging_mixin.py:190} INFO - [2024-09-19T14:35:46.500+0000] {dagbag.py:587} INFO - Filling up the DagBag from /Users/charme/Documents/Gitub_Repositories/MLOps_AMMI_2024/day7/lab/code/airflow/dags/task3.py
[2024-09-19T14:35:46.509+0000] {processor.py:925} INFO - DAG(s) 'simple_dag_every_5_minutes' retrieved from /Users/charme/Documents/Gitub_Repositories/MLOps_AMMI_2024/day7/lab/code/airflow/dags/task3.py
[2024-09-19T14:35:46.534+0000] {logging_mixin.py:190} INFO - [2024-09-19T14:35:46.534+0000] {dag.py:3229} INFO - Sync 1 DAGs
[2024-09-19T14:35:46.540+0000] {logging_mixin.py:190} INFO - [2024-09-19T14:35:46.540+0000] {dag.py:4156} INFO - Setting next_dagrun for simple_dag_every_5_minutes to 2023-09-18 00:00:00+00:00, run_after=2023-09-18 00:05:00+00:00
[2024-09-19T14:35:46.544+0000] {processor.py:208} INFO - Processing /Users/charme/Documents/Gitub_Repositories/MLOps_AMMI_2024/day7/lab/code/airflow/dags/task3.py took 0.046 seconds
[2024-09-19T14:36:17.704+0000] {processor.py:186} INFO - Started process (PID=38391) to work on /Users/charme/Documents/Gitub_Repositories/MLOps_AMMI_2024/day7/lab/code/airflow/dags/task3.py
[2024-09-19T14:36:17.705+0000] {processor.py:914} INFO - Processing file /Users/charme/Documents/Gitub_Repositories/MLOps_AMMI_2024/day7/lab/code/airflow/dags/task3.py for tasks to queue
[2024-09-19T14:36:17.706+0000] {logging_mixin.py:190} INFO - [2024-09-19T14:36:17.706+0000] {dagbag.py:587} INFO - Filling up the DagBag from /Users/charme/Documents/Gitub_Repositories/MLOps_AMMI_2024/day7/lab/code/airflow/dags/task3.py
[2024-09-19T14:36:17.714+0000] {processor.py:925} INFO - DAG(s) 'simple_dag_every_5_minutes' retrieved from /Users/charme/Documents/Gitub_Repositories/MLOps_AMMI_2024/day7/lab/code/airflow/dags/task3.py
[2024-09-19T14:36:17.738+0000] {logging_mixin.py:190} INFO - [2024-09-19T14:36:17.738+0000] {dag.py:3229} INFO - Sync 1 DAGs
[2024-09-19T14:36:17.743+0000] {logging_mixin.py:190} INFO - [2024-09-19T14:36:17.743+0000] {dag.py:4156} INFO - Setting next_dagrun for simple_dag_every_5_minutes to 2023-09-18 00:00:00+00:00, run_after=2023-09-18 00:05:00+00:00
[2024-09-19T14:36:17.748+0000] {processor.py:208} INFO - Processing /Users/charme/Documents/Gitub_Repositories/MLOps_AMMI_2024/day7/lab/code/airflow/dags/task3.py took 0.045 seconds
[2024-09-19T14:36:48.882+0000] {processor.py:186} INFO - Started process (PID=38457) to work on /Users/charme/Documents/Gitub_Repositories/MLOps_AMMI_2024/day7/lab/code/airflow/dags/task3.py
[2024-09-19T14:36:48.883+0000] {processor.py:914} INFO - Processing file /Users/charme/Documents/Gitub_Repositories/MLOps_AMMI_2024/day7/lab/code/airflow/dags/task3.py for tasks to queue
[2024-09-19T14:36:48.883+0000] {logging_mixin.py:190} INFO - [2024-09-19T14:36:48.883+0000] {dagbag.py:587} INFO - Filling up the DagBag from /Users/charme/Documents/Gitub_Repositories/MLOps_AMMI_2024/day7/lab/code/airflow/dags/task3.py
[2024-09-19T14:36:48.892+0000] {processor.py:925} INFO - DAG(s) 'simple_dag_every_5_minutes' retrieved from /Users/charme/Documents/Gitub_Repositories/MLOps_AMMI_2024/day7/lab/code/airflow/dags/task3.py
[2024-09-19T14:36:48.916+0000] {logging_mixin.py:190} INFO - [2024-09-19T14:36:48.916+0000] {dag.py:3229} INFO - Sync 1 DAGs
[2024-09-19T14:36:48.921+0000] {logging_mixin.py:190} INFO - [2024-09-19T14:36:48.921+0000] {dag.py:4156} INFO - Setting next_dagrun for simple_dag_every_5_minutes to 2023-09-18 00:00:00+00:00, run_after=2023-09-18 00:05:00+00:00
[2024-09-19T14:36:48.926+0000] {processor.py:208} INFO - Processing /Users/charme/Documents/Gitub_Repositories/MLOps_AMMI_2024/day7/lab/code/airflow/dags/task3.py took 0.045 seconds
[2024-09-19T14:37:19.950+0000] {processor.py:186} INFO - Started process (PID=38522) to work on /Users/charme/Documents/Gitub_Repositories/MLOps_AMMI_2024/day7/lab/code/airflow/dags/task3.py
[2024-09-19T14:37:19.951+0000] {processor.py:914} INFO - Processing file /Users/charme/Documents/Gitub_Repositories/MLOps_AMMI_2024/day7/lab/code/airflow/dags/task3.py for tasks to queue
[2024-09-19T14:37:19.951+0000] {logging_mixin.py:190} INFO - [2024-09-19T14:37:19.951+0000] {dagbag.py:587} INFO - Filling up the DagBag from /Users/charme/Documents/Gitub_Repositories/MLOps_AMMI_2024/day7/lab/code/airflow/dags/task3.py
[2024-09-19T14:37:19.960+0000] {processor.py:925} INFO - DAG(s) 'simple_dag_every_5_minutes' retrieved from /Users/charme/Documents/Gitub_Repositories/MLOps_AMMI_2024/day7/lab/code/airflow/dags/task3.py
[2024-09-19T14:37:19.983+0000] {logging_mixin.py:190} INFO - [2024-09-19T14:37:19.983+0000] {dag.py:3229} INFO - Sync 1 DAGs
[2024-09-19T14:37:19.988+0000] {logging_mixin.py:190} INFO - [2024-09-19T14:37:19.988+0000] {dag.py:4156} INFO - Setting next_dagrun for simple_dag_every_5_minutes to 2023-09-18 00:00:00+00:00, run_after=2023-09-18 00:05:00+00:00
[2024-09-19T14:37:19.993+0000] {processor.py:208} INFO - Processing /Users/charme/Documents/Gitub_Repositories/MLOps_AMMI_2024/day7/lab/code/airflow/dags/task3.py took 0.044 seconds
[2024-09-19T14:37:50.955+0000] {processor.py:186} INFO - Started process (PID=38587) to work on /Users/charme/Documents/Gitub_Repositories/MLOps_AMMI_2024/day7/lab/code/airflow/dags/task3.py
[2024-09-19T14:37:50.956+0000] {processor.py:914} INFO - Processing file /Users/charme/Documents/Gitub_Repositories/MLOps_AMMI_2024/day7/lab/code/airflow/dags/task3.py for tasks to queue
[2024-09-19T14:37:50.956+0000] {logging_mixin.py:190} INFO - [2024-09-19T14:37:50.956+0000] {dagbag.py:587} INFO - Filling up the DagBag from /Users/charme/Documents/Gitub_Repositories/MLOps_AMMI_2024/day7/lab/code/airflow/dags/task3.py
[2024-09-19T14:37:50.964+0000] {processor.py:925} INFO - DAG(s) 'simple_dag_every_5_minutes' retrieved from /Users/charme/Documents/Gitub_Repositories/MLOps_AMMI_2024/day7/lab/code/airflow/dags/task3.py
[2024-09-19T14:37:50.989+0000] {logging_mixin.py:190} INFO - [2024-09-19T14:37:50.989+0000] {dag.py:3229} INFO - Sync 1 DAGs
[2024-09-19T14:37:50.994+0000] {logging_mixin.py:190} INFO - [2024-09-19T14:37:50.994+0000] {dag.py:4156} INFO - Setting next_dagrun for simple_dag_every_5_minutes to 2023-09-18 00:00:00+00:00, run_after=2023-09-18 00:05:00+00:00
[2024-09-19T14:37:50.999+0000] {processor.py:208} INFO - Processing /Users/charme/Documents/Gitub_Repositories/MLOps_AMMI_2024/day7/lab/code/airflow/dags/task3.py took 0.045 seconds
[2024-09-19T14:38:22.053+0000] {processor.py:186} INFO - Started process (PID=38649) to work on /Users/charme/Documents/Gitub_Repositories/MLOps_AMMI_2024/day7/lab/code/airflow/dags/task3.py
[2024-09-19T14:38:22.054+0000] {processor.py:914} INFO - Processing file /Users/charme/Documents/Gitub_Repositories/MLOps_AMMI_2024/day7/lab/code/airflow/dags/task3.py for tasks to queue
[2024-09-19T14:38:22.054+0000] {logging_mixin.py:190} INFO - [2024-09-19T14:38:22.054+0000] {dagbag.py:587} INFO - Filling up the DagBag from /Users/charme/Documents/Gitub_Repositories/MLOps_AMMI_2024/day7/lab/code/airflow/dags/task3.py
[2024-09-19T14:38:22.064+0000] {processor.py:925} INFO - DAG(s) 'simple_dag_every_5_minutes' retrieved from /Users/charme/Documents/Gitub_Repositories/MLOps_AMMI_2024/day7/lab/code/airflow/dags/task3.py
[2024-09-19T14:38:22.088+0000] {logging_mixin.py:190} INFO - [2024-09-19T14:38:22.088+0000] {dag.py:3229} INFO - Sync 1 DAGs
[2024-09-19T14:38:22.093+0000] {logging_mixin.py:190} INFO - [2024-09-19T14:38:22.093+0000] {dag.py:4156} INFO - Setting next_dagrun for simple_dag_every_5_minutes to 2023-09-18 00:00:00+00:00, run_after=2023-09-18 00:05:00+00:00
[2024-09-19T14:38:22.098+0000] {processor.py:208} INFO - Processing /Users/charme/Documents/Gitub_Repositories/MLOps_AMMI_2024/day7/lab/code/airflow/dags/task3.py took 0.046 seconds
[2024-09-19T14:38:53.081+0000] {processor.py:186} INFO - Started process (PID=38716) to work on /Users/charme/Documents/Gitub_Repositories/MLOps_AMMI_2024/day7/lab/code/airflow/dags/task3.py
[2024-09-19T14:38:53.082+0000] {processor.py:914} INFO - Processing file /Users/charme/Documents/Gitub_Repositories/MLOps_AMMI_2024/day7/lab/code/airflow/dags/task3.py for tasks to queue
[2024-09-19T14:38:53.082+0000] {logging_mixin.py:190} INFO - [2024-09-19T14:38:53.082+0000] {dagbag.py:587} INFO - Filling up the DagBag from /Users/charme/Documents/Gitub_Repositories/MLOps_AMMI_2024/day7/lab/code/airflow/dags/task3.py
[2024-09-19T14:38:53.092+0000] {processor.py:925} INFO - DAG(s) 'simple_dag_every_5_minutes' retrieved from /Users/charme/Documents/Gitub_Repositories/MLOps_AMMI_2024/day7/lab/code/airflow/dags/task3.py
[2024-09-19T14:38:53.119+0000] {logging_mixin.py:190} INFO - [2024-09-19T14:38:53.119+0000] {dag.py:3229} INFO - Sync 1 DAGs
[2024-09-19T14:38:53.124+0000] {logging_mixin.py:190} INFO - [2024-09-19T14:38:53.124+0000] {dag.py:4156} INFO - Setting next_dagrun for simple_dag_every_5_minutes to 2023-09-18 00:00:00+00:00, run_after=2023-09-18 00:05:00+00:00
[2024-09-19T14:38:53.130+0000] {processor.py:208} INFO - Processing /Users/charme/Documents/Gitub_Repositories/MLOps_AMMI_2024/day7/lab/code/airflow/dags/task3.py took 0.050 seconds
[2024-09-19T14:39:24.432+0000] {processor.py:186} INFO - Started process (PID=38804) to work on /Users/charme/Documents/Gitub_Repositories/MLOps_AMMI_2024/day7/lab/code/airflow/dags/task3.py
[2024-09-19T14:39:24.433+0000] {processor.py:914} INFO - Processing file /Users/charme/Documents/Gitub_Repositories/MLOps_AMMI_2024/day7/lab/code/airflow/dags/task3.py for tasks to queue
[2024-09-19T14:39:24.433+0000] {logging_mixin.py:190} INFO - [2024-09-19T14:39:24.433+0000] {dagbag.py:587} INFO - Filling up the DagBag from /Users/charme/Documents/Gitub_Repositories/MLOps_AMMI_2024/day7/lab/code/airflow/dags/task3.py
[2024-09-19T14:39:24.442+0000] {processor.py:925} INFO - DAG(s) 'simple_dag_every_5_minutes' retrieved from /Users/charme/Documents/Gitub_Repositories/MLOps_AMMI_2024/day7/lab/code/airflow/dags/task3.py
[2024-09-19T14:39:24.466+0000] {logging_mixin.py:190} INFO - [2024-09-19T14:39:24.466+0000] {dag.py:3229} INFO - Sync 1 DAGs
[2024-09-19T14:39:24.471+0000] {logging_mixin.py:190} INFO - [2024-09-19T14:39:24.471+0000] {dag.py:4156} INFO - Setting next_dagrun for simple_dag_every_5_minutes to 2023-09-18 00:00:00+00:00, run_after=2023-09-18 00:05:00+00:00
[2024-09-19T14:39:24.475+0000] {processor.py:208} INFO - Processing /Users/charme/Documents/Gitub_Repositories/MLOps_AMMI_2024/day7/lab/code/airflow/dags/task3.py took 0.045 seconds
